<?xml version="1.0" encoding="UTF-8" ?>
<testsuites name="vitest tests" tests="7" failures="1" errors="0" time="1.612557718">
    <testsuite name="tests/integration/auth.test.ts" timestamp="2026-01-09T18:58:56.418Z" hostname="eba8fab8ce80" tests="7" failures="1" errors="0" skipped="0" time="1.612557718">
        <testcase classname="tests/integration/auth.test.ts" name="Authentication &gt; POST /api/auth/login &gt; returns 400 if username or password missing" time="0.163020671">
            <failure message="expected { code: &apos;VALIDATION_ERROR&apos;, …(2) } to be &apos;Username and password required&apos; // Object.is equality" type="AssertionError">
AssertionError: expected { code: &apos;VALIDATION_ERROR&apos;, …(2) } to be &apos;Username and password required&apos; // Object.is equality

- Expected: 
&quot;Username and password required&quot;

+ Received: 
{
  &quot;code&quot;: &quot;VALIDATION_ERROR&quot;,
  &quot;details&quot;: [
    {
      &quot;message&quot;: &quot;Required&quot;,
      &quot;path&quot;: &quot;password&quot;,
    },
  ],
  &quot;message&quot;: &quot;Invalid request&quot;,
}

 ❯ tests/integration/auth.test.ts:14:30
            </failure>
        </testcase>
        <testcase classname="tests/integration/auth.test.ts" name="Authentication &gt; POST /api/auth/login &gt; returns 401 for invalid credentials" time="0.202085041">
        </testcase>
        <testcase classname="tests/integration/auth.test.ts" name="Authentication &gt; POST /api/auth/login &gt; validates login endpoint exists and handles requests" time="0.172507533">
        </testcase>
        <testcase classname="tests/integration/auth.test.ts" name="Authentication &gt; GET /api/auth/session &gt; returns authenticated: false when not logged in" time="0.224918334">
        </testcase>
        <testcase classname="tests/integration/auth.test.ts" name="Authentication &gt; GET /api/auth/session &gt; validates session endpoint works correctly" time="0.183011025">
        </testcase>
        <testcase classname="tests/integration/auth.test.ts" name="Authentication &gt; Protected Routes &gt; blocks access to protected routes when not logged in" time="0.235011663">
        </testcase>
        <testcase classname="tests/integration/auth.test.ts" name="Authentication &gt; Protected Routes &gt; verifies master-only route requires authentication" time="0.19949148">
        </testcase>
    </testsuite>
</testsuites>
