<?xml version="1.0" encoding="UTF-8" ?>
<testsuites name="vitest tests" tests="81" failures="0" errors="0" time="23.62010848">
    <testsuite name="tests/api/appointment.test.ts" timestamp="2026-01-09T20:45:34.014Z" hostname="3f888e78befd" tests="5" failures="0" errors="0" skipped="0" time="1.631301471">
        <testcase classname="tests/api/appointment.test.ts" name="P0-FORM-5: Appointment Booking &gt; POST /api/appointments &gt; returns 200/201 with valid payload" time="0.422879392">
            <system-out>
[GHL] Appointment contact created successfully

            </system-out>
        </testcase>
        <testcase classname="tests/api/appointment.test.ts" name="P0-FORM-5: Appointment Booking &gt; POST /api/appointments &gt; returns 400 VALIDATION_ERROR when required fields missing" time="0.169385717">
        </testcase>
        <testcase classname="tests/api/appointment.test.ts" name="P0-FORM-5: Appointment Booking &gt; POST /api/appointments &gt; returns 400 VALIDATION_ERROR when appointmentType invalid" time="0.286838012">
        </testcase>
        <testcase classname="tests/api/appointment.test.ts" name="P0-FORM-5: Appointment Booking &gt; POST /api/appointments &gt; returns 400 VALIDATION_ERROR when email invalid" time="0.191297265">
        </testcase>
        <testcase classname="tests/api/appointment.test.ts" name="P0-FORM-5: Appointment Booking &gt; POST /api/appointments &gt; returns 400 VALIDATION_ERROR for extra unknown fields (strict schema)" time="0.346235032">
        </testcase>
    </testsuite>
    <testsuite name="tests/api/tradein.test.ts" timestamp="2026-01-09T20:45:34.021Z" hostname="3f888e78befd" tests="5" failures="0" errors="0" skipped="0" time="1.506668131">
        <testcase classname="tests/api/tradein.test.ts" name="P0-FORM-3: Trade-In Request &gt; POST /api/trade-in &gt; returns 200/201 with valid payload" time="0.443132188">
            <system-out>
[GHL] Trade-in contact created successfully

            </system-out>
        </testcase>
        <testcase classname="tests/api/tradein.test.ts" name="P0-FORM-3: Trade-In Request &gt; POST /api/trade-in &gt; returns 400 VALIDATION_ERROR when required fields missing" time="0.171246597">
        </testcase>
        <testcase classname="tests/api/tradein.test.ts" name="P0-FORM-3: Trade-In Request &gt; POST /api/trade-in &gt; returns 400 VALIDATION_ERROR when condition invalid" time="0.186254856">
        </testcase>
        <testcase classname="tests/api/tradein.test.ts" name="P0-FORM-3: Trade-In Request &gt; POST /api/trade-in &gt; returns 400 VALIDATION_ERROR when email invalid" time="0.162811075">
        </testcase>
        <testcase classname="tests/api/tradein.test.ts" name="P0-FORM-3: Trade-In Request &gt; POST /api/trade-in &gt; returns 400 VALIDATION_ERROR for extra unknown fields (strict schema)" time="0.187194114">
        </testcase>
    </testsuite>
    <testsuite name="tests/api/inventory.test.ts" timestamp="2026-01-09T20:45:34.027Z" hostname="3f888e78befd" tests="13" failures="0" errors="0" skipped="0" time="3.658534816">
        <testcase classname="tests/api/inventory.test.ts" name="P0-CRUD-1: Create Vehicle &gt; POST /api/inventory &gt; returns 201 with valid payload (authenticated)" time="0.242271747">
        </testcase>
        <testcase classname="tests/api/inventory.test.ts" name="P0-CRUD-1: Create Vehicle &gt; POST /api/inventory &gt; requires authentication for creation" time="0.189817966">
        </testcase>
        <testcase classname="tests/api/inventory.test.ts" name="P0-CRUD-1: Create Vehicle &gt; POST /api/inventory &gt; returns 400 VALIDATION_ERROR when required fields missing" time="0.26304865">
        </testcase>
        <testcase classname="tests/api/inventory.test.ts" name="P0-CRUD-1: Create Vehicle &gt; POST /api/inventory &gt; returns 400 VALIDATION_ERROR for extra unknown fields (strict schema)" time="0.474456735">
        </testcase>
        <testcase classname="tests/api/inventory.test.ts" name="P0-CRUD-2: Edit Vehicle &gt; PATCH /api/inventory/:id &gt; returns 200 with valid update (authenticated)" time="0.240760448">
        </testcase>
        <testcase classname="tests/api/inventory.test.ts" name="P0-CRUD-2: Edit Vehicle &gt; PATCH /api/inventory/:id &gt; returns 401 when not authenticated" time="0.179651103">
        </testcase>
        <testcase classname="tests/api/inventory.test.ts" name="P0-CRUD-2: Edit Vehicle &gt; PATCH /api/inventory/:id &gt; returns 400 VALIDATION_ERROR for invalid price" time="0.403095738">
        </testcase>
        <testcase classname="tests/api/inventory.test.ts" name="P0-CRUD-2: Edit Vehicle &gt; PATCH /api/inventory/:id &gt; returns 400 VALIDATION_ERROR for extra unknown fields (strict schema)" time="0.253219726">
        </testcase>
        <testcase classname="tests/api/inventory.test.ts" name="P0-CRUD-3: Delete Vehicle &gt; DELETE /api/inventory/:id &gt; returns 200 when deleting (authenticated)" time="0.390062171">
        </testcase>
        <testcase classname="tests/api/inventory.test.ts" name="P0-CRUD-3: Delete Vehicle &gt; DELETE /api/inventory/:id &gt; returns 401 when not authenticated" time="0.173317979">
        </testcase>
        <testcase classname="tests/api/inventory.test.ts" name="P0-PUB-1: Public Inventory Listing &gt; GET /api/inventory &gt; returns 200 with array of vehicles" time="0.171049549">
        </testcase>
        <testcase classname="tests/api/inventory.test.ts" name="P0-PUB-2: Public Vehicle Details &gt; GET /api/inventory/:idOrSlug &gt; returns 200 for existing vehicle" time="0.307810143">
        </testcase>
        <testcase classname="tests/api/inventory.test.ts" name="P0-PUB-2: Public Vehicle Details &gt; GET /api/inventory/:idOrSlug &gt; returns 404 for non-existent vehicle" time="0.167501053">
        </testcase>
    </testsuite>
    <testsuite name="tests/integration/settings.test.ts" timestamp="2026-01-09T20:45:34.038Z" hostname="3f888e78befd" tests="3" failures="0" errors="0" skipped="0" time="0.828424369">
        <testcase classname="tests/integration/settings.test.ts" name="Settings API &gt; GET /api/settings &gt; returns 200 and site settings object" time="0.18717384">
        </testcase>
        <testcase classname="tests/integration/settings.test.ts" name="Settings API &gt; GET /api/settings &gt; returns expected settings fields" time="0.151565909">
        </testcase>
        <testcase classname="tests/integration/settings.test.ts" name="Settings API &gt; PATCH /api/settings (protected) &gt; returns 401 when not authenticated" time="0.290061841">
        </testcase>
    </testsuite>
    <testsuite name="tests/api/seller.test.ts" timestamp="2026-01-09T20:45:34.045Z" hostname="3f888e78befd" tests="8" failures="0" errors="0" skipped="0" time="1.697079684">
        <testcase classname="tests/api/seller.test.ts" name="P0-AUTH-4: Seller Portal Phone Authentication &gt; POST /api/seller/send-code &gt; returns 200 with valid phone number" time="0.158109794">
        </testcase>
        <testcase classname="tests/api/seller.test.ts" name="P0-AUTH-4: Seller Portal Phone Authentication &gt; POST /api/seller/send-code &gt; returns 400 VALIDATION_ERROR when phone missing" time="0.212064627">
        </testcase>
        <testcase classname="tests/api/seller.test.ts" name="P0-AUTH-4: Seller Portal Phone Authentication &gt; POST /api/seller/send-code &gt; returns 400 VALIDATION_ERROR when phone too short" time="0.177525698">
        </testcase>
        <testcase classname="tests/api/seller.test.ts" name="P0-AUTH-4: Seller Portal Phone Authentication &gt; POST /api/seller/send-code &gt; returns 400 VALIDATION_ERROR for extra unknown fields (strict schema)" time="0.165583289">
        </testcase>
        <testcase classname="tests/api/seller.test.ts" name="P0-AUTH-4: Seller Portal Phone Authentication &gt; POST /api/seller/verify &gt; returns 400 VALIDATION_ERROR when phone missing" time="0.165884317">
        </testcase>
        <testcase classname="tests/api/seller.test.ts" name="P0-AUTH-4: Seller Portal Phone Authentication &gt; POST /api/seller/verify &gt; returns 400 VALIDATION_ERROR when code missing" time="0.293376533">
        </testcase>
        <testcase classname="tests/api/seller.test.ts" name="P0-AUTH-4: Seller Portal Phone Authentication &gt; POST /api/seller/verify &gt; returns 400 VALIDATION_ERROR when code is wrong length" time="0.172744471">
        </testcase>
        <testcase classname="tests/api/seller.test.ts" name="P0-AUTH-4: Seller Portal Phone Authentication &gt; POST /api/seller/verify &gt; returns 400 VALIDATION_ERROR for extra unknown fields (strict schema)" time="0.149014156">
        </testcase>
    </testsuite>
    <testsuite name="tests/integration/auth.test.ts" timestamp="2026-01-09T20:45:34.053Z" hostname="3f888e78befd" tests="7" failures="0" errors="0" skipped="0" time="2.017454123">
        <testcase classname="tests/integration/auth.test.ts" name="Authentication &gt; POST /api/auth/login &gt; returns 400 if username or password missing" time="0.21268495">
        </testcase>
        <testcase classname="tests/integration/auth.test.ts" name="Authentication &gt; POST /api/auth/login &gt; returns 401 for invalid credentials" time="0.199714216">
        </testcase>
        <testcase classname="tests/integration/auth.test.ts" name="Authentication &gt; POST /api/auth/login &gt; validates login endpoint exists and handles requests" time="0.16144202">
        </testcase>
        <testcase classname="tests/integration/auth.test.ts" name="Authentication &gt; GET /api/auth/session &gt; returns authenticated: false when not logged in" time="0.232922515">
        </testcase>
        <testcase classname="tests/integration/auth.test.ts" name="Authentication &gt; GET /api/auth/session &gt; validates session endpoint works correctly" time="0.437756531">
        </testcase>
        <testcase classname="tests/integration/auth.test.ts" name="Authentication &gt; Protected Routes &gt; blocks access to protected routes when not logged in" time="0.167058526">
        </testcase>
        <testcase classname="tests/integration/auth.test.ts" name="Authentication &gt; Protected Routes &gt; verifies master-only route requires authentication" time="0.193898485">
        </testcase>
    </testsuite>
    <testsuite name="tests/api/creditapp.test.ts" timestamp="2026-01-09T20:45:34.060Z" hostname="3f888e78befd" tests="5" failures="0" errors="0" skipped="0" time="1.774517019">
        <testcase classname="tests/api/creditapp.test.ts" name="P0-FORM-4: Credit Application &gt; POST /api/credit-applications &gt; returns 201 with valid payload" time="0.627060997">
            <system-out>
[GHL] Credit application contact created successfully

            </system-out>
        </testcase>
        <testcase classname="tests/api/creditapp.test.ts" name="P0-FORM-4: Credit Application &gt; POST /api/credit-applications &gt; returns 400 VALIDATION_ERROR when required fields missing" time="0.172269957">
        </testcase>
        <testcase classname="tests/api/creditapp.test.ts" name="P0-FORM-4: Credit Application &gt; POST /api/credit-applications &gt; returns 400 VALIDATION_ERROR when email invalid" time="0.25137734">
        </testcase>
        <testcase classname="tests/api/creditapp.test.ts" name="P0-FORM-4: Credit Application &gt; POST /api/credit-applications &gt; returns 400 VALIDATION_ERROR when monthlyIncome is negative" time="0.191900335">
        </testcase>
        <testcase classname="tests/api/creditapp.test.ts" name="P0-FORM-4: Credit Application &gt; POST /api/credit-applications &gt; returns 400 VALIDATION_ERROR for extra unknown fields (strict schema)" time="0.183397942">
        </testcase>
    </testsuite>
    <testsuite name="tests/integration/public-forms.test.ts" timestamp="2026-01-09T20:45:34.066Z" hostname="3f888e78befd" tests="7" failures="0" errors="0" skipped="0" time="1.799536383">
        <testcase classname="tests/integration/public-forms.test.ts" name="Public Form Submissions &gt; POST /api/vehicle-inquiry &gt; returns 400 for missing required fields" time="0.168134152">
        </testcase>
        <testcase classname="tests/integration/public-forms.test.ts" name="Public Form Submissions &gt; POST /api/vehicle-inquiry &gt; returns 201 for valid inquiry submission" time="0.310694849">
        </testcase>
        <testcase classname="tests/integration/public-forms.test.ts" name="Public Form Submissions &gt; POST /api/trade-in &gt; returns 400 for missing required fields" time="0.170637915">
        </testcase>
        <testcase classname="tests/integration/public-forms.test.ts" name="Public Form Submissions &gt; POST /api/trade-in &gt; accepts valid trade-in submission" time="0.422498025">
        </testcase>
        <testcase classname="tests/integration/public-forms.test.ts" name="Public Form Submissions &gt; POST /api/appointments &gt; returns 400 for missing required fields" time="0.192408738">
        </testcase>
        <testcase classname="tests/integration/public-forms.test.ts" name="Public Form Submissions &gt; POST /api/credit-applications &gt; returns 400 for missing required fields" time="0.152415366">
        </testcase>
        <testcase classname="tests/integration/public-forms.test.ts" name="Public Form Submissions &gt; POST /api/consignments &gt; returns 400 for missing required fields" time="0.184651766">
        </testcase>
    </testsuite>
    <testsuite name="tests/integration/health.test.ts" timestamp="2026-01-09T20:45:34.073Z" hostname="3f888e78befd" tests="1" failures="0" errors="0" skipped="0" time="0.40820104">
        <testcase classname="tests/integration/health.test.ts" name="Health Endpoint &gt; GET /api/health returns 200 and status ok" time="0.21682009">
        </testcase>
    </testsuite>
    <testsuite name="tests/api/auth.test.ts" timestamp="2026-01-09T20:45:34.074Z" hostname="3f888e78befd" tests="8" failures="0" errors="0" skipped="0" time="2.30320988">
        <testcase classname="tests/api/auth.test.ts" name="P0-AUTH: Authentication Endpoints &gt; POST /api/auth/login (P0-AUTH-1) &gt; returns 200 with valid credentials" time="0.262969817">
        </testcase>
        <testcase classname="tests/api/auth.test.ts" name="P0-AUTH: Authentication Endpoints &gt; POST /api/auth/login (P0-AUTH-1) &gt; returns 400 when username missing" time="0.161617">
        </testcase>
        <testcase classname="tests/api/auth.test.ts" name="P0-AUTH: Authentication Endpoints &gt; POST /api/auth/login (P0-AUTH-1) &gt; returns 400 when password missing" time="0.346240041">
        </testcase>
        <testcase classname="tests/api/auth.test.ts" name="P0-AUTH: Authentication Endpoints &gt; POST /api/auth/login (P0-AUTH-1) &gt; returns 400 VALIDATION_ERROR for extra unknown fields (strict schema)" time="0.168647405">
        </testcase>
        <testcase classname="tests/api/auth.test.ts" name="P0-AUTH: Authentication Endpoints &gt; POST /api/auth/login (P0-AUTH-1) &gt; returns 401 for invalid password" time="0.246790697">
        </testcase>
        <testcase classname="tests/api/auth.test.ts" name="P0-AUTH: Authentication Endpoints &gt; POST /api/auth/logout (P0-AUTH-2) &gt; returns 200 and clears session" time="0.311137044">
        </testcase>
        <testcase classname="tests/api/auth.test.ts" name="P0-AUTH: Authentication Endpoints &gt; GET /api/auth/session (P0-AUTH-3) &gt; returns authenticated:false when not logged in" time="0.212478136">
        </testcase>
        <testcase classname="tests/api/auth.test.ts" name="P0-AUTH: Authentication Endpoints &gt; GET /api/auth/session (P0-AUTH-3) &gt; returns authenticated:true after login" time="0.390664609">
        </testcase>
    </testsuite>
    <testsuite name="tests/api/inquiry.test.ts" timestamp="2026-01-09T20:45:34.083Z" hostname="3f888e78befd" tests="4" failures="0" errors="0" skipped="0" time="1.409640255">
        <testcase classname="tests/api/inquiry.test.ts" name="P0-FORM-2: Vehicle Inquiry &gt; POST /api/vehicle-inquiry &gt; returns 200/201 with valid payload" time="0.313353258">
            <system-out>
[Inquiry] Saved inquiry c17ab2df-c1f1-4cc0-b6ab-ed325e9c3c63 for vehicle bec57370-5a1a-49fe-99e9-4cd57fbfef60

            </system-out>
        </testcase>
        <testcase classname="tests/api/inquiry.test.ts" name="P0-FORM-2: Vehicle Inquiry &gt; POST /api/vehicle-inquiry &gt; returns 400 VALIDATION_ERROR when buyerEmail invalid" time="0.285228115">
        </testcase>
        <testcase classname="tests/api/inquiry.test.ts" name="P0-FORM-2: Vehicle Inquiry &gt; POST /api/vehicle-inquiry &gt; returns 400 VALIDATION_ERROR when required fields missing" time="0.17061313">
        </testcase>
        <testcase classname="tests/api/inquiry.test.ts" name="P0-FORM-2: Vehicle Inquiry &gt; POST /api/vehicle-inquiry &gt; returns 400 VALIDATION_ERROR for extra unknown fields (strict schema)" time="0.272022359">
        </testcase>
    </testsuite>
    <testsuite name="tests/api/consignment.test.ts" timestamp="2026-01-09T20:45:34.090Z" hostname="3f888e78befd" tests="10" failures="0" errors="0" skipped="0" time="2.642490437">
        <testcase classname="tests/api/consignment.test.ts" name="P0-FORM-1: Consignment Submission &gt; POST /api/consignments &gt; validates payload format (phone verification required for success)" time="0.174488825">
        </testcase>
        <testcase classname="tests/api/consignment.test.ts" name="P0-FORM-1: Consignment Submission &gt; POST /api/consignments &gt; returns 400 VALIDATION_ERROR when required fields missing" time="0.190143842">
        </testcase>
        <testcase classname="tests/api/consignment.test.ts" name="P0-FORM-1: Consignment Submission &gt; POST /api/consignments &gt; returns 400 VALIDATION_ERROR when email invalid" time="0.285251937">
        </testcase>
        <testcase classname="tests/api/consignment.test.ts" name="P0-FORM-1: Consignment Submission &gt; POST /api/consignments &gt; returns 400 VALIDATION_ERROR for extra unknown fields (strict schema)" time="0.170393664">
        </testcase>
        <testcase classname="tests/api/consignment.test.ts" name="P0-CRUD-4: Consignment Status Update &gt; PATCH /api/consignments/:id/status &gt; handles status update for existing consignment (authenticated)" time="0.487429039">
        </testcase>
        <testcase classname="tests/api/consignment.test.ts" name="P0-CRUD-4: Consignment Status Update &gt; PATCH /api/consignments/:id/status &gt; returns 401 when not authenticated" time="0.203797216">
        </testcase>
        <testcase classname="tests/api/consignment.test.ts" name="P0-CRUD-4: Consignment Status Update &gt; PATCH /api/consignments/:id/status &gt; returns 400 VALIDATION_ERROR for invalid status value" time="0.283838497">
        </testcase>
        <testcase classname="tests/api/consignment.test.ts" name="P0-CRUD-4: Consignment Status Update &gt; PATCH /api/consignments/:id/status &gt; returns 400 VALIDATION_ERROR for invalid id param" time="0.241522848">
        </testcase>
        <testcase classname="tests/api/consignment.test.ts" name="P0-CRUD-5: Convert Consignment to Inventory &gt; POST /api/consignments/:id/approve &gt; handles consignment approval (authenticated)" time="0.242765706">
        </testcase>
        <testcase classname="tests/api/consignment.test.ts" name="P0-CRUD-5: Convert Consignment to Inventory &gt; POST /api/consignments/:id/approve &gt; returns 401 when not authenticated" time="0.167703119">
        </testcase>
    </testsuite>
    <testsuite name="tests/integration/inventory.test.ts" timestamp="2026-01-09T20:45:34.101Z" hostname="3f888e78befd" tests="5" failures="0" errors="0" skipped="0" time="1.943050872">
        <testcase classname="tests/integration/inventory.test.ts" name="Inventory API &gt; GET /api/inventory &gt; returns 200 and array of vehicles" time="0.189125954">
        </testcase>
        <testcase classname="tests/integration/inventory.test.ts" name="Inventory API &gt; GET /api/inventory &gt; returns vehicles with expected fields" time="0.330898578">
        </testcase>
        <testcase classname="tests/integration/inventory.test.ts" name="Inventory API &gt; GET /api/inventory &gt; filters by status=available" time="0.184850112">
        </testcase>
        <testcase classname="tests/integration/inventory.test.ts" name="Inventory API &gt; GET /api/inventory/sold &gt; returns 200 and array of sold vehicles" time="0.203949287">
        </testcase>
        <testcase classname="tests/integration/inventory.test.ts" name="Inventory API &gt; GET /api/vehicle-makes &gt; returns 200 and array of makes" time="0.795406558">
        </testcase>
    </testsuite>
</testsuites>
