{"/home/runner/workspace/server/app.ts": {"path":"/home/runner/workspace/server/app.ts","statementMap":{"0":{"start":{"line":26,"column":8},"end":{"line":26,"column":null}},"1":{"start":{"line":27,"column":8},"end":{"line":27,"column":null}},"2":{"start":{"line":29,"column":8},"end":{"line":29,"column":null}},"3":{"start":{"line":31,"column":2},"end":{"line":46,"column":null}},"4":{"start":{"line":48,"column":2},"end":{"line":48,"column":null}},"5":{"start":{"line":50,"column":2},"end":{"line":56,"column":null}},"6":{"start":{"line":53,"column":8},"end":{"line":53,"column":null}},"7":{"start":{"line":58,"column":2},"end":{"line":58,"column":null}},"8":{"start":{"line":60,"column":2},"end":{"line":60,"column":null}},"9":{"start":{"line":62,"column":2},"end":{"line":65,"column":null}},"10":{"start":{"line":63,"column":4},"end":{"line":63,"column":null}},"11":{"start":{"line":64,"column":4},"end":{"line":64,"column":null}},"12":{"start":{"line":67,"column":29},"end":{"line":67,"column":null}},"13":{"start":{"line":68,"column":2},"end":{"line":68,"column":null}},"14":{"start":{"line":70,"column":2},"end":{"line":74,"column":null}},"15":{"start":{"line":71,"column":19},"end":{"line":71,"column":null}},"16":{"start":{"line":72,"column":20},"end":{"line":72,"column":null}},"17":{"start":{"line":73,"column":4},"end":{"line":73,"column":null}},"18":{"start":{"line":76,"column":2},"end":{"line":76,"column":null}}},"fnMap":{"0":{"name":"createApp","decl":{"start":{"line":25,"column":22},"end":{"line":25,"column":34}},"loc":{"start":{"line":25,"column":34},"end":{"line":77,"column":null}},"line":25},"1":{"name":"(anonymous_1)","decl":{"start":{"line":52,"column":14},"end":{"line":52,"column":15}},"loc":{"start":{"line":52,"column":34},"end":{"line":54,"column":null}},"line":52},"2":{"name":"(anonymous_2)","decl":{"start":{"line":70,"column":10},"end":{"line":70,"column":11}},"loc":{"start":{"line":70,"column":75},"end":{"line":74,"column":3}},"line":70}},"branchMap":{"0":{"loc":{"start":{"line":33,"column":14},"end":{"line":33,"column":null}},"type":"binary-expr","locations":[{"start":{"line":33,"column":14},"end":{"line":33,"column":44}},{"start":{"line":33,"column":44},"end":{"line":33,"column":null}}],"line":33},"1":{"loc":{"start":{"line":62,"column":2},"end":{"line":65,"column":null}},"type":"if","locations":[{"start":{"line":62,"column":2},"end":{"line":65,"column":null}},{"start":{},"end":{}}],"line":62},"2":{"loc":{"start":{"line":71,"column":19},"end":{"line":71,"column":null}},"type":"binary-expr","locations":[{"start":{"line":71,"column":19},"end":{"line":71,"column":33}},{"start":{"line":71,"column":33},"end":{"line":71,"column":51}},{"start":{"line":71,"column":51},"end":{"line":71,"column":null}}],"line":71},"3":{"loc":{"start":{"line":72,"column":20},"end":{"line":72,"column":null}},"type":"binary-expr","locations":[{"start":{"line":72,"column":20},"end":{"line":72,"column":35}},{"start":{"line":72,"column":35},"end":{"line":72,"column":null}}],"line":72}},"s":{"0":8,"1":8,"2":8,"3":8,"4":8,"5":8,"6":73,"7":8,"8":8,"9":8,"10":0,"11":0,"12":8,"13":8,"14":8,"15":0,"16":0,"17":0,"18":8},"f":{"0":8,"1":73,"2":0},"b":{"0":[8,0],"1":[0,8],"2":[0,0,0],"3":[0,0]},"meta":{"lastBranch":4,"lastFunction":3,"lastStatement":19,"seen":{"f:25:22:25:34":0,"s:26:8:26:Infinity":0,"s:27:8:27:Infinity":1,"s:29:8:29:Infinity":2,"s:31:2:46:Infinity":3,"b:33:14:33:44:33:44:33:Infinity":0,"s:48:2:48:Infinity":4,"s:50:2:56:Infinity":5,"f:52:14:52:15":1,"s:53:8:53:Infinity":6,"s:58:2:58:Infinity":7,"s:60:2:60:Infinity":8,"b:62:2:65:Infinity:undefined:undefined:undefined:undefined":1,"s:62:2:65:Infinity":9,"s:63:4:63:Infinity":10,"s:64:4:64:Infinity":11,"s:67:29:67:Infinity":12,"s:68:2:68:Infinity":13,"s:70:2:74:Infinity":14,"f:70:10:70:11":2,"s:71:19:71:Infinity":15,"b:71:19:71:33:71:33:71:51:71:51:71:Infinity":2,"s:72:20:72:Infinity":16,"b:72:20:72:35:72:35:72:Infinity":3,"s:73:4:73:Infinity":17,"s:76:2:76:Infinity":18}}}
,"/home/runner/workspace/server/db.ts": {"path":"/home/runner/workspace/server/db.ts","statementMap":{"0":{"start":{"line":5,"column":17},"end":{"line":5,"column":null}},"1":{"start":{"line":7,"column":0},"end":{"line":11,"column":null}},"2":{"start":{"line":8,"column":2},"end":{"line":10,"column":null}},"3":{"start":{"line":13,"column":20},"end":{"line":13,"column":null}},"4":{"start":{"line":14,"column":13},"end":{"line":14,"column":null}}},"fnMap":{},"branchMap":{"0":{"loc":{"start":{"line":7,"column":0},"end":{"line":11,"column":null}},"type":"if","locations":[{"start":{"line":7,"column":0},"end":{"line":11,"column":null}},{"start":{},"end":{}}],"line":7}},"s":{"0":8,"1":8,"2":0,"3":8,"4":8},"f":{},"b":{"0":[0,8]},"meta":{"lastBranch":1,"lastFunction":0,"lastStatement":5,"seen":{"s:5:17:5:Infinity":0,"b:7:0:11:Infinity:undefined:undefined:undefined:undefined":0,"s:7:0:11:Infinity":1,"s:8:2:10:Infinity":2,"s:13:20:13:Infinity":3,"s:14:13:14:Infinity":4}}}
,"/home/runner/workspace/server/routes.ts": {"path":"/home/runner/workspace/server/routes.ts","statementMap":{"0":{"start":{"line":34,"column":34},"end":{"line":34,"column":null}},"1":{"start":{"line":37,"column":2},"end":{"line":37,"column":null}},"2":{"start":{"line":37,"column":12},"end":{"line":37,"column":null}},"3":{"start":{"line":39,"column":18},"end":{"line":39,"column":null}},"4":{"start":{"line":40,"column":2},"end":{"line":44,"column":null}},"5":{"start":{"line":41,"column":4},"end":{"line":43,"column":null}},"6":{"start":{"line":42,"column":6},"end":{"line":42,"column":null}},"7":{"start":{"line":53,"column":21},"end":{"line":53,"column":null}},"8":{"start":{"line":57,"column":19},"end":{"line":57,"column":null}},"9":{"start":{"line":58,"column":24},"end":{"line":58,"column":null}},"10":{"start":{"line":60,"column":2},"end":{"line":62,"column":null}},"11":{"start":{"line":61,"column":4},"end":{"line":61,"column":null}},"12":{"start":{"line":64,"column":2},"end":{"line":84,"column":null}},"13":{"start":{"line":65,"column":21},"end":{"line":65,"column":null}},"14":{"start":{"line":66,"column":20},"end":{"line":66,"column":null}},"15":{"start":{"line":67,"column":25},"end":{"line":67,"column":null}},"16":{"start":{"line":69,"column":4},"end":{"line":71,"column":null}},"17":{"start":{"line":70,"column":6},"end":{"line":70,"column":null}},"18":{"start":{"line":74,"column":23},"end":{"line":74,"column":null}},"19":{"start":{"line":75,"column":21},"end":{"line":75,"column":null}},"20":{"start":{"line":76,"column":4},"end":{"line":76,"column":null}},"21":{"start":{"line":78,"column":4},"end":{"line":78,"column":null}},"22":{"start":{"line":79,"column":4},"end":{"line":83,"column":null}},"23":{"start":{"line":88,"column":35},"end":{"line":88,"column":null}},"24":{"start":{"line":90,"column":2},"end":{"line":93,"column":null}},"25":{"start":{"line":91,"column":4},"end":{"line":91,"column":null}},"26":{"start":{"line":92,"column":4},"end":{"line":92,"column":null}},"27":{"start":{"line":96,"column":2},"end":{"line":99,"column":null}},"28":{"start":{"line":97,"column":4},"end":{"line":97,"column":null}},"29":{"start":{"line":98,"column":4},"end":{"line":98,"column":null}},"30":{"start":{"line":101,"column":21},"end":{"line":103,"column":null}},"31":{"start":{"line":105,"column":2},"end":{"line":134,"column":null}},"32":{"start":{"line":106,"column":21},"end":{"line":123,"column":null}},"33":{"start":{"line":125,"column":4},"end":{"line":131,"column":null}},"34":{"start":{"line":126,"column":24},"end":{"line":126,"column":null}},"35":{"start":{"line":127,"column":6},"end":{"line":127,"column":null}},"36":{"start":{"line":129,"column":19},"end":{"line":129,"column":null}},"37":{"start":{"line":130,"column":6},"end":{"line":130,"column":null}},"38":{"start":{"line":133,"column":4},"end":{"line":133,"column":null}},"39":{"start":{"line":138,"column":35},"end":{"line":138,"column":null}},"40":{"start":{"line":140,"column":2},"end":{"line":143,"column":null}},"41":{"start":{"line":141,"column":4},"end":{"line":141,"column":null}},"42":{"start":{"line":142,"column":4},"end":{"line":142,"column":null}},"43":{"start":{"line":145,"column":2},"end":{"line":174,"column":null}},"44":{"start":{"line":146,"column":21},"end":{"line":161,"column":null}},"45":{"start":{"line":163,"column":4},"end":{"line":167,"column":null}},"46":{"start":{"line":164,"column":24},"end":{"line":164,"column":null}},"47":{"start":{"line":165,"column":6},"end":{"line":165,"column":null}},"48":{"start":{"line":166,"column":6},"end":{"line":166,"column":null}},"49":{"start":{"line":169,"column":17},"end":{"line":169,"column":null}},"50":{"start":{"line":170,"column":4},"end":{"line":170,"column":null}},"51":{"start":{"line":172,"column":4},"end":{"line":172,"column":null}},"52":{"start":{"line":173,"column":4},"end":{"line":173,"column":null}},"53":{"start":{"line":181,"column":2},"end":{"line":213,"column":null}},"54":{"start":{"line":182,"column":21},"end":{"line":189,"column":null}},"55":{"start":{"line":191,"column":4},"end":{"line":195,"column":null}},"56":{"start":{"line":192,"column":19},"end":{"line":192,"column":null}},"57":{"start":{"line":193,"column":6},"end":{"line":193,"column":null}},"58":{"start":{"line":194,"column":6},"end":{"line":194,"column":null}},"59":{"start":{"line":197,"column":22},"end":{"line":197,"column":null}},"60":{"start":{"line":198,"column":4},"end":{"line":198,"column":null}},"61":{"start":{"line":200,"column":4},"end":{"line":202,"column":null}},"62":{"start":{"line":201,"column":6},"end":{"line":201,"column":null}},"63":{"start":{"line":203,"column":4},"end":{"line":205,"column":null}},"64":{"start":{"line":204,"column":6},"end":{"line":204,"column":null}},"65":{"start":{"line":206,"column":4},"end":{"line":208,"column":null}},"66":{"start":{"line":207,"column":6},"end":{"line":207,"column":null}},"67":{"start":{"line":209,"column":4},"end":{"line":209,"column":null}},"68":{"start":{"line":211,"column":4},"end":{"line":211,"column":null}},"69":{"start":{"line":212,"column":4},"end":{"line":212,"column":null}},"70":{"start":{"line":217,"column":35},"end":{"line":217,"column":null}},"71":{"start":{"line":219,"column":2},"end":{"line":222,"column":null}},"72":{"start":{"line":220,"column":4},"end":{"line":220,"column":null}},"73":{"start":{"line":221,"column":4},"end":{"line":221,"column":null}},"74":{"start":{"line":224,"column":2},"end":{"line":262,"column":null}},"75":{"start":{"line":225,"column":21},"end":{"line":239,"column":null}},"76":{"start":{"line":241,"column":4},"end":{"line":255,"column":null}},"77":{"start":{"line":242,"column":24},"end":{"line":242,"column":null}},"78":{"start":{"line":243,"column":6},"end":{"line":243,"column":null}},"79":{"start":{"line":245,"column":6},"end":{"line":247,"column":null}},"80":{"start":{"line":246,"column":8},"end":{"line":246,"column":null}},"81":{"start":{"line":248,"column":6},"end":{"line":250,"column":null}},"82":{"start":{"line":249,"column":8},"end":{"line":249,"column":null}},"83":{"start":{"line":251,"column":6},"end":{"line":253,"column":null}},"84":{"start":{"line":252,"column":8},"end":{"line":252,"column":null}},"85":{"start":{"line":254,"column":6},"end":{"line":254,"column":null}},"86":{"start":{"line":257,"column":4},"end":{"line":257,"column":null}},"87":{"start":{"line":258,"column":4},"end":{"line":258,"column":null}},"88":{"start":{"line":260,"column":4},"end":{"line":260,"column":null}},"89":{"start":{"line":261,"column":4},"end":{"line":261,"column":null}},"90":{"start":{"line":266,"column":35},"end":{"line":266,"column":null}},"91":{"start":{"line":268,"column":2},"end":{"line":271,"column":null}},"92":{"start":{"line":269,"column":4},"end":{"line":269,"column":null}},"93":{"start":{"line":270,"column":4},"end":{"line":270,"column":null}},"94":{"start":{"line":273,"column":2},"end":{"line":301,"column":null}},"95":{"start":{"line":274,"column":21},"end":{"line":288,"column":null}},"96":{"start":{"line":290,"column":4},"end":{"line":294,"column":null}},"97":{"start":{"line":291,"column":24},"end":{"line":291,"column":null}},"98":{"start":{"line":292,"column":6},"end":{"line":292,"column":null}},"99":{"start":{"line":293,"column":6},"end":{"line":293,"column":null}},"100":{"start":{"line":296,"column":17},"end":{"line":296,"column":null}},"101":{"start":{"line":297,"column":4},"end":{"line":297,"column":null}},"102":{"start":{"line":299,"column":4},"end":{"line":299,"column":null}},"103":{"start":{"line":300,"column":4},"end":{"line":300,"column":null}},"104":{"start":{"line":305,"column":2},"end":{"line":305,"column":null}},"105":{"start":{"line":309,"column":17},"end":{"line":309,"column":null}},"106":{"start":{"line":310,"column":2},"end":{"line":312,"column":null}},"107":{"start":{"line":311,"column":4},"end":{"line":311,"column":null}},"108":{"start":{"line":313,"column":2},"end":{"line":315,"column":null}},"109":{"start":{"line":314,"column":4},"end":{"line":314,"column":null}},"110":{"start":{"line":316,"column":2},"end":{"line":316,"column":null}},"111":{"start":{"line":319,"column":20},"end":{"line":319,"column":null}},"112":{"start":{"line":320,"column":19},"end":{"line":320,"column":null}},"113":{"start":{"line":321,"column":19},"end":{"line":321,"column":null}},"114":{"start":{"line":322,"column":15},"end":{"line":322,"column":null}},"115":{"start":{"line":325,"column":15},"end":{"line":325,"column":null}},"116":{"start":{"line":326,"column":15},"end":{"line":326,"column":null}},"117":{"start":{"line":327,"column":2},"end":{"line":327,"column":null}},"118":{"start":{"line":331,"column":23},"end":{"line":331,"column":null}},"119":{"start":{"line":332,"column":2},"end":{"line":332,"column":null}},"120":{"start":{"line":332,"column":22},"end":{"line":332,"column":null}},"121":{"start":{"line":333,"column":21},"end":{"line":333,"column":null}},"122":{"start":{"line":334,"column":2},"end":{"line":334,"column":null}},"123":{"start":{"line":338,"column":2},"end":{"line":340,"column":null}},"124":{"start":{"line":339,"column":4},"end":{"line":339,"column":null}},"125":{"start":{"line":341,"column":2},"end":{"line":341,"column":null}},"126":{"start":{"line":345,"column":2},"end":{"line":347,"column":null}},"127":{"start":{"line":346,"column":4},"end":{"line":346,"column":null}},"128":{"start":{"line":348,"column":2},"end":{"line":348,"column":null}},"129":{"start":{"line":352,"column":2},"end":{"line":372,"column":null}},"130":{"start":{"line":353,"column":21},"end":{"line":353,"column":null}},"131":{"start":{"line":354,"column":4},"end":{"line":354,"column":null}},"132":{"start":{"line":354,"column":19},"end":{"line":354,"column":null}},"133":{"start":{"line":356,"column":19},"end":{"line":356,"column":null}},"134":{"start":{"line":358,"column":4},"end":{"line":369,"column":null}},"135":{"start":{"line":359,"column":30},"end":{"line":359,"column":null}},"136":{"start":{"line":360,"column":24},"end":{"line":360,"column":null}},"137":{"start":{"line":361,"column":6},"end":{"line":368,"column":null}},"138":{"start":{"line":362,"column":23},"end":{"line":362,"column":null}},"139":{"start":{"line":363,"column":8},"end":{"line":367,"column":null}},"140":{"start":{"line":364,"column":10},"end":{"line":364,"column":null}},"141":{"start":{"line":366,"column":10},"end":{"line":366,"column":null}},"142":{"start":{"line":371,"column":4},"end":{"line":371,"column":null}},"143":{"start":{"line":382,"column":2},"end":{"line":426,"column":null}},"144":{"start":{"line":383,"column":4},"end":{"line":386,"column":null}},"145":{"start":{"line":384,"column":6},"end":{"line":384,"column":null}},"146":{"start":{"line":385,"column":6},"end":{"line":385,"column":null}},"147":{"start":{"line":388,"column":28},"end":{"line":388,"column":null}},"148":{"start":{"line":389,"column":23},"end":{"line":389,"column":null}},"149":{"start":{"line":390,"column":4},"end":{"line":393,"column":null}},"150":{"start":{"line":391,"column":6},"end":{"line":391,"column":null}},"151":{"start":{"line":392,"column":6},"end":{"line":392,"column":null}},"152":{"start":{"line":395,"column":21},"end":{"line":395,"column":null}},"153":{"start":{"line":396,"column":4},"end":{"line":396,"column":null}},"154":{"start":{"line":396,"column":19},"end":{"line":396,"column":null}},"155":{"start":{"line":398,"column":21},"end":{"line":399,"column":null}},"156":{"start":{"line":401,"column":20},"end":{"line":406,"column":null}},"157":{"start":{"line":408,"column":22},"end":{"line":412,"column":null}},"158":{"start":{"line":414,"column":4},"end":{"line":423,"column":null}},"159":{"start":{"line":415,"column":21},"end":{"line":415,"column":null}},"160":{"start":{"line":416,"column":6},"end":{"line":420,"column":null}},"161":{"start":{"line":417,"column":8},"end":{"line":417,"column":null}},"162":{"start":{"line":419,"column":8},"end":{"line":419,"column":null}},"163":{"start":{"line":422,"column":6},"end":{"line":422,"column":null}},"164":{"start":{"line":425,"column":4},"end":{"line":425,"column":null}},"165":{"start":{"line":436,"column":2},"end":{"line":480,"column":null}},"166":{"start":{"line":437,"column":4},"end":{"line":440,"column":null}},"167":{"start":{"line":438,"column":6},"end":{"line":438,"column":null}},"168":{"start":{"line":439,"column":6},"end":{"line":439,"column":null}},"169":{"start":{"line":442,"column":28},"end":{"line":442,"column":null}},"170":{"start":{"line":443,"column":23},"end":{"line":443,"column":null}},"171":{"start":{"line":444,"column":4},"end":{"line":447,"column":null}},"172":{"start":{"line":445,"column":6},"end":{"line":445,"column":null}},"173":{"start":{"line":446,"column":6},"end":{"line":446,"column":null}},"174":{"start":{"line":449,"column":21},"end":{"line":449,"column":null}},"175":{"start":{"line":450,"column":4},"end":{"line":450,"column":null}},"176":{"start":{"line":450,"column":19},"end":{"line":450,"column":null}},"177":{"start":{"line":452,"column":21},"end":{"line":453,"column":null}},"178":{"start":{"line":455,"column":20},"end":{"line":460,"column":null}},"179":{"start":{"line":462,"column":22},"end":{"line":466,"column":null}},"180":{"start":{"line":468,"column":4},"end":{"line":477,"column":null}},"181":{"start":{"line":469,"column":21},"end":{"line":469,"column":null}},"182":{"start":{"line":470,"column":6},"end":{"line":474,"column":null}},"183":{"start":{"line":471,"column":8},"end":{"line":471,"column":null}},"184":{"start":{"line":473,"column":8},"end":{"line":473,"column":null}},"185":{"start":{"line":476,"column":6},"end":{"line":476,"column":null}},"186":{"start":{"line":479,"column":4},"end":{"line":479,"column":null}},"187":{"start":{"line":490,"column":2},"end":{"line":534,"column":null}},"188":{"start":{"line":491,"column":4},"end":{"line":494,"column":null}},"189":{"start":{"line":492,"column":6},"end":{"line":492,"column":null}},"190":{"start":{"line":493,"column":6},"end":{"line":493,"column":null}},"191":{"start":{"line":496,"column":28},"end":{"line":496,"column":null}},"192":{"start":{"line":497,"column":23},"end":{"line":497,"column":null}},"193":{"start":{"line":498,"column":4},"end":{"line":501,"column":null}},"194":{"start":{"line":499,"column":6},"end":{"line":499,"column":null}},"195":{"start":{"line":500,"column":6},"end":{"line":500,"column":null}},"196":{"start":{"line":503,"column":21},"end":{"line":503,"column":null}},"197":{"start":{"line":504,"column":4},"end":{"line":504,"column":null}},"198":{"start":{"line":504,"column":19},"end":{"line":504,"column":null}},"199":{"start":{"line":506,"column":21},"end":{"line":507,"column":null}},"200":{"start":{"line":509,"column":20},"end":{"line":514,"column":null}},"201":{"start":{"line":516,"column":22},"end":{"line":520,"column":null}},"202":{"start":{"line":522,"column":4},"end":{"line":531,"column":null}},"203":{"start":{"line":523,"column":21},"end":{"line":523,"column":null}},"204":{"start":{"line":524,"column":6},"end":{"line":528,"column":null}},"205":{"start":{"line":525,"column":8},"end":{"line":525,"column":null}},"206":{"start":{"line":527,"column":8},"end":{"line":527,"column":null}},"207":{"start":{"line":530,"column":6},"end":{"line":530,"column":null}},"208":{"start":{"line":533,"column":4},"end":{"line":533,"column":null}},"209":{"start":{"line":543,"column":2},"end":{"line":543,"column":null}},"210":{"start":{"line":545,"column":2},"end":{"line":555,"column":null}},"211":{"start":{"line":546,"column":4},"end":{"line":546,"column":null}},"212":{"start":{"line":548,"column":4},"end":{"line":550,"column":null}},"213":{"start":{"line":549,"column":6},"end":{"line":549,"column":null}},"214":{"start":{"line":552,"column":4},"end":{"line":554,"column":null}},"215":{"start":{"line":553,"column":6},"end":{"line":553,"column":null}},"216":{"start":{"line":557,"column":2},"end":{"line":557,"column":null}},"217":{"start":{"line":559,"column":2},"end":{"line":559,"column":null}},"218":{"start":{"line":562,"column":2},"end":{"line":589,"column":null}},"219":{"start":{"line":563,"column":19},"end":{"line":568,"column":null}},"220":{"start":{"line":571,"column":4},"end":{"line":577,"column":null}},"221":{"start":{"line":572,"column":6},"end":{"line":572,"column":null}},"222":{"start":{"line":573,"column":6},"end":{"line":573,"column":null}},"223":{"start":{"line":575,"column":6},"end":{"line":575,"column":null}},"224":{"start":{"line":576,"column":6},"end":{"line":576,"column":null}},"225":{"start":{"line":580,"column":28},"end":{"line":580,"column":null}},"226":{"start":{"line":581,"column":20},"end":{"line":581,"column":null}},"227":{"start":{"line":581,"column":52},"end":{"line":581,"column":69}},"228":{"start":{"line":582,"column":4},"end":{"line":585,"column":null}},"229":{"start":{"line":583,"column":6},"end":{"line":583,"column":null}},"230":{"start":{"line":584,"column":6},"end":{"line":584,"column":null}},"231":{"start":{"line":587,"column":23},"end":{"line":587,"column":null}},"232":{"start":{"line":588,"column":4},"end":{"line":588,"column":null}},"233":{"start":{"line":591,"column":2},"end":{"line":613,"column":null}},"234":{"start":{"line":592,"column":4},"end":{"line":612,"column":null}},"235":{"start":{"line":593,"column":37},"end":{"line":593,"column":null}},"236":{"start":{"line":595,"column":19},"end":{"line":595,"column":null}},"237":{"start":{"line":596,"column":6},"end":{"line":598,"column":null}},"238":{"start":{"line":597,"column":8},"end":{"line":597,"column":null}},"239":{"start":{"line":600,"column":6},"end":{"line":602,"column":null}},"240":{"start":{"line":601,"column":8},"end":{"line":601,"column":null}},"241":{"start":{"line":604,"column":6},"end":{"line":604,"column":null}},"242":{"start":{"line":605,"column":6},"end":{"line":605,"column":null}},"243":{"start":{"line":606,"column":6},"end":{"line":606,"column":null}},"244":{"start":{"line":608,"column":6},"end":{"line":608,"column":null}},"245":{"start":{"line":610,"column":6},"end":{"line":610,"column":null}},"246":{"start":{"line":611,"column":6},"end":{"line":611,"column":null}},"247":{"start":{"line":615,"column":2},"end":{"line":622,"column":null}},"248":{"start":{"line":616,"column":4},"end":{"line":621,"column":null}},"249":{"start":{"line":617,"column":6},"end":{"line":619,"column":null}},"250":{"start":{"line":618,"column":8},"end":{"line":618,"column":null}},"251":{"start":{"line":620,"column":6},"end":{"line":620,"column":null}},"252":{"start":{"line":624,"column":2},"end":{"line":630,"column":null}},"253":{"start":{"line":625,"column":4},"end":{"line":629,"column":null}},"254":{"start":{"line":626,"column":6},"end":{"line":626,"column":null}},"255":{"start":{"line":628,"column":6},"end":{"line":628,"column":null}},"256":{"start":{"line":633,"column":2},"end":{"line":648,"column":null}},"257":{"start":{"line":634,"column":4},"end":{"line":647,"column":null}},"258":{"start":{"line":635,"column":20},"end":{"line":635,"column":null}},"259":{"start":{"line":636,"column":24},"end":{"line":642,"column":null}},"260":{"start":{"line":636,"column":40},"end":{"line":642,"column":8}},"261":{"start":{"line":643,"column":6},"end":{"line":643,"column":null}},"262":{"start":{"line":645,"column":6},"end":{"line":645,"column":null}},"263":{"start":{"line":646,"column":6},"end":{"line":646,"column":null}},"264":{"start":{"line":650,"column":2},"end":{"line":684,"column":null}},"265":{"start":{"line":651,"column":4},"end":{"line":683,"column":null}},"266":{"start":{"line":652,"column":43},"end":{"line":652,"column":null}},"267":{"start":{"line":653,"column":6},"end":{"line":655,"column":null}},"268":{"start":{"line":654,"column":8},"end":{"line":654,"column":null}},"269":{"start":{"line":656,"column":6},"end":{"line":658,"column":null}},"270":{"start":{"line":657,"column":8},"end":{"line":657,"column":null}},"271":{"start":{"line":660,"column":27},"end":{"line":660,"column":null}},"272":{"start":{"line":661,"column":6},"end":{"line":663,"column":null}},"273":{"start":{"line":662,"column":8},"end":{"line":662,"column":null}},"274":{"start":{"line":665,"column":29},"end":{"line":665,"column":null}},"275":{"start":{"line":666,"column":22},"end":{"line":671,"column":null}},"276":{"start":{"line":673,"column":6},"end":{"line":679,"column":null}},"277":{"start":{"line":681,"column":6},"end":{"line":681,"column":null}},"278":{"start":{"line":682,"column":6},"end":{"line":682,"column":null}},"279":{"start":{"line":686,"column":2},"end":{"line":715,"column":null}},"280":{"start":{"line":687,"column":4},"end":{"line":714,"column":null}},"281":{"start":{"line":688,"column":21},"end":{"line":688,"column":null}},"282":{"start":{"line":690,"column":6},"end":{"line":692,"column":null}},"283":{"start":{"line":691,"column":8},"end":{"line":691,"column":null}},"284":{"start":{"line":694,"column":19},"end":{"line":694,"column":null}},"285":{"start":{"line":695,"column":6},"end":{"line":697,"column":null}},"286":{"start":{"line":696,"column":8},"end":{"line":696,"column":null}},"287":{"start":{"line":699,"column":6},"end":{"line":704,"column":null}},"288":{"start":{"line":700,"column":28},"end":{"line":700,"column":null}},"289":{"start":{"line":701,"column":8},"end":{"line":703,"column":null}},"290":{"start":{"line":702,"column":10},"end":{"line":702,"column":null}},"291":{"start":{"line":706,"column":22},"end":{"line":706,"column":null}},"292":{"start":{"line":707,"column":6},"end":{"line":709,"column":null}},"293":{"start":{"line":708,"column":8},"end":{"line":708,"column":null}},"294":{"start":{"line":710,"column":6},"end":{"line":710,"column":null}},"295":{"start":{"line":712,"column":6},"end":{"line":712,"column":null}},"296":{"start":{"line":713,"column":6},"end":{"line":713,"column":null}},"297":{"start":{"line":717,"column":2},"end":{"line":754,"column":null}},"298":{"start":{"line":718,"column":4},"end":{"line":753,"column":null}},"299":{"start":{"line":719,"column":21},"end":{"line":719,"column":null}},"300":{"start":{"line":720,"column":23},"end":{"line":720,"column":null}},"301":{"start":{"line":722,"column":6},"end":{"line":724,"column":null}},"302":{"start":{"line":723,"column":8},"end":{"line":723,"column":null}},"303":{"start":{"line":726,"column":19},"end":{"line":726,"column":null}},"304":{"start":{"line":727,"column":6},"end":{"line":729,"column":null}},"305":{"start":{"line":728,"column":8},"end":{"line":728,"column":null}},"306":{"start":{"line":731,"column":6},"end":{"line":736,"column":null}},"307":{"start":{"line":732,"column":28},"end":{"line":732,"column":null}},"308":{"start":{"line":733,"column":8},"end":{"line":735,"column":null}},"309":{"start":{"line":734,"column":10},"end":{"line":734,"column":null}},"310":{"start":{"line":738,"column":26},"end":{"line":738,"column":null}},"311":{"start":{"line":739,"column":6},"end":{"line":741,"column":null}},"312":{"start":{"line":740,"column":8},"end":{"line":740,"column":null}},"313":{"start":{"line":743,"column":6},"end":{"line":749,"column":null}},"314":{"start":{"line":751,"column":6},"end":{"line":751,"column":null}},"315":{"start":{"line":752,"column":6},"end":{"line":752,"column":null}},"316":{"start":{"line":756,"column":2},"end":{"line":781,"column":null}},"317":{"start":{"line":757,"column":4},"end":{"line":780,"column":null}},"318":{"start":{"line":758,"column":21},"end":{"line":758,"column":null}},"319":{"start":{"line":759,"column":27},"end":{"line":759,"column":null}},"320":{"start":{"line":761,"column":6},"end":{"line":763,"column":null}},"321":{"start":{"line":762,"column":8},"end":{"line":762,"column":null}},"322":{"start":{"line":765,"column":19},"end":{"line":765,"column":null}},"323":{"start":{"line":766,"column":6},"end":{"line":768,"column":null}},"324":{"start":{"line":767,"column":8},"end":{"line":767,"column":null}},"325":{"start":{"line":770,"column":29},"end":{"line":770,"column":null}},"326":{"start":{"line":771,"column":26},"end":{"line":771,"column":null}},"327":{"start":{"line":772,"column":6},"end":{"line":774,"column":null}},"328":{"start":{"line":773,"column":8},"end":{"line":773,"column":null}},"329":{"start":{"line":776,"column":6},"end":{"line":776,"column":null}},"330":{"start":{"line":778,"column":6},"end":{"line":778,"column":null}},"331":{"start":{"line":779,"column":6},"end":{"line":779,"column":null}},"332":{"start":{"line":784,"column":2},"end":{"line":814,"column":null}},"333":{"start":{"line":785,"column":22},"end":{"line":785,"column":null}},"334":{"start":{"line":786,"column":4},"end":{"line":788,"column":null}},"335":{"start":{"line":787,"column":6},"end":{"line":787,"column":null}},"336":{"start":{"line":789,"column":4},"end":{"line":813,"column":null}},"337":{"start":{"line":790,"column":6},"end":{"line":790,"column":null}},"338":{"start":{"line":791,"column":29},"end":{"line":791,"column":null}},"339":{"start":{"line":792,"column":28},"end":{"line":792,"column":null}},"340":{"start":{"line":793,"column":6},"end":{"line":797,"column":null}},"341":{"start":{"line":794,"column":8},"end":{"line":794,"column":null}},"342":{"start":{"line":795,"column":8},"end":{"line":795,"column":null}},"343":{"start":{"line":796,"column":8},"end":{"line":796,"column":null}},"344":{"start":{"line":798,"column":6},"end":{"line":798,"column":null}},"345":{"start":{"line":799,"column":6},"end":{"line":803,"column":null}},"346":{"start":{"line":804,"column":6},"end":{"line":804,"column":null}},"347":{"start":{"line":805,"column":6},"end":{"line":805,"column":null}},"348":{"start":{"line":807,"column":6},"end":{"line":807,"column":null}},"349":{"start":{"line":808,"column":6},"end":{"line":812,"column":null}},"350":{"start":{"line":817,"column":2},"end":{"line":847,"column":null}},"351":{"start":{"line":818,"column":22},"end":{"line":818,"column":null}},"352":{"start":{"line":819,"column":4},"end":{"line":821,"column":null}},"353":{"start":{"line":820,"column":6},"end":{"line":820,"column":null}},"354":{"start":{"line":822,"column":4},"end":{"line":846,"column":null}},"355":{"start":{"line":823,"column":6},"end":{"line":823,"column":null}},"356":{"start":{"line":824,"column":28},"end":{"line":824,"column":null}},"357":{"start":{"line":825,"column":6},"end":{"line":828,"column":null}},"358":{"start":{"line":826,"column":8},"end":{"line":826,"column":null}},"359":{"start":{"line":827,"column":8},"end":{"line":827,"column":null}},"360":{"start":{"line":829,"column":6},"end":{"line":829,"column":null}},"361":{"start":{"line":830,"column":29},"end":{"line":830,"column":null}},"362":{"start":{"line":831,"column":6},"end":{"line":835,"column":null}},"363":{"start":{"line":836,"column":6},"end":{"line":836,"column":null}},"364":{"start":{"line":837,"column":6},"end":{"line":837,"column":null}},"365":{"start":{"line":839,"column":6},"end":{"line":839,"column":null}},"366":{"start":{"line":840,"column":6},"end":{"line":845,"column":null}},"367":{"start":{"line":849,"column":2},"end":{"line":882,"column":null}},"368":{"start":{"line":850,"column":4},"end":{"line":881,"column":null}},"369":{"start":{"line":851,"column":28},"end":{"line":851,"column":null}},"370":{"start":{"line":852,"column":6},"end":{"line":854,"column":null}},"371":{"start":{"line":853,"column":8},"end":{"line":853,"column":null}},"372":{"start":{"line":856,"column":27},"end":{"line":856,"column":null}},"373":{"start":{"line":857,"column":6},"end":{"line":859,"column":null}},"374":{"start":{"line":858,"column":8},"end":{"line":858,"column":null}},"375":{"start":{"line":860,"column":6},"end":{"line":862,"column":null}},"376":{"start":{"line":861,"column":8},"end":{"line":861,"column":null}},"377":{"start":{"line":863,"column":6},"end":{"line":865,"column":null}},"378":{"start":{"line":864,"column":8},"end":{"line":864,"column":null}},"379":{"start":{"line":866,"column":6},"end":{"line":868,"column":null}},"380":{"start":{"line":867,"column":8},"end":{"line":867,"column":null}},"381":{"start":{"line":870,"column":19},"end":{"line":873,"column":null}},"382":{"start":{"line":875,"column":6},"end":{"line":875,"column":null}},"383":{"start":{"line":877,"column":6},"end":{"line":877,"column":null}},"384":{"start":{"line":879,"column":6},"end":{"line":879,"column":null}},"385":{"start":{"line":880,"column":6},"end":{"line":880,"column":null}},"386":{"start":{"line":884,"column":2},"end":{"line":891,"column":null}},"387":{"start":{"line":885,"column":4},"end":{"line":890,"column":null}},"388":{"start":{"line":886,"column":20},"end":{"line":886,"column":null}},"389":{"start":{"line":887,"column":6},"end":{"line":887,"column":null}},"390":{"start":{"line":889,"column":6},"end":{"line":889,"column":null}},"391":{"start":{"line":893,"column":2},"end":{"line":919,"column":null}},"392":{"start":{"line":894,"column":4},"end":{"line":918,"column":null}},"393":{"start":{"line":895,"column":35},"end":{"line":895,"column":null}},"394":{"start":{"line":896,"column":6},"end":{"line":898,"column":null}},"395":{"start":{"line":897,"column":8},"end":{"line":897,"column":null}},"396":{"start":{"line":900,"column":30},"end":{"line":900,"column":null}},"397":{"start":{"line":901,"column":24},"end":{"line":901,"column":null}},"398":{"start":{"line":902,"column":6},"end":{"line":904,"column":null}},"399":{"start":{"line":903,"column":8},"end":{"line":903,"column":null}},"400":{"start":{"line":906,"column":19},"end":{"line":906,"column":null}},"401":{"start":{"line":907,"column":6},"end":{"line":907,"column":null}},"402":{"start":{"line":909,"column":24},"end":{"line":909,"column":null}},"403":{"start":{"line":910,"column":6},"end":{"line":912,"column":null}},"404":{"start":{"line":911,"column":8},"end":{"line":911,"column":null}},"405":{"start":{"line":914,"column":6},"end":{"line":914,"column":null}},"406":{"start":{"line":916,"column":6},"end":{"line":916,"column":null}},"407":{"start":{"line":917,"column":6},"end":{"line":917,"column":null}},"408":{"start":{"line":921,"column":2},"end":{"line":940,"column":null}},"409":{"start":{"line":922,"column":4},"end":{"line":939,"column":null}},"410":{"start":{"line":923,"column":30},"end":{"line":923,"column":null}},"411":{"start":{"line":924,"column":6},"end":{"line":926,"column":null}},"412":{"start":{"line":925,"column":8},"end":{"line":925,"column":null}},"413":{"start":{"line":928,"column":30},"end":{"line":928,"column":null}},"414":{"start":{"line":929,"column":27},"end":{"line":929,"column":null}},"415":{"start":{"line":930,"column":6},"end":{"line":932,"column":null}},"416":{"start":{"line":931,"column":8},"end":{"line":931,"column":null}},"417":{"start":{"line":934,"column":6},"end":{"line":934,"column":null}},"418":{"start":{"line":935,"column":6},"end":{"line":935,"column":null}},"419":{"start":{"line":937,"column":6},"end":{"line":937,"column":null}},"420":{"start":{"line":938,"column":6},"end":{"line":938,"column":null}},"421":{"start":{"line":943,"column":30},"end":{"line":943,"column":null}},"422":{"start":{"line":944,"column":28},"end":{"line":944,"column":null}},"423":{"start":{"line":945,"column":25},"end":{"line":945,"column":null}},"424":{"start":{"line":948,"column":2},"end":{"line":997,"column":null}},"425":{"start":{"line":949,"column":4},"end":{"line":996,"column":null}},"426":{"start":{"line":950,"column":24},"end":{"line":950,"column":null}},"427":{"start":{"line":951,"column":30},"end":{"line":951,"column":null}},"428":{"start":{"line":954,"column":18},"end":{"line":954,"column":null}},"429":{"start":{"line":955,"column":24},"end":{"line":955,"column":null}},"430":{"start":{"line":956,"column":6},"end":{"line":970,"column":null}},"431":{"start":{"line":957,"column":8},"end":{"line":967,"column":null}},"432":{"start":{"line":958,"column":10},"end":{"line":963,"column":null}},"433":{"start":{"line":959,"column":32},"end":{"line":959,"column":null}},"434":{"start":{"line":960,"column":12},"end":{"line":962,"column":null}},"435":{"start":{"line":964,"column":10},"end":{"line":964,"column":null}},"436":{"start":{"line":966,"column":10},"end":{"line":966,"column":null}},"437":{"start":{"line":969,"column":8},"end":{"line":969,"column":null}},"438":{"start":{"line":973,"column":27},"end":{"line":973,"column":null}},"439":{"start":{"line":974,"column":6},"end":{"line":977,"column":null}},"440":{"start":{"line":976,"column":8},"end":{"line":976,"column":null}},"441":{"start":{"line":979,"column":24},"end":{"line":979,"column":null}},"442":{"start":{"line":980,"column":6},"end":{"line":982,"column":null}},"443":{"start":{"line":981,"column":8},"end":{"line":981,"column":null}},"444":{"start":{"line":984,"column":19},"end":{"line":984,"column":null}},"445":{"start":{"line":985,"column":6},"end":{"line":985,"column":null}},"446":{"start":{"line":987,"column":24},"end":{"line":987,"column":null}},"447":{"start":{"line":988,"column":6},"end":{"line":990,"column":null}},"448":{"start":{"line":989,"column":8},"end":{"line":989,"column":null}},"449":{"start":{"line":992,"column":6},"end":{"line":992,"column":null}},"450":{"start":{"line":994,"column":6},"end":{"line":994,"column":null}},"451":{"start":{"line":995,"column":6},"end":{"line":995,"column":null}},"452":{"start":{"line":999,"column":2},"end":{"line":1027,"column":null}},"453":{"start":{"line":1000,"column":4},"end":{"line":1026,"column":null}},"454":{"start":{"line":1001,"column":30},"end":{"line":1001,"column":null}},"455":{"start":{"line":1002,"column":30},"end":{"line":1002,"column":null}},"456":{"start":{"line":1003,"column":27},"end":{"line":1003,"column":null}},"457":{"start":{"line":1004,"column":6},"end":{"line":1006,"column":null}},"458":{"start":{"line":1005,"column":8},"end":{"line":1005,"column":null}},"459":{"start":{"line":1008,"column":6},"end":{"line":1008,"column":null}},"460":{"start":{"line":1011,"column":6},"end":{"line":1022,"column":null}},"461":{"start":{"line":1012,"column":8},"end":{"line":1015,"column":null}},"462":{"start":{"line":1013,"column":10},"end":{"line":1013,"column":null}},"463":{"start":{"line":1014,"column":10},"end":{"line":1014,"column":null}},"464":{"start":{"line":1018,"column":8},"end":{"line":1018,"column":null}},"465":{"start":{"line":1019,"column":8},"end":{"line":1019,"column":null}},"466":{"start":{"line":1021,"column":8},"end":{"line":1021,"column":null}},"467":{"start":{"line":1024,"column":6},"end":{"line":1024,"column":null}},"468":{"start":{"line":1025,"column":6},"end":{"line":1025,"column":null}},"469":{"start":{"line":1029,"column":2},"end":{"line":1035,"column":null}},"470":{"start":{"line":1030,"column":4},"end":{"line":1034,"column":null}},"471":{"start":{"line":1031,"column":6},"end":{"line":1031,"column":null}},"472":{"start":{"line":1033,"column":6},"end":{"line":1033,"column":null}},"473":{"start":{"line":1037,"column":2},"end":{"line":1044,"column":null}},"474":{"start":{"line":1038,"column":4},"end":{"line":1043,"column":null}},"475":{"start":{"line":1039,"column":6},"end":{"line":1041,"column":null}},"476":{"start":{"line":1040,"column":8},"end":{"line":1040,"column":null}},"477":{"start":{"line":1042,"column":6},"end":{"line":1042,"column":null}},"478":{"start":{"line":1046,"column":2},"end":{"line":1058,"column":null}},"479":{"start":{"line":1047,"column":4},"end":{"line":1057,"column":null}},"480":{"start":{"line":1048,"column":6},"end":{"line":1050,"column":null}},"481":{"start":{"line":1049,"column":8},"end":{"line":1049,"column":null}},"482":{"start":{"line":1052,"column":27},"end":{"line":1052,"column":null}},"483":{"start":{"line":1053,"column":6},"end":{"line":1053,"column":null}},"484":{"start":{"line":1055,"column":6},"end":{"line":1055,"column":null}},"485":{"start":{"line":1056,"column":6},"end":{"line":1056,"column":null}},"486":{"start":{"line":1060,"column":2},"end":{"line":1077,"column":null}},"487":{"start":{"line":1061,"column":4},"end":{"line":1076,"column":null}},"488":{"start":{"line":1062,"column":6},"end":{"line":1064,"column":null}},"489":{"start":{"line":1063,"column":8},"end":{"line":1063,"column":null}},"490":{"start":{"line":1066,"column":26},"end":{"line":1066,"column":null}},"491":{"start":{"line":1067,"column":6},"end":{"line":1069,"column":null}},"492":{"start":{"line":1068,"column":8},"end":{"line":1068,"column":null}},"493":{"start":{"line":1071,"column":22},"end":{"line":1071,"column":null}},"494":{"start":{"line":1072,"column":6},"end":{"line":1072,"column":null}},"495":{"start":{"line":1074,"column":6},"end":{"line":1074,"column":null}},"496":{"start":{"line":1075,"column":6},"end":{"line":1075,"column":null}},"497":{"start":{"line":1079,"column":2},"end":{"line":1096,"column":null}},"498":{"start":{"line":1080,"column":4},"end":{"line":1095,"column":null}},"499":{"start":{"line":1081,"column":6},"end":{"line":1083,"column":null}},"500":{"start":{"line":1082,"column":8},"end":{"line":1082,"column":null}},"501":{"start":{"line":1085,"column":26},"end":{"line":1085,"column":null}},"502":{"start":{"line":1086,"column":6},"end":{"line":1088,"column":null}},"503":{"start":{"line":1087,"column":8},"end":{"line":1087,"column":null}},"504":{"start":{"line":1090,"column":20},"end":{"line":1090,"column":null}},"505":{"start":{"line":1091,"column":6},"end":{"line":1091,"column":null}},"506":{"start":{"line":1093,"column":6},"end":{"line":1093,"column":null}},"507":{"start":{"line":1094,"column":6},"end":{"line":1094,"column":null}},"508":{"start":{"line":1098,"column":2},"end":{"line":1115,"column":null}},"509":{"start":{"line":1099,"column":4},"end":{"line":1114,"column":null}},"510":{"start":{"line":1100,"column":6},"end":{"line":1102,"column":null}},"511":{"start":{"line":1101,"column":8},"end":{"line":1101,"column":null}},"512":{"start":{"line":1104,"column":26},"end":{"line":1104,"column":null}},"513":{"start":{"line":1105,"column":6},"end":{"line":1107,"column":null}},"514":{"start":{"line":1106,"column":8},"end":{"line":1106,"column":null}},"515":{"start":{"line":1109,"column":24},"end":{"line":1109,"column":null}},"516":{"start":{"line":1110,"column":6},"end":{"line":1110,"column":null}},"517":{"start":{"line":1112,"column":6},"end":{"line":1112,"column":null}},"518":{"start":{"line":1113,"column":6},"end":{"line":1113,"column":null}},"519":{"start":{"line":1117,"column":2},"end":{"line":1144,"column":null}},"520":{"start":{"line":1118,"column":4},"end":{"line":1143,"column":null}},"521":{"start":{"line":1119,"column":6},"end":{"line":1121,"column":null}},"522":{"start":{"line":1120,"column":8},"end":{"line":1120,"column":null}},"523":{"start":{"line":1123,"column":26},"end":{"line":1123,"column":null}},"524":{"start":{"line":1124,"column":6},"end":{"line":1126,"column":null}},"525":{"start":{"line":1125,"column":8},"end":{"line":1125,"column":null}},"526":{"start":{"line":1128,"column":50},"end":{"line":1128,"column":null}},"527":{"start":{"line":1129,"column":6},"end":{"line":1131,"column":null}},"528":{"start":{"line":1130,"column":8},"end":{"line":1130,"column":null}},"529":{"start":{"line":1133,"column":23},"end":{"line":1138,"column":null}},"530":{"start":{"line":1139,"column":6},"end":{"line":1139,"column":null}},"531":{"start":{"line":1141,"column":6},"end":{"line":1141,"column":null}},"532":{"start":{"line":1142,"column":6},"end":{"line":1142,"column":null}},"533":{"start":{"line":1146,"column":2},"end":{"line":1208,"column":null}},"534":{"start":{"line":1147,"column":4},"end":{"line":1207,"column":null}},"535":{"start":{"line":1148,"column":6},"end":{"line":1150,"column":null}},"536":{"start":{"line":1149,"column":8},"end":{"line":1149,"column":null}},"537":{"start":{"line":1152,"column":26},"end":{"line":1152,"column":null}},"538":{"start":{"line":1153,"column":6},"end":{"line":1155,"column":null}},"539":{"start":{"line":1154,"column":8},"end":{"line":1154,"column":null}},"540":{"start":{"line":1157,"column":23},"end":{"line":1157,"column":null}},"541":{"start":{"line":1158,"column":35},"end":{"line":1158,"column":null}},"542":{"start":{"line":1159,"column":42},"end":{"line":1159,"column":null}},"543":{"start":{"line":1160,"column":34},"end":{"line":1160,"column":null}},"544":{"start":{"line":1162,"column":38},"end":{"line":1162,"column":null}},"545":{"start":{"line":1163,"column":45},"end":{"line":1163,"column":null}},"546":{"start":{"line":1164,"column":37},"end":{"line":1164,"column":null}},"547":{"start":{"line":1166,"column":19},"end":{"line":1166,"column":null}},"548":{"start":{"line":1167,"column":18},"end":{"line":1167,"column":null}},"549":{"start":{"line":1167,"column":33},"end":{"line":1167,"column":66}},"550":{"start":{"line":1169,"column":6},"end":{"line":1177,"column":null}},"551":{"start":{"line":1170,"column":8},"end":{"line":1176,"column":null}},"552":{"start":{"line":1179,"column":27},"end":{"line":1179,"column":null}},"553":{"start":{"line":1181,"column":27},"end":{"line":1181,"column":null}},"554":{"start":{"line":1183,"column":6},"end":{"line":1189,"column":null}},"555":{"start":{"line":1184,"column":8},"end":{"line":1184,"column":null}},"556":{"start":{"line":1185,"column":8},"end":{"line":1185,"column":null}},"557":{"start":{"line":1187,"column":27},"end":{"line":1187,"column":null}},"558":{"start":{"line":1188,"column":8},"end":{"line":1188,"column":null}},"559":{"start":{"line":1191,"column":6},"end":{"line":1203,"column":null}},"560":{"start":{"line":1205,"column":6},"end":{"line":1205,"column":null}},"561":{"start":{"line":1206,"column":6},"end":{"line":1206,"column":null}},"562":{"start":{"line":1210,"column":2},"end":{"line":1227,"column":null}},"563":{"start":{"line":1211,"column":4},"end":{"line":1226,"column":null}},"564":{"start":{"line":1212,"column":26},"end":{"line":1212,"column":null}},"565":{"start":{"line":1213,"column":6},"end":{"line":1215,"column":null}},"566":{"start":{"line":1214,"column":8},"end":{"line":1214,"column":null}},"567":{"start":{"line":1217,"column":19},"end":{"line":1221,"column":null}},"568":{"start":{"line":1222,"column":6},"end":{"line":1222,"column":null}},"569":{"start":{"line":1224,"column":6},"end":{"line":1224,"column":null}},"570":{"start":{"line":1225,"column":6},"end":{"line":1225,"column":null}},"571":{"start":{"line":1229,"column":2},"end":{"line":1237,"column":null}},"572":{"start":{"line":1230,"column":4},"end":{"line":1236,"column":null}},"573":{"start":{"line":1231,"column":20},"end":{"line":1231,"column":null}},"574":{"start":{"line":1232,"column":6},"end":{"line":1232,"column":null}},"575":{"start":{"line":1234,"column":6},"end":{"line":1234,"column":null}},"576":{"start":{"line":1235,"column":6},"end":{"line":1235,"column":null}},"577":{"start":{"line":1239,"column":2},"end":{"line":1247,"column":null}},"578":{"start":{"line":1240,"column":4},"end":{"line":1246,"column":null}},"579":{"start":{"line":1241,"column":24},"end":{"line":1241,"column":null}},"580":{"start":{"line":1242,"column":6},"end":{"line":1242,"column":null}},"581":{"start":{"line":1244,"column":6},"end":{"line":1244,"column":null}},"582":{"start":{"line":1245,"column":6},"end":{"line":1245,"column":null}},"583":{"start":{"line":1249,"column":2},"end":{"line":1265,"column":null}},"584":{"start":{"line":1250,"column":4},"end":{"line":1264,"column":null}},"585":{"start":{"line":1251,"column":25},"end":{"line":1251,"column":null}},"586":{"start":{"line":1252,"column":6},"end":{"line":1254,"column":null}},"587":{"start":{"line":1253,"column":8},"end":{"line":1253,"column":null}},"588":{"start":{"line":1256,"column":22},"end":{"line":1256,"column":null}},"589":{"start":{"line":1257,"column":6},"end":{"line":1259,"column":null}},"590":{"start":{"line":1258,"column":8},"end":{"line":1258,"column":null}},"591":{"start":{"line":1260,"column":6},"end":{"line":1260,"column":null}},"592":{"start":{"line":1262,"column":6},"end":{"line":1262,"column":null}},"593":{"start":{"line":1263,"column":6},"end":{"line":1263,"column":null}},"594":{"start":{"line":1267,"column":2},"end":{"line":1305,"column":null}},"595":{"start":{"line":1268,"column":4},"end":{"line":1304,"column":null}},"596":{"start":{"line":1274,"column":10},"end":{"line":1274,"column":null}},"597":{"start":{"line":1281,"column":10},"end":{"line":1281,"column":null}},"598":{"start":{"line":1283,"column":6},"end":{"line":1285,"column":null}},"599":{"start":{"line":1284,"column":8},"end":{"line":1284,"column":null}},"600":{"start":{"line":1286,"column":6},"end":{"line":1288,"column":null}},"601":{"start":{"line":1287,"column":8},"end":{"line":1287,"column":null}},"602":{"start":{"line":1289,"column":6},"end":{"line":1291,"column":null}},"603":{"start":{"line":1290,"column":8},"end":{"line":1290,"column":null}},"604":{"start":{"line":1292,"column":6},"end":{"line":1294,"column":null}},"605":{"start":{"line":1293,"column":8},"end":{"line":1293,"column":null}},"606":{"start":{"line":1296,"column":22},"end":{"line":1296,"column":null}},"607":{"start":{"line":1297,"column":6},"end":{"line":1299,"column":null}},"608":{"start":{"line":1298,"column":8},"end":{"line":1298,"column":null}},"609":{"start":{"line":1300,"column":6},"end":{"line":1300,"column":null}},"610":{"start":{"line":1302,"column":6},"end":{"line":1302,"column":null}},"611":{"start":{"line":1303,"column":6},"end":{"line":1303,"column":null}},"612":{"start":{"line":1307,"column":2},"end":{"line":1358,"column":null}},"613":{"start":{"line":1308,"column":4},"end":{"line":1357,"column":null}},"614":{"start":{"line":1309,"column":28},"end":{"line":1309,"column":null}},"615":{"start":{"line":1311,"column":30},"end":{"line":1311,"column":null}},"616":{"start":{"line":1312,"column":25},"end":{"line":1312,"column":null}},"617":{"start":{"line":1313,"column":6},"end":{"line":1315,"column":null}},"618":{"start":{"line":1314,"column":8},"end":{"line":1314,"column":null}},"619":{"start":{"line":1317,"column":6},"end":{"line":1319,"column":null}},"620":{"start":{"line":1318,"column":8},"end":{"line":1318,"column":null}},"621":{"start":{"line":1320,"column":6},"end":{"line":1322,"column":null}},"622":{"start":{"line":1321,"column":8},"end":{"line":1321,"column":null}},"623":{"start":{"line":1323,"column":6},"end":{"line":1325,"column":null}},"624":{"start":{"line":1324,"column":8},"end":{"line":1324,"column":null}},"625":{"start":{"line":1327,"column":25},"end":{"line":1331,"column":null}},"626":{"start":{"line":1333,"column":6},"end":{"line":1333,"column":null}},"627":{"start":{"line":1335,"column":6},"end":{"line":1337,"column":null}},"628":{"start":{"line":1336,"column":8},"end":{"line":1336,"column":null}},"629":{"start":{"line":1340,"column":28},"end":{"line":1340,"column":null}},"630":{"start":{"line":1341,"column":6},"end":{"line":1343,"column":null}},"631":{"start":{"line":1342,"column":8},"end":{"line":1342,"column":null}},"632":{"start":{"line":1346,"column":6},"end":{"line":1348,"column":null}},"633":{"start":{"line":1347,"column":8},"end":{"line":1347,"column":null}},"634":{"start":{"line":1350,"column":6},"end":{"line":1350,"column":null}},"635":{"start":{"line":1352,"column":6},"end":{"line":1354,"column":null}},"636":{"start":{"line":1353,"column":8},"end":{"line":1353,"column":null}},"637":{"start":{"line":1355,"column":6},"end":{"line":1355,"column":null}},"638":{"start":{"line":1356,"column":6},"end":{"line":1356,"column":null}},"639":{"start":{"line":1360,"column":2},"end":{"line":1368,"column":null}},"640":{"start":{"line":1361,"column":4},"end":{"line":1367,"column":null}},"641":{"start":{"line":1362,"column":26},"end":{"line":1362,"column":null}},"642":{"start":{"line":1363,"column":6},"end":{"line":1363,"column":null}},"643":{"start":{"line":1365,"column":6},"end":{"line":1365,"column":null}},"644":{"start":{"line":1366,"column":6},"end":{"line":1366,"column":null}},"645":{"start":{"line":1370,"column":2},"end":{"line":1381,"column":null}},"646":{"start":{"line":1371,"column":4},"end":{"line":1380,"column":null}},"647":{"start":{"line":1372,"column":25},"end":{"line":1372,"column":null}},"648":{"start":{"line":1373,"column":6},"end":{"line":1375,"column":null}},"649":{"start":{"line":1374,"column":8},"end":{"line":1374,"column":null}},"650":{"start":{"line":1376,"column":6},"end":{"line":1376,"column":null}},"651":{"start":{"line":1378,"column":6},"end":{"line":1378,"column":null}},"652":{"start":{"line":1379,"column":6},"end":{"line":1379,"column":null}},"653":{"start":{"line":1383,"column":2},"end":{"line":1398,"column":null}},"654":{"start":{"line":1384,"column":4},"end":{"line":1397,"column":null}},"655":{"start":{"line":1385,"column":31},"end":{"line":1385,"column":null}},"656":{"start":{"line":1386,"column":22},"end":{"line":1386,"column":null}},"657":{"start":{"line":1387,"column":6},"end":{"line":1389,"column":null}},"658":{"start":{"line":1388,"column":8},"end":{"line":1388,"column":null}},"659":{"start":{"line":1391,"column":6},"end":{"line":1391,"column":null}},"660":{"start":{"line":1393,"column":6},"end":{"line":1393,"column":null}},"661":{"start":{"line":1395,"column":6},"end":{"line":1395,"column":null}},"662":{"start":{"line":1396,"column":6},"end":{"line":1396,"column":null}},"663":{"start":{"line":1400,"column":2},"end":{"line":1408,"column":null}},"664":{"start":{"line":1401,"column":4},"end":{"line":1407,"column":null}},"665":{"start":{"line":1402,"column":22},"end":{"line":1402,"column":null}},"666":{"start":{"line":1403,"column":6},"end":{"line":1403,"column":null}},"667":{"start":{"line":1405,"column":6},"end":{"line":1405,"column":null}},"668":{"start":{"line":1406,"column":6},"end":{"line":1406,"column":null}},"669":{"start":{"line":1410,"column":2},"end":{"line":1425,"column":null}},"670":{"start":{"line":1411,"column":4},"end":{"line":1424,"column":null}},"671":{"start":{"line":1412,"column":25},"end":{"line":1412,"column":null}},"672":{"start":{"line":1413,"column":6},"end":{"line":1415,"column":null}},"673":{"start":{"line":1414,"column":8},"end":{"line":1414,"column":null}},"674":{"start":{"line":1416,"column":22},"end":{"line":1416,"column":null}},"675":{"start":{"line":1417,"column":6},"end":{"line":1419,"column":null}},"676":{"start":{"line":1418,"column":8},"end":{"line":1418,"column":null}},"677":{"start":{"line":1420,"column":6},"end":{"line":1420,"column":null}},"678":{"start":{"line":1422,"column":6},"end":{"line":1422,"column":null}},"679":{"start":{"line":1423,"column":6},"end":{"line":1423,"column":null}},"680":{"start":{"line":1427,"column":2},"end":{"line":1454,"column":null}},"681":{"start":{"line":1428,"column":4},"end":{"line":1453,"column":null}},"682":{"start":{"line":1429,"column":43},"end":{"line":1429,"column":null}},"683":{"start":{"line":1431,"column":6},"end":{"line":1449,"column":null}},"684":{"start":{"line":1432,"column":21},"end":{"line":1432,"column":null}},"685":{"start":{"line":1433,"column":8},"end":{"line":1433,"column":null}},"686":{"start":{"line":1436,"column":24},"end":{"line":1436,"column":null}},"687":{"start":{"line":1437,"column":27},"end":{"line":1437,"column":null}},"688":{"start":{"line":1437,"column":47},"end":{"line":1437,"column":97}},"689":{"start":{"line":1439,"column":8},"end":{"line":1448,"column":null}},"690":{"start":{"line":1440,"column":32},"end":{"line":1440,"column":null}},"691":{"start":{"line":1441,"column":34},"end":{"line":1444,"column":null}},"692":{"start":{"line":1441,"column":57},"end":{"line":1444,"column":12}},"693":{"start":{"line":1445,"column":10},"end":{"line":1445,"column":null}},"694":{"start":{"line":1447,"column":10},"end":{"line":1447,"column":null}},"695":{"start":{"line":1451,"column":6},"end":{"line":1451,"column":null}},"696":{"start":{"line":1452,"column":6},"end":{"line":1452,"column":null}},"697":{"start":{"line":1456,"column":2},"end":{"line":1464,"column":null}},"698":{"start":{"line":1457,"column":4},"end":{"line":1463,"column":null}},"699":{"start":{"line":1458,"column":19},"end":{"line":1458,"column":null}},"700":{"start":{"line":1459,"column":6},"end":{"line":1459,"column":null}},"701":{"start":{"line":1461,"column":6},"end":{"line":1461,"column":null}},"702":{"start":{"line":1462,"column":6},"end":{"line":1462,"column":null}},"703":{"start":{"line":1466,"column":2},"end":{"line":1542,"column":null}},"704":{"start":{"line":1467,"column":4},"end":{"line":1541,"column":null}},"705":{"start":{"line":1468,"column":22},"end":{"line":1468,"column":null}},"706":{"start":{"line":1469,"column":6},"end":{"line":1471,"column":null}},"707":{"start":{"line":1470,"column":8},"end":{"line":1470,"column":null}},"708":{"start":{"line":1474,"column":6},"end":{"line":1483,"column":null}},"709":{"start":{"line":1475,"column":8},"end":{"line":1482,"column":null}},"710":{"start":{"line":1485,"column":23},"end":{"line":1485,"column":null}},"711":{"start":{"line":1486,"column":6},"end":{"line":1488,"column":null}},"712":{"start":{"line":1487,"column":8},"end":{"line":1487,"column":null}},"713":{"start":{"line":1490,"column":23},"end":{"line":1490,"column":null}},"714":{"start":{"line":1491,"column":23},"end":{"line":1491,"column":null}},"715":{"start":{"line":1493,"column":6},"end":{"line":1495,"column":null}},"716":{"start":{"line":1494,"column":8},"end":{"line":1494,"column":null}},"717":{"start":{"line":1497,"column":19},"end":{"line":1497,"column":null}},"718":{"start":{"line":1499,"column":6},"end":{"line":1537,"column":null}},"719":{"start":{"line":1500,"column":23},"end":{"line":1500,"column":null}},"720":{"start":{"line":1502,"column":26},"end":{"line":1502,"column":null}},"721":{"start":{"line":1503,"column":37},"end":{"line":1506,"column":null}},"722":{"start":{"line":1504,"column":26},"end":{"line":1504,"column":null}},"723":{"start":{"line":1505,"column":10},"end":{"line":1505,"column":null}},"724":{"start":{"line":1508,"column":14},"end":{"line":1508,"column":null}},"725":{"start":{"line":1509,"column":35},"end":{"line":1512,"column":null}},"726":{"start":{"line":1514,"column":29},"end":{"line":1514,"column":null}},"727":{"start":{"line":1515,"column":30},"end":{"line":1515,"column":null}},"728":{"start":{"line":1516,"column":29},"end":{"line":1516,"column":null}},"729":{"start":{"line":1518,"column":8},"end":{"line":1524,"column":null}},"730":{"start":{"line":1519,"column":10},"end":{"line":1523,"column":null}},"731":{"start":{"line":1526,"column":8},"end":{"line":1532,"column":null}},"732":{"start":{"line":1527,"column":10},"end":{"line":1531,"column":null}},"733":{"start":{"line":1534,"column":8},"end":{"line":1534,"column":null}},"734":{"start":{"line":1536,"column":8},"end":{"line":1536,"column":null}},"735":{"start":{"line":1539,"column":6},"end":{"line":1539,"column":null}},"736":{"start":{"line":1540,"column":6},"end":{"line":1540,"column":null}},"737":{"start":{"line":1544,"column":2},"end":{"line":1559,"column":null}},"738":{"start":{"line":1545,"column":4},"end":{"line":1558,"column":null}},"739":{"start":{"line":1546,"column":23},"end":{"line":1546,"column":null}},"740":{"start":{"line":1547,"column":23},"end":{"line":1547,"column":null}},"741":{"start":{"line":1549,"column":6},"end":{"line":1551,"column":null}},"742":{"start":{"line":1550,"column":8},"end":{"line":1550,"column":null}},"743":{"start":{"line":1553,"column":19},"end":{"line":1553,"column":null}},"744":{"start":{"line":1554,"column":6},"end":{"line":1554,"column":null}},"745":{"start":{"line":1556,"column":6},"end":{"line":1556,"column":null}},"746":{"start":{"line":1557,"column":6},"end":{"line":1557,"column":null}},"747":{"start":{"line":1561,"column":2},"end":{"line":1577,"column":null}},"748":{"start":{"line":1562,"column":4},"end":{"line":1576,"column":null}},"749":{"start":{"line":1563,"column":29},"end":{"line":1563,"column":null}},"750":{"start":{"line":1564,"column":23},"end":{"line":1564,"column":null}},"751":{"start":{"line":1565,"column":23},"end":{"line":1565,"column":null}},"752":{"start":{"line":1567,"column":6},"end":{"line":1569,"column":null}},"753":{"start":{"line":1568,"column":8},"end":{"line":1568,"column":null}},"754":{"start":{"line":1571,"column":19},"end":{"line":1571,"column":null}},"755":{"start":{"line":1572,"column":6},"end":{"line":1572,"column":null}},"756":{"start":{"line":1574,"column":6},"end":{"line":1574,"column":null}},"757":{"start":{"line":1575,"column":6},"end":{"line":1575,"column":null}},"758":{"start":{"line":1579,"column":2},"end":{"line":1681,"column":null}},"759":{"start":{"line":1580,"column":4},"end":{"line":1680,"column":null}},"760":{"start":{"line":1581,"column":19},"end":{"line":1581,"column":null}},"761":{"start":{"line":1584,"column":22},"end":{"line":1596,"column":null}},"762":{"start":{"line":1598,"column":6},"end":{"line":1598,"column":null}},"763":{"start":{"line":1600,"column":23},"end":{"line":1600,"column":null}},"764":{"start":{"line":1603,"column":53},"end":{"line":1609,"column":null}},"765":{"start":{"line":1611,"column":53},"end":{"line":1615,"column":null}},"766":{"start":{"line":1617,"column":54},"end":{"line":1621,"column":null}},"767":{"start":{"line":1623,"column":52},"end":{"line":1627,"column":null}},"768":{"start":{"line":1629,"column":49},"end":{"line":1633,"column":null}},"769":{"start":{"line":1635,"column":23},"end":{"line":1635,"column":null}},"770":{"start":{"line":1637,"column":6},"end":{"line":1639,"column":null}},"771":{"start":{"line":1638,"column":8},"end":{"line":1638,"column":null}},"772":{"start":{"line":1640,"column":6},"end":{"line":1642,"column":null}},"773":{"start":{"line":1641,"column":8},"end":{"line":1641,"column":null}},"774":{"start":{"line":1643,"column":6},"end":{"line":1645,"column":null}},"775":{"start":{"line":1644,"column":8},"end":{"line":1644,"column":null}},"776":{"start":{"line":1646,"column":6},"end":{"line":1648,"column":null}},"777":{"start":{"line":1647,"column":8},"end":{"line":1647,"column":null}},"778":{"start":{"line":1649,"column":6},"end":{"line":1651,"column":null}},"779":{"start":{"line":1650,"column":8},"end":{"line":1650,"column":null}},"780":{"start":{"line":1652,"column":6},"end":{"line":1654,"column":null}},"781":{"start":{"line":1653,"column":8},"end":{"line":1653,"column":null}},"782":{"start":{"line":1657,"column":6},"end":{"line":1659,"column":null}},"783":{"start":{"line":1658,"column":8},"end":{"line":1658,"column":null}},"784":{"start":{"line":1662,"column":24},"end":{"line":1662,"column":null}},"785":{"start":{"line":1663,"column":6},"end":{"line":1671,"column":null}},"786":{"start":{"line":1670,"column":8},"end":{"line":1670,"column":null}},"787":{"start":{"line":1673,"column":6},"end":{"line":1673,"column":null}},"788":{"start":{"line":1675,"column":6},"end":{"line":1677,"column":null}},"789":{"start":{"line":1676,"column":8},"end":{"line":1676,"column":null}},"790":{"start":{"line":1678,"column":6},"end":{"line":1678,"column":null}},"791":{"start":{"line":1679,"column":6},"end":{"line":1679,"column":null}},"792":{"start":{"line":1684,"column":2},"end":{"line":1692,"column":null}},"793":{"start":{"line":1685,"column":4},"end":{"line":1691,"column":null}},"794":{"start":{"line":1686,"column":24},"end":{"line":1686,"column":null}},"795":{"start":{"line":1687,"column":6},"end":{"line":1687,"column":null}},"796":{"start":{"line":1689,"column":6},"end":{"line":1689,"column":null}},"797":{"start":{"line":1690,"column":6},"end":{"line":1690,"column":null}},"798":{"start":{"line":1695,"column":2},"end":{"line":1704,"column":null}},"799":{"start":{"line":1696,"column":4},"end":{"line":1703,"column":null}},"800":{"start":{"line":1697,"column":24},"end":{"line":1697,"column":null}},"801":{"start":{"line":1699,"column":6},"end":{"line":1699,"column":null}},"802":{"start":{"line":1699,"column":35},"end":{"line":1699,"column":48}},"803":{"start":{"line":1701,"column":6},"end":{"line":1701,"column":null}},"804":{"start":{"line":1702,"column":6},"end":{"line":1702,"column":null}},"805":{"start":{"line":1707,"column":2},"end":{"line":1722,"column":null}},"806":{"start":{"line":1708,"column":4},"end":{"line":1721,"column":null}},"807":{"start":{"line":1709,"column":25},"end":{"line":1709,"column":null}},"808":{"start":{"line":1710,"column":6},"end":{"line":1712,"column":null}},"809":{"start":{"line":1711,"column":8},"end":{"line":1711,"column":null}},"810":{"start":{"line":1713,"column":22},"end":{"line":1713,"column":null}},"811":{"start":{"line":1714,"column":6},"end":{"line":1716,"column":null}},"812":{"start":{"line":1715,"column":8},"end":{"line":1715,"column":null}},"813":{"start":{"line":1717,"column":6},"end":{"line":1717,"column":null}},"814":{"start":{"line":1719,"column":6},"end":{"line":1719,"column":null}},"815":{"start":{"line":1720,"column":6},"end":{"line":1720,"column":null}},"816":{"start":{"line":1725,"column":2},"end":{"line":1792,"column":null}},"817":{"start":{"line":1726,"column":4},"end":{"line":1791,"column":null}},"818":{"start":{"line":1727,"column":19},"end":{"line":1727,"column":null}},"819":{"start":{"line":1728,"column":39},"end":{"line":1728,"column":null}},"820":{"start":{"line":1730,"column":6},"end":{"line":1782,"column":null}},"821":{"start":{"line":1732,"column":25},"end":{"line":1758,"column":null}},"822":{"start":{"line":1760,"column":8},"end":{"line":1764,"column":null}},"823":{"start":{"line":1761,"column":10},"end":{"line":1761,"column":null}},"824":{"start":{"line":1763,"column":10},"end":{"line":1763,"column":null}},"825":{"start":{"line":1767,"column":27},"end":{"line":1767,"column":null}},"826":{"start":{"line":1768,"column":8},"end":{"line":1770,"column":null}},"827":{"start":{"line":1769,"column":10},"end":{"line":1769,"column":null}},"828":{"start":{"line":1773,"column":8},"end":{"line":1781,"column":null}},"829":{"start":{"line":1780,"column":10},"end":{"line":1780,"column":null}},"830":{"start":{"line":1784,"column":6},"end":{"line":1784,"column":null}},"831":{"start":{"line":1786,"column":6},"end":{"line":1788,"column":null}},"832":{"start":{"line":1787,"column":8},"end":{"line":1787,"column":null}},"833":{"start":{"line":1789,"column":6},"end":{"line":1789,"column":null}},"834":{"start":{"line":1790,"column":6},"end":{"line":1790,"column":null}},"835":{"start":{"line":1795,"column":2},"end":{"line":1866,"column":null}},"836":{"start":{"line":1796,"column":4},"end":{"line":1865,"column":null}},"837":{"start":{"line":1797,"column":19},"end":{"line":1797,"column":null}},"838":{"start":{"line":1798,"column":39},"end":{"line":1798,"column":null}},"839":{"start":{"line":1801,"column":24},"end":{"line":1801,"column":null}},"840":{"start":{"line":1802,"column":6},"end":{"line":1807,"column":null}},"841":{"start":{"line":1803,"column":20},"end":{"line":1803,"column":null}},"842":{"start":{"line":1804,"column":8},"end":{"line":1806,"column":null}},"843":{"start":{"line":1805,"column":10},"end":{"line":1805,"column":null}},"844":{"start":{"line":1809,"column":35},"end":{"line":1813,"column":null}},"845":{"start":{"line":1815,"column":6},"end":{"line":1856,"column":null}},"846":{"start":{"line":1817,"column":25},"end":{"line":1834,"column":null}},"847":{"start":{"line":1836,"column":8},"end":{"line":1840,"column":null}},"848":{"start":{"line":1837,"column":10},"end":{"line":1837,"column":null}},"849":{"start":{"line":1839,"column":10},"end":{"line":1839,"column":null}},"850":{"start":{"line":1843,"column":25},"end":{"line":1843,"column":null}},"851":{"start":{"line":1844,"column":8},"end":{"line":1846,"column":null}},"852":{"start":{"line":1845,"column":10},"end":{"line":1845,"column":null}},"853":{"start":{"line":1847,"column":8},"end":{"line":1847,"column":null}},"854":{"start":{"line":1848,"column":8},"end":{"line":1850,"column":null}},"855":{"start":{"line":1849,"column":10},"end":{"line":1849,"column":null}},"856":{"start":{"line":1851,"column":8},"end":{"line":1851,"column":null}},"857":{"start":{"line":1853,"column":8},"end":{"line":1855,"column":null}},"858":{"start":{"line":1854,"column":10},"end":{"line":1854,"column":null}},"859":{"start":{"line":1858,"column":6},"end":{"line":1858,"column":null}},"860":{"start":{"line":1860,"column":6},"end":{"line":1862,"column":null}},"861":{"start":{"line":1861,"column":8},"end":{"line":1861,"column":null}},"862":{"start":{"line":1863,"column":6},"end":{"line":1863,"column":null}},"863":{"start":{"line":1864,"column":6},"end":{"line":1864,"column":null}},"864":{"start":{"line":1869,"column":2},"end":{"line":1927,"column":null}},"865":{"start":{"line":1870,"column":4},"end":{"line":1926,"column":null}},"866":{"start":{"line":1871,"column":28},"end":{"line":1871,"column":null}},"867":{"start":{"line":1872,"column":26},"end":{"line":1872,"column":null}},"868":{"start":{"line":1875,"column":23},"end":{"line":1875,"column":null}},"869":{"start":{"line":1876,"column":25},"end":{"line":1876,"column":null}},"870":{"start":{"line":1877,"column":23},"end":{"line":1877,"column":null}},"871":{"start":{"line":1879,"column":6},"end":{"line":1917,"column":null}},"872":{"start":{"line":1881,"column":25},"end":{"line":1903,"column":null}},"873":{"start":{"line":1905,"column":8},"end":{"line":1909,"column":null}},"874":{"start":{"line":1906,"column":10},"end":{"line":1906,"column":null}},"875":{"start":{"line":1908,"column":10},"end":{"line":1908,"column":null}},"876":{"start":{"line":1912,"column":27},"end":{"line":1912,"column":null}},"877":{"start":{"line":1914,"column":8},"end":{"line":1916,"column":null}},"878":{"start":{"line":1915,"column":10},"end":{"line":1915,"column":null}},"879":{"start":{"line":1919,"column":6},"end":{"line":1919,"column":null}},"880":{"start":{"line":1921,"column":6},"end":{"line":1923,"column":null}},"881":{"start":{"line":1922,"column":8},"end":{"line":1922,"column":null}},"882":{"start":{"line":1924,"column":6},"end":{"line":1924,"column":null}},"883":{"start":{"line":1925,"column":6},"end":{"line":1925,"column":null}},"884":{"start":{"line":1929,"column":2},"end":{"line":1937,"column":null}},"885":{"start":{"line":1930,"column":4},"end":{"line":1936,"column":null}},"886":{"start":{"line":1931,"column":27},"end":{"line":1931,"column":null}},"887":{"start":{"line":1932,"column":6},"end":{"line":1932,"column":null}},"888":{"start":{"line":1934,"column":6},"end":{"line":1934,"column":null}},"889":{"start":{"line":1935,"column":6},"end":{"line":1935,"column":null}},"890":{"start":{"line":1939,"column":2},"end":{"line":1950,"column":null}},"891":{"start":{"line":1940,"column":4},"end":{"line":1949,"column":null}},"892":{"start":{"line":1941,"column":26},"end":{"line":1941,"column":null}},"893":{"start":{"line":1942,"column":6},"end":{"line":1944,"column":null}},"894":{"start":{"line":1943,"column":8},"end":{"line":1943,"column":null}},"895":{"start":{"line":1945,"column":6},"end":{"line":1945,"column":null}},"896":{"start":{"line":1947,"column":6},"end":{"line":1947,"column":null}},"897":{"start":{"line":1948,"column":6},"end":{"line":1948,"column":null}},"898":{"start":{"line":1952,"column":2},"end":{"line":1967,"column":null}},"899":{"start":{"line":1953,"column":4},"end":{"line":1966,"column":null}},"900":{"start":{"line":1954,"column":25},"end":{"line":1954,"column":null}},"901":{"start":{"line":1955,"column":6},"end":{"line":1957,"column":null}},"902":{"start":{"line":1956,"column":8},"end":{"line":1956,"column":null}},"903":{"start":{"line":1958,"column":22},"end":{"line":1958,"column":null}},"904":{"start":{"line":1959,"column":6},"end":{"line":1961,"column":null}},"905":{"start":{"line":1960,"column":8},"end":{"line":1960,"column":null}},"906":{"start":{"line":1962,"column":6},"end":{"line":1962,"column":null}},"907":{"start":{"line":1964,"column":6},"end":{"line":1964,"column":null}},"908":{"start":{"line":1965,"column":6},"end":{"line":1965,"column":null}},"909":{"start":{"line":1969,"column":2},"end":{"line":1981,"column":null}},"910":{"start":{"line":1970,"column":4},"end":{"line":1980,"column":null}},"911":{"start":{"line":1971,"column":24},"end":{"line":1971,"column":null}},"912":{"start":{"line":1972,"column":22},"end":{"line":1972,"column":null}},"913":{"start":{"line":1973,"column":6},"end":{"line":1975,"column":null}},"914":{"start":{"line":1974,"column":8},"end":{"line":1974,"column":null}},"915":{"start":{"line":1976,"column":6},"end":{"line":1976,"column":null}},"916":{"start":{"line":1978,"column":6},"end":{"line":1978,"column":null}},"917":{"start":{"line":1979,"column":6},"end":{"line":1979,"column":null}},"918":{"start":{"line":1983,"column":2},"end":{"line":2004,"column":null}},"919":{"start":{"line":1984,"column":4},"end":{"line":2003,"column":null}},"920":{"start":{"line":1985,"column":29},"end":{"line":1985,"column":null}},"921":{"start":{"line":1986,"column":22},"end":{"line":1986,"column":null}},"922":{"start":{"line":1987,"column":6},"end":{"line":1989,"column":null}},"923":{"start":{"line":1988,"column":8},"end":{"line":1988,"column":null}},"924":{"start":{"line":1991,"column":6},"end":{"line":1997,"column":null}},"925":{"start":{"line":1999,"column":6},"end":{"line":1999,"column":null}},"926":{"start":{"line":2001,"column":6},"end":{"line":2001,"column":null}},"927":{"start":{"line":2002,"column":6},"end":{"line":2002,"column":null}},"928":{"start":{"line":2006,"column":2},"end":{"line":2038,"column":null}},"929":{"start":{"line":2007,"column":4},"end":{"line":2037,"column":null}},"930":{"start":{"line":2008,"column":27},"end":{"line":2008,"column":null}},"931":{"start":{"line":2009,"column":26},"end":{"line":2009,"column":null}},"932":{"start":{"line":2011,"column":6},"end":{"line":2013,"column":null}},"933":{"start":{"line":2012,"column":8},"end":{"line":2012,"column":null}},"934":{"start":{"line":2014,"column":6},"end":{"line":2016,"column":null}},"935":{"start":{"line":2015,"column":8},"end":{"line":2015,"column":null}},"936":{"start":{"line":2018,"column":19},"end":{"line":2023,"column":null}},"937":{"start":{"line":2025,"column":6},"end":{"line":2031,"column":null}},"938":{"start":{"line":2033,"column":6},"end":{"line":2033,"column":null}},"939":{"start":{"line":2035,"column":6},"end":{"line":2035,"column":null}},"940":{"start":{"line":2036,"column":6},"end":{"line":2036,"column":null}},"941":{"start":{"line":2040,"column":2},"end":{"line":2052,"column":null}},"942":{"start":{"line":2041,"column":4},"end":{"line":2051,"column":null}},"943":{"start":{"line":2042,"column":27},"end":{"line":2042,"column":null}},"944":{"start":{"line":2043,"column":6},"end":{"line":2045,"column":null}},"945":{"start":{"line":2044,"column":8},"end":{"line":2044,"column":null}},"946":{"start":{"line":2046,"column":20},"end":{"line":2046,"column":null}},"947":{"start":{"line":2047,"column":6},"end":{"line":2047,"column":null}},"948":{"start":{"line":2049,"column":6},"end":{"line":2049,"column":null}},"949":{"start":{"line":2050,"column":6},"end":{"line":2050,"column":null}},"950":{"start":{"line":2054,"column":2},"end":{"line":2069,"column":null}},"951":{"start":{"line":2055,"column":4},"end":{"line":2068,"column":null}},"952":{"start":{"line":2056,"column":26},"end":{"line":2056,"column":null}},"953":{"start":{"line":2057,"column":6},"end":{"line":2059,"column":null}},"954":{"start":{"line":2058,"column":8},"end":{"line":2058,"column":null}},"955":{"start":{"line":2060,"column":22},"end":{"line":2060,"column":null}},"956":{"start":{"line":2061,"column":6},"end":{"line":2063,"column":null}},"957":{"start":{"line":2062,"column":8},"end":{"line":2062,"column":null}},"958":{"start":{"line":2064,"column":6},"end":{"line":2064,"column":null}},"959":{"start":{"line":2066,"column":6},"end":{"line":2066,"column":null}},"960":{"start":{"line":2067,"column":6},"end":{"line":2067,"column":null}},"961":{"start":{"line":2071,"column":2},"end":{"line":2079,"column":null}},"962":{"start":{"line":2072,"column":4},"end":{"line":2078,"column":null}},"963":{"start":{"line":2073,"column":6},"end":{"line":2073,"column":null}},"964":{"start":{"line":2074,"column":6},"end":{"line":2074,"column":null}},"965":{"start":{"line":2076,"column":6},"end":{"line":2076,"column":null}},"966":{"start":{"line":2077,"column":6},"end":{"line":2077,"column":null}},"967":{"start":{"line":2081,"column":2},"end":{"line":2093,"column":null}},"968":{"start":{"line":2082,"column":4},"end":{"line":2092,"column":null}},"969":{"start":{"line":2083,"column":27},"end":{"line":2083,"column":null}},"970":{"start":{"line":2084,"column":6},"end":{"line":2086,"column":null}},"971":{"start":{"line":2085,"column":8},"end":{"line":2085,"column":null}},"972":{"start":{"line":2087,"column":25},"end":{"line":2087,"column":null}},"973":{"start":{"line":2088,"column":6},"end":{"line":2088,"column":null}},"974":{"start":{"line":2090,"column":6},"end":{"line":2090,"column":null}},"975":{"start":{"line":2091,"column":6},"end":{"line":2091,"column":null}},"976":{"start":{"line":2095,"column":2},"end":{"line":2148,"column":null}},"977":{"start":{"line":2096,"column":4},"end":{"line":2147,"column":null}},"978":{"start":{"line":2097,"column":32},"end":{"line":2097,"column":null}},"979":{"start":{"line":2098,"column":26},"end":{"line":2098,"column":null}},"980":{"start":{"line":2099,"column":6},"end":{"line":2101,"column":null}},"981":{"start":{"line":2100,"column":8},"end":{"line":2100,"column":null}},"982":{"start":{"line":2103,"column":22},"end":{"line":2103,"column":null}},"983":{"start":{"line":2104,"column":6},"end":{"line":2106,"column":null}},"984":{"start":{"line":2105,"column":8},"end":{"line":2105,"column":null}},"985":{"start":{"line":2108,"column":22},"end":{"line":2108,"column":null}},"986":{"start":{"line":2109,"column":6},"end":{"line":2111,"column":null}},"987":{"start":{"line":2110,"column":8},"end":{"line":2110,"column":null}},"988":{"start":{"line":2115,"column":33},"end":{"line":2115,"column":null}},"989":{"start":{"line":2118,"column":29},"end":{"line":2118,"column":null}},"990":{"start":{"line":2118,"column":58},"end":{"line":2118,"column":84}},"991":{"start":{"line":2119,"column":36},"end":{"line":2119,"column":null}},"992":{"start":{"line":2119,"column":65},"end":{"line":2119,"column":98}},"993":{"start":{"line":2121,"column":22},"end":{"line":2121,"column":null}},"994":{"start":{"line":2122,"column":6},"end":{"line":2133,"column":null}},"995":{"start":{"line":2123,"column":8},"end":{"line":2132,"column":null}},"996":{"start":{"line":2125,"column":10},"end":{"line":2125,"column":null}},"997":{"start":{"line":2126,"column":8},"end":{"line":2132,"column":null}},"998":{"start":{"line":2128,"column":10},"end":{"line":2128,"column":null}},"999":{"start":{"line":2129,"column":8},"end":{"line":2132,"column":null}},"1000":{"start":{"line":2131,"column":10},"end":{"line":2131,"column":null}},"1001":{"start":{"line":2135,"column":6},"end":{"line":2141,"column":null}},"1002":{"start":{"line":2143,"column":6},"end":{"line":2143,"column":null}},"1003":{"start":{"line":2145,"column":6},"end":{"line":2145,"column":null}},"1004":{"start":{"line":2146,"column":6},"end":{"line":2146,"column":null}},"1005":{"start":{"line":2150,"column":2},"end":{"line":2171,"column":null}},"1006":{"start":{"line":2151,"column":4},"end":{"line":2170,"column":null}},"1007":{"start":{"line":2152,"column":29},"end":{"line":2152,"column":null}},"1008":{"start":{"line":2153,"column":22},"end":{"line":2153,"column":null}},"1009":{"start":{"line":2154,"column":6},"end":{"line
[...]
ine":509,"column":78}},"69":{"start":{"line":514,"column":54},"end":{"line":514,"column":62}},"70":{"start":{"line":518,"column":13},"end":{"line":521,"column":null}},"71":{"start":{"line":526,"column":13},"end":{"line":571,"column":null}},"72":{"start":{"line":568,"column":54},"end":{"line":568,"column":62}},"73":{"start":{"line":573,"column":13},"end":{"line":579,"column":null}},"74":{"start":{"line":584,"column":13},"end":{"line":591,"column":null}},"75":{"start":{"line":589,"column":52},"end":{"line":589,"column":60}},"76":{"start":{"line":593,"column":13},"end":{"line":596,"column":null}},"77":{"start":{"line":601,"column":13},"end":{"line":610,"column":null}},"78":{"start":{"line":608,"column":52},"end":{"line":608,"column":60}},"79":{"start":{"line":612,"column":13},"end":{"line":615,"column":null}},"80":{"start":{"line":620,"column":34},"end":{"line":620,"column":null}},"81":{"start":{"line":623,"column":13},"end":{"line":637,"column":null}},"82":{"start":{"line":639,"column":13},"end":{"line":642,"column":null}},"83":{"start":{"line":647,"column":13},"end":{"line":657,"column":null}},"84":{"start":{"line":659,"column":13},"end":{"line":662,"column":null}},"85":{"start":{"line":667,"column":13},"end":{"line":677,"column":null}},"86":{"start":{"line":669,"column":56},"end":{"line":669,"column":78}},"87":{"start":{"line":679,"column":13},"end":{"line":682,"column":null}},"88":{"start":{"line":687,"column":32},"end":{"line":687,"column":null}},"89":{"start":{"line":690,"column":35},"end":{"line":690,"column":null}},"90":{"start":{"line":693,"column":31},"end":{"line":693,"column":null}},"91":{"start":{"line":696,"column":13},"end":{"line":711,"column":null}},"92":{"start":{"line":713,"column":38},"end":{"line":713,"column":null}},"93":{"start":{"line":716,"column":13},"end":{"line":720,"column":null}},"94":{"start":{"line":725,"column":13},"end":{"line":738,"column":null}},"95":{"start":{"line":740,"column":13},"end":{"line":745,"column":null}},"96":{"start":{"line":751,"column":13},"end":{"line":763,"column":null}},"97":{"start":{"line":753,"column":52},"end":{"line":753,"column":69}},"98":{"start":{"line":765,"column":13},"end":{"line":768,"column":null}},"99":{"start":{"line":774,"column":13},"end":{"line":781,"column":null}},"100":{"start":{"line":783,"column":13},"end":{"line":783,"column":null}},"101":{"start":{"line":789,"column":13},"end":{"line":794,"column":null}},"102":{"start":{"line":791,"column":62},"end":{"line":791,"column":78}},"103":{"start":{"line":796,"column":13},"end":{"line":799,"column":null}},"104":{"start":{"line":805,"column":13},"end":{"line":812,"column":null}},"105":{"start":{"line":814,"column":13},"end":{"line":816,"column":null}},"106":{"start":{"line":834,"column":27},"end":{"line":837,"column":null}},"107":{"start":{"line":841,"column":36},"end":{"line":843,"column":null}},"108":{"start":{"line":846,"column":34},"end":{"line":849,"column":null}},"109":{"start":{"line":853,"column":29},"end":{"line":866,"column":null}},"110":{"start":{"line":870,"column":33},"end":{"line":882,"column":null}},"111":{"start":{"line":886,"column":40},"end":{"line":904,"column":null}},"112":{"start":{"line":908,"column":45},"end":{"line":911,"column":null}},"113":{"start":{"line":915,"column":29},"end":{"line":917,"column":null}},"114":{"start":{"line":921,"column":43},"end":{"line":937,"column":null}}},"fnMap":{"0":{"name":"(anonymous_0)","decl":{"start":{"line":103,"column":54},"end":{"line":103,"column":60}},"loc":{"start":{"line":103,"column":60},"end":{"line":103,"column":85}},"line":103},"1":{"name":"slugify","decl":{"start":{"line":119,"column":16},"end":{"line":119,"column":24}},"loc":{"start":{"line":119,"column":46},"end":{"line":128,"column":null}},"line":119},"2":{"name":"matchSlug","decl":{"start":{"line":130,"column":16},"end":{"line":130,"column":26}},"loc":{"start":{"line":130,"column":65},"end":{"line":132,"column":null}},"line":130},"3":{"name":"generateVehicleSlug","decl":{"start":{"line":134,"column":16},"end":{"line":134,"column":36}},"loc":{"start":{"line":134,"column":73},"end":{"line":150,"column":null}},"line":134},"4":{"name":"(anonymous_4)","decl":{"start":{"line":149,"column":19},"end":{"line":149,"column":24}},"loc":{"start":{"line":149,"column":24},"end":{"line":149,"column":34}},"line":149},"5":{"name":"getCanonicalVehicleUrl","decl":{"start":{"line":152,"column":16},"end":{"line":152,"column":39}},"loc":{"start":{"line":152,"column":78},"end":{"line":154,"column":null}},"line":152},"6":{"name":"generateVehicleSlugLegacy","decl":{"start":{"line":156,"column":16},"end":{"line":156,"column":42}},"loc":{"start":{"line":156,"column":123},"end":{"line":171,"column":null}},"line":156},"7":{"name":"extractIdFromSlug","decl":{"start":{"line":173,"column":16},"end":{"line":173,"column":34}},"loc":{"start":{"line":173,"column":63},"end":{"line":188,"column":null}},"line":173},"8":{"name":"extractStockFromSlug","decl":{"start":{"line":190,"column":16},"end":{"line":190,"column":37}},"loc":{"start":{"line":190,"column":66},"end":{"line":194,"column":null}},"line":190},"9":{"name":"(anonymous_9)","decl":{"start":{"line":332,"column":64},"end":{"line":332,"column":70}},"loc":{"start":{"line":332,"column":70},"end":{"line":332,"column":95}},"line":332},"10":{"name":"(anonymous_10)","decl":{"start":{"line":342,"column":64},"end":{"line":342,"column":70}},"loc":{"start":{"line":342,"column":70},"end":{"line":342,"column":95}},"line":342},"11":{"name":"(anonymous_11)","decl":{"start":{"line":344,"column":46},"end":{"line":344,"column":52}},"loc":{"start":{"line":344,"column":52},"end":{"line":344,"column":60}},"line":344},"12":{"name":"(anonymous_12)","decl":{"start":{"line":358,"column":64},"end":{"line":358,"column":70}},"loc":{"start":{"line":358,"column":70},"end":{"line":358,"column":95}},"line":358},"13":{"name":"(anonymous_13)","decl":{"start":{"line":378,"column":67},"end":{"line":378,"column":73}},"loc":{"start":{"line":378,"column":73},"end":{"line":378,"column":89}},"line":378},"14":{"name":"(anonymous_14)","decl":{"start":{"line":396,"column":48},"end":{"line":396,"column":54}},"loc":{"start":{"line":396,"column":54},"end":{"line":396,"column":62}},"line":396},"15":{"name":"(anonymous_15)","decl":{"start":{"line":475,"column":56},"end":{"line":475,"column":62}},"loc":{"start":{"line":475,"column":62},"end":{"line":475,"column":78}},"line":475},"16":{"name":"(anonymous_16)","decl":{"start":{"line":485,"column":56},"end":{"line":485,"column":62}},"loc":{"start":{"line":485,"column":62},"end":{"line":485,"column":78}},"line":485},"17":{"name":"(anonymous_17)","decl":{"start":{"line":509,"column":56},"end":{"line":509,"column":62}},"loc":{"start":{"line":509,"column":62},"end":{"line":509,"column":78}},"line":509},"18":{"name":"(anonymous_18)","decl":{"start":{"line":514,"column":48},"end":{"line":514,"column":54}},"loc":{"start":{"line":514,"column":54},"end":{"line":514,"column":62}},"line":514},"19":{"name":"(anonymous_19)","decl":{"start":{"line":568,"column":48},"end":{"line":568,"column":54}},"loc":{"start":{"line":568,"column":54},"end":{"line":568,"column":62}},"line":568},"20":{"name":"(anonymous_20)","decl":{"start":{"line":589,"column":46},"end":{"line":589,"column":52}},"loc":{"start":{"line":589,"column":52},"end":{"line":589,"column":60}},"line":589},"21":{"name":"(anonymous_21)","decl":{"start":{"line":608,"column":46},"end":{"line":608,"column":52}},"loc":{"start":{"line":608,"column":52},"end":{"line":608,"column":60}},"line":608},"22":{"name":"(anonymous_22)","decl":{"start":{"line":669,"column":50},"end":{"line":669,"column":56}},"loc":{"start":{"line":669,"column":56},"end":{"line":669,"column":78}},"line":669},"23":{"name":"(anonymous_23)","decl":{"start":{"line":753,"column":46},"end":{"line":753,"column":52}},"loc":{"start":{"line":753,"column":52},"end":{"line":753,"column":69}},"line":753},"24":{"name":"(anonymous_24)","decl":{"start":{"line":791,"column":56},"end":{"line":791,"column":62}},"loc":{"start":{"line":791,"column":62},"end":{"line":791,"column":78}},"line":791}},"branchMap":{"0":{"loc":{"start":{"line":140,"column":2},"end":{"line":140,"column":null}},"type":"if","locations":[{"start":{"line":140,"column":2},"end":{"line":140,"column":null}},{"start":{},"end":{}}],"line":140},"1":{"loc":{"start":{"line":142,"column":2},"end":{"line":147,"column":null}},"type":"if","locations":[{"start":{"line":142,"column":2},"end":{"line":147,"column":null}},{"start":{"line":144,"column":9},"end":{"line":147,"column":null}}],"line":142},"2":{"loc":{"start":{"line":145,"column":20},"end":{"line":145,"column":null}},"type":"binary-expr","locations":[{"start":{"line":145,"column":20},"end":{"line":145,"column":40}},{"start":{"line":145,"column":40},"end":{"line":145,"column":null}}],"line":145},"3":{"loc":{"start":{"line":156,"column":85},"end":{"line":156,"column":123}},"type":"default-arg","locations":[{"start":{"line":156,"column":111},"end":{"line":156,"column":123}}],"line":156},"4":{"loc":{"start":{"line":162,"column":2},"end":{"line":164,"column":null}},"type":"if","locations":[{"start":{"line":162,"column":2},"end":{"line":164,"column":null}},{"start":{},"end":{}}],"line":162},"5":{"loc":{"start":{"line":177,"column":2},"end":{"line":177,"column":null}},"type":"if","locations":[{"start":{"line":177,"column":2},"end":{"line":177,"column":null}},{"start":{},"end":{}}],"line":177},"6":{"loc":{"start":{"line":182,"column":2},"end":{"line":182,"column":null}},"type":"if","locations":[{"start":{"line":182,"column":2},"end":{"line":182,"column":null}},{"start":{},"end":{}}],"line":182},"7":{"loc":{"start":{"line":187,"column":9},"end":{"line":187,"column":null}},"type":"cond-expr","locations":[{"start":{"line":187,"column":22},"end":{"line":187,"column":47}},{"start":{"line":187,"column":47},"end":{"line":187,"column":null}}],"line":187},"8":{"loc":{"start":{"line":193,"column":9},"end":{"line":193,"column":null}},"type":"cond-expr","locations":[{"start":{"line":193,"column":22},"end":{"line":193,"column":38}},{"start":{"line":193,"column":38},"end":{"line":193,"column":null}}],"line":193}},"s":{"0":8,"1":8,"2":8,"3":8,"4":8,"5":0,"6":45,"7":0,"8":9,"9":9,"10":9,"11":9,"12":9,"13":9,"14":0,"15":9,"16":9,"17":9,"18":45,"19":0,"20":0,"21":0,"22":0,"23":0,"24":0,"25":0,"26":0,"27":0,"28":0,"29":0,"30":0,"31":0,"32":0,"33":0,"34":0,"35":0,"36":0,"37":0,"38":0,"39":0,"40":0,"41":8,"42":8,"43":8,"44":8,"45":8,"46":0,"47":8,"48":0,"49":0,"50":8,"51":8,"52":0,"53":8,"54":8,"55":0,"56":0,"57":8,"58":8,"59":8,"60":8,"61":8,"62":8,"63":0,"64":8,"65":0,"66":8,"67":8,"68":0,"69":0,"70":8,"71":8,"72":0,"73":8,"74":8,"75":0,"76":8,"77":8,"78":0,"79":8,"80":8,"81":8,"82":8,"83":8,"84":8,"85":8,"86":0,"87":8,"88":8,"89":8,"90":8,"91":8,"92":8,"93":8,"94":8,"95":8,"96":8,"97":0,"98":8,"99":8,"100":8,"101":8,"102":0,"103":8,"104":8,"105":8,"106":8,"107":8,"108":8,"109":8,"110":8,"111":8,"112":8,"113":8,"114":8},"f":{"0":0,"1":45,"2":0,"3":9,"4":45,"5":0,"6":0,"7":0,"8":0,"9":0,"10":0,"11":0,"12":0,"13":0,"14":0,"15":0,"16":0,"17":0,"18":0,"19":0,"20":0,"21":0,"22":0,"23":0,"24":0},"b":{"0":[9,0],"1":[0,9],"2":[9,0],"3":[0],"4":[0,0],"5":[0,0],"6":[0,0],"7":[0,0],"8":[0,0]},"meta":{"lastBranch":9,"lastFunction":25,"lastStatement":115,"seen":{"s:6:13:13:Infinity":0,"s:15:13:20:Infinity":1,"s:26:13:65:Infinity":2,"s:67:13:75:Infinity":3,"s:80:13:108:Infinity":4,"f:103:54:103:60":0,"s:103:60:103:85":5,"f:119:16:119:24":1,"s:120:2:127:Infinity":6,"f:130:16:130:26":2,"s:131:2:131:Infinity":7,"f:134:16:134:36":3,"s:135:55:135:Infinity":8,"s:137:26:137:Infinity":9,"s:139:2:139:Infinity":10,"b:140:2:140:Infinity:undefined:undefined:undefined:undefined":0,"s:140:2:140:Infinity":11,"s:140:12:140:Infinity":12,"b:142:2:147:Infinity:144:9:147:Infinity":1,"s:142:2:147:Infinity":13,"s:143:4:143:Infinity":14,"s:145:20:145:Infinity":15,"b:145:20:145:40:145:40:145:Infinity":2,"s:146:4:146:Infinity":16,"s:149:2:149:Infinity":17,"f:149:19:149:24":4,"s:149:24:149:34":18,"f:152:16:152:39":5,"s:153:2:153:Infinity":19,"f:156:16:156:42":6,"b:156:111:156:123":3,"s:157:19:160:Infinity":20,"b:162:2:164:Infinity:undefined:undefined:undefined:undefined":4,"s:162:2:164:Infinity":21,"s:163:4:163:Infinity":22,"s:166:16:166:Infinity":23,"s:167:2:169:Infinity":24,"s:168:4:168:Infinity":25,"s:170:2:170:Infinity":26,"f:173:16:173:34":7,"s:175:26:175:Infinity":27,"s:176:20:176:Infinity":28,"b:177:2:177:Infinity:undefined:undefined:undefined:undefined":5,"s:177:2:177:Infinity":29,"s:177:17:177:Infinity":30,"s:180:25:180:Infinity":31,"s:181:21:181:Infinity":32,"b:182:2:182:Infinity:undefined:undefined:undefined:undefined":6,"s:182:2:182:Infinity":33,"s:182:18:182:Infinity":34,"s:185:23:185:Infinity":35,"s:186:21:186:Infinity":36,"s:187:2:187:Infinity":37,"b:187:22:187:47:187:47:187:Infinity":7,"f:190:16:190:37":8,"s:191:23:191:Infinity":38,"s:192:21:192:Infinity":39,"s:193:2:193:Infinity":40,"b:193:22:193:38:193:38:193:Infinity":8,"s:196:13:200:Infinity":41,"s:209:13:308:Infinity":42,"s:310:13:313:Infinity":43,"s:318:13:326:Infinity":44,"s:330:13:336:Infinity":45,"f:332:64:332:70":9,"s:332:70:332:95":46,"s:340:13:346:Infinity":47,"f:342:64:342:70":10,"s:342:70:342:95":48,"f:344:46:344:52":11,"s:344:52:344:60":49,"s:348:13:351:Infinity":50,"s:356:13:364:Infinity":51,"f:358:64:358:70":12,"s:358:70:358:95":52,"s:366:13:370:Infinity":53,"s:375:13:401:Infinity":54,"f:378:67:378:73":13,"s:378:73:378:89":55,"f:396:48:396:54":14,"s:396:54:396:62":56,"s:403:13:408:Infinity":57,"s:413:13:433:Infinity":58,"s:435:13:439:Infinity":59,"s:444:13:461:Infinity":60,"s:463:13:468:Infinity":61,"s:473:13:479:Infinity":62,"f:475:56:475:62":15,"s:475:62:475:78":63,"s:483:13:495:Infinity":64,"f:485:56:485:62":16,"s:485:62:485:78":65,"s:497:13:502:Infinity":66,"s:507:13:516:Infinity":67,"f:509:56:509:62":17,"s:509:62:509:78":68,"f:514:48:514:54":18,"s:514:54:514:62":69,"s:518:13:521:Infinity":70,"s:526:13:571:Infinity":71,"f:568:48:568:54":19,"s:568:54:568:62":72,"s:573:13:579:Infinity":73,"s:584:13:591:Infinity":74,"f:589:46:589:52":20,"s:589:52:589:60":75,"s:593:13:596:Infinity":76,"s:601:13:610:Infinity":77,"f:608:46:608:52":21,"s:608:52:608:60":78,"s:612:13:615:Infinity":79,"s:620:34:620:Infinity":80,"s:623:13:637:Infinity":81,"s:639:13:642:Infinity":82,"s:647:13:657:Infinity":83,"s:659:13:662:Infinity":84,"s:667:13:677:Infinity":85,"f:669:50:669:56":22,"s:669:56:669:78":86,"s:679:13:682:Infinity":87,"s:687:32:687:Infinity":88,"s:690:35:690:Infinity":89,"s:693:31:693:Infinity":90,"s:696:13:711:Infinity":91,"s:713:38:713:Infinity":92,"s:716:13:720:Infinity":93,"s:725:13:738:Infinity":94,"s:740:13:745:Infinity":95,"s:751:13:763:Infinity":96,"f:753:46:753:52":23,"s:753:52:753:69":97,"s:765:13:768:Infinity":98,"s:774:13:781:Infinity":99,"s:783:13:783:Infinity":100,"s:789:13:794:Infinity":101,"f:791:56:791:62":24,"s:791:62:791:78":102,"s:796:13:799:Infinity":103,"s:805:13:812:Infinity":104,"s:814:13:816:Infinity":105,"s:834:27:837:Infinity":106,"s:841:36:843:Infinity":107,"s:846:34:849:Infinity":108,"s:853:29:866:Infinity":109,"s:870:33:882:Infinity":110,"s:886:40:904:Infinity":111,"s:908:45:911:Infinity":112,"s:915:29:917:Infinity":113,"s:921:43:937:Infinity":114}}}
,"/home/runner/workspace/shared/schemas/appointment.ts": {"path":"/home/runner/workspace/shared/schemas/appointment.ts","statementMap":{"0":{"start":{"line":3,"column":33},"end":{"line":15,"column":null}}},"fnMap":{},"branchMap":{},"s":{"0":8},"f":{},"b":{},"meta":{"lastBranch":0,"lastFunction":0,"lastStatement":1,"seen":{"s:3:33:15:Infinity":0}}}
,"/home/runner/workspace/shared/schemas/auth.ts": {"path":"/home/runner/workspace/shared/schemas/auth.ts","statementMap":{"0":{"start":{"line":3,"column":27},"end":{"line":6,"column":null}}},"fnMap":{},"branchMap":{},"s":{"0":8},"f":{},"b":{},"meta":{"lastBranch":0,"lastFunction":0,"lastStatement":1,"seen":{"s:3:27:6:Infinity":0}}}
,"/home/runner/workspace/shared/schemas/consignment.ts": {"path":"/home/runner/workspace/shared/schemas/consignment.ts","statementMap":{"0":{"start":{"line":3,"column":33},"end":{"line":26,"column":null}},"1":{"start":{"line":28,"column":45},"end":{"line":31,"column":null}}},"fnMap":{},"branchMap":{},"s":{"0":8,"1":8},"f":{},"b":{},"meta":{"lastBranch":0,"lastFunction":0,"lastStatement":2,"seen":{"s:3:33:26:Infinity":0,"s:28:45:31:Infinity":1}}}
,"/home/runner/workspace/shared/schemas/creditapp.ts": {"path":"/home/runner/workspace/shared/schemas/creditapp.ts","statementMap":{"0":{"start":{"line":3,"column":39},"end":{"line":33,"column":null}}},"fnMap":{},"branchMap":{},"s":{"0":8},"f":{},"b":{},"meta":{"lastBranch":0,"lastFunction":0,"lastStatement":1,"seen":{"s:3:39:33:Infinity":0}}}
,"/home/runner/workspace/shared/schemas/index.ts": {"path":"/home/runner/workspace/shared/schemas/index.ts","statementMap":{},"fnMap":{},"branchMap":{},"s":{},"f":{},"b":{},"meta":{"lastBranch":0,"lastFunction":0,"lastStatement":0,"seen":{}}}
,"/home/runner/workspace/shared/schemas/inquiry.ts": {"path":"/home/runner/workspace/shared/schemas/inquiry.ts","statementMap":{"0":{"start":{"line":3,"column":36},"end":{"line":19,"column":null}}},"fnMap":{},"branchMap":{},"s":{"0":8},"f":{},"b":{},"meta":{"lastBranch":0,"lastFunction":0,"lastStatement":1,"seen":{"s:3:36:19:Infinity":0}}}
,"/home/runner/workspace/shared/schemas/inventory.ts": {"path":"/home/runner/workspace/shared/schemas/inventory.ts","statementMap":{"0":{"start":{"line":3,"column":37},"end":{"line":21,"column":null}},"1":{"start":{"line":23,"column":37},"end":{"line":41,"column":null}}},"fnMap":{},"branchMap":{},"s":{"0":8,"1":8},"f":{},"b":{},"meta":{"lastBranch":0,"lastFunction":0,"lastStatement":2,"seen":{"s:3:37:21:Infinity":0,"s:23:37:41:Infinity":1}}}
,"/home/runner/workspace/shared/schemas/params.ts": {"path":"/home/runner/workspace/shared/schemas/params.ts","statementMap":{"0":{"start":{"line":3,"column":29},"end":{"line":5,"column":null}}},"fnMap":{},"branchMap":{},"s":{"0":8},"f":{},"b":{},"meta":{"lastBranch":0,"lastFunction":0,"lastStatement":1,"seen":{"s:3:29:5:Infinity":0}}}
,"/home/runner/workspace/shared/schemas/seller.ts": {"path":"/home/runner/workspace/shared/schemas/seller.ts","statementMap":{"0":{"start":{"line":3,"column":36},"end":{"line":5,"column":null}},"1":{"start":{"line":7,"column":34},"end":{"line":10,"column":null}}},"fnMap":{},"branchMap":{},"s":{"0":8,"1":8},"f":{},"b":{},"meta":{"lastBranch":0,"lastFunction":0,"lastStatement":2,"seen":{"s:3:36:5:Infinity":0,"s:7:34:10:Infinity":1}}}
,"/home/runner/workspace/shared/schemas/tradein.ts": {"path":"/home/runner/workspace/shared/schemas/tradein.ts","statementMap":{"0":{"start":{"line":3,"column":29},"end":{"line":16,"column":null}}},"fnMap":{},"branchMap":{},"s":{"0":8},"f":{},"b":{},"meta":{"lastBranch":0,"lastFunction":0,"lastStatement":1,"seen":{"s:3:29:16:Infinity":0}}}
,"/home/runner/workspace/shared/utils/formatZodError.ts": {"path":"/home/runner/workspace/shared/utils/formatZodError.ts","statementMap":{"0":{"start":{"line":9,"column":2},"end":{"line":12,"column":null}},"1":{"start":{"line":9,"column":36},"end":{"line":12,"column":4}}},"fnMap":{"0":{"name":"formatZodError","decl":{"start":{"line":8,"column":16},"end":{"line":8,"column":31}},"loc":{"start":{"line":8,"column":67},"end":{"line":13,"column":null}},"line":8},"1":{"name":"(anonymous_1)","decl":{"start":{"line":9,"column":26},"end":{"line":9,"column":27}},"loc":{"start":{"line":9,"column":36},"end":{"line":12,"column":4}},"line":9}},"branchMap":{"0":{"loc":{"start":{"line":10,"column":10},"end":{"line":10,"column":null}},"type":"binary-expr","locations":[{"start":{"line":10,"column":10},"end":{"line":10,"column":32}},{"start":{"line":10,"column":32},"end":{"line":10,"column":null}}],"line":10}},"s":{"0":33,"1":85},"f":{"0":33,"1":85},"b":{"0":[85,10]},"meta":{"lastBranch":1,"lastFunction":2,"lastStatement":2,"seen":{"f:8:16:8:31":0,"s:9:2:12:Infinity":0,"f:9:26:9:27":1,"s:9:36:12:4":1,"b:10:10:10:32:10:32:10:Infinity":0}}}
}
