TN:
SF:server/app.ts
FN:25,createApp
FN:52,(anonymous_1)
FN:70,(anonymous_2)
FNF:3
FNH:2
FNDA:8,createApp
FNDA:73,(anonymous_1)
FNDA:0,(anonymous_2)
DA:26,8
DA:27,8
DA:29,8
DA:31,8
DA:48,8
DA:50,8
DA:53,73
DA:58,8
DA:60,8
DA:62,8
DA:63,0
DA:64,0
DA:67,8
DA:68,8
DA:70,8
DA:71,0
DA:72,0
DA:73,0
DA:76,8
LF:19
LH:14
BRDA:33,0,0,8
BRDA:33,0,1,0
BRDA:62,1,0,0
BRDA:62,1,1,8
BRDA:71,2,0,0
BRDA:71,2,1,0
BRDA:71,2,2,0
BRDA:72,3,0,0
BRDA:72,3,1,0
BRF:9
BRH:2
end_of_record
TN:
SF:server/db.ts
FNF:0
FNH:0
DA:5,8
DA:7,8
DA:8,0
DA:13,8
DA:14,8
LF:5
LH:4
BRDA:7,0,0,0
BRDA:7,0,1,8
BRF:2
BRH:1
end_of_record
TN:
SF:server/routes.ts
FN:36,broadcastSmsMessage
FN:40,(anonymous_1)
FN:55,getGHLCredentials
FN:87,createGHLContact
FN:137,createGHLContactForVerification
FN:180,testGHLCredentials
FN:216,sendGHLSMS
FN:265,getOrCreateGHLContactByPhone
FN:304,generateVerificationCode
FN:308,normalizePhoneNumber
FN:324,hashPassword
FN:330,verifyPassword
FN:337,requireAdmin
FN:344,requireMasterAdmin
FN:351,sendAdminNotificationSMS
FN:375,sendSellerConfirmationSMS
FN:429,sendInquiryConfirmationSMS
FN:483,sendTradeInConfirmationSMS
FN:537,registerRoutes
FN:545,(anonymous_19)
FN:548,(anonymous_20)
FN:552,(anonymous_21)
FN:562,(anonymous_22)
FN:581,(anonymous_23)
FN:591,(anonymous_24)
FN:615,(anonymous_25)
FN:616,(anonymous_26)
FN:624,(anonymous_27)
FN:633,(anonymous_28)
FN:636,(anonymous_29)
FN:650,(anonymous_30)
FN:686,(anonymous_31)
FN:717,(anonymous_32)
FN:756,(anonymous_33)
FN:784,(anonymous_34)
FN:817,(anonymous_35)
FN:849,(anonymous_36)
FN:884,(anonymous_37)
FN:893,(anonymous_38)
FN:921,(anonymous_39)
FN:948,(anonymous_40)
FN:999,(anonymous_41)
FN:1011,(anonymous_42)
FN:1029,(anonymous_43)
FN:1037,(anonymous_44)
FN:1038,(anonymous_45)
FN:1046,(anonymous_46)
FN:1060,(anonymous_47)
FN:1079,(anonymous_48)
FN:1098,(anonymous_49)
FN:1117,(anonymous_50)
FN:1146,(anonymous_51)
FN:1167,(anonymous_52)
FN:1210,(anonymous_53)
FN:1229,(anonymous_54)
FN:1239,(anonymous_55)
FN:1249,(anonymous_56)
FN:1267,(anonymous_57)
FN:1307,(anonymous_58)
FN:1335,(anonymous_59)
FN:1341,(anonymous_60)
FN:1346,(anonymous_61)
FN:1360,(anonymous_62)
FN:1370,(anonymous_63)
FN:1383,(anonymous_64)
FN:1400,(anonymous_65)
FN:1410,(anonymous_66)
FN:1427,(anonymous_67)
FN:1437,(anonymous_68)
FN:1441,(anonymous_69)
FN:1456,(anonymous_70)
FN:1466,(anonymous_71)
FN:1503,(anonymous_72)
FN:1544,(anonymous_73)
FN:1561,(anonymous_74)
FN:1579,(anonymous_75)
FN:1657,(anonymous_76)
FN:1669,(anonymous_77)
FN:1684,(anonymous_78)
FN:1695,(anonymous_79)
FN:1699,(anonymous_80)
FN:1707,(anonymous_81)
FN:1725,(anonymous_82)
FN:1768,(anonymous_83)
FN:1779,(anonymous_84)
FN:1795,(anonymous_85)
FN:1853,(anonymous_86)
FN:1869,(anonymous_87)
FN:1914,(anonymous_88)
FN:1929,(anonymous_89)
FN:1939,(anonymous_90)
FN:1952,(anonymous_91)
FN:1969,(anonymous_92)
FN:1983,(anonymous_93)
FN:2006,(anonymous_94)
FN:2040,(anonymous_95)
FN:2054,(anonymous_96)
FN:2071,(anonymous_97)
FN:2081,(anonymous_98)
FN:2095,(anonymous_99)
FN:2118,(anonymous_100)
FN:2119,(anonymous_101)
FN:2150,(anonymous_102)
FN:2173,(anonymous_103)
FN:2178,(anonymous_104)
FN:2179,(anonymous_105)
FN:2199,(anonymous_106)
FN:2212,(anonymous_107)
FN:2225,(anonymous_108)
FN:2258,(anonymous_109)
FN:2289,(anonymous_110)
FN:2346,(anonymous_111)
FN:2372,(anonymous_112)
FN:2391,(anonymous_113)
FN:2404,(anonymous_114)
FN:2442,(anonymous_115)
FN:2499,(anonymous_116)
FN:2701,(anonymous_117)
FN:2740,(anonymous_118)
FN:2749,(anonymous_119)
FN:2755,(anonymous_120)
FN:2763,(anonymous_121)
FN:2764,(anonymous_122)
FN:2774,(anonymous_123)
FN:2831,(anonymous_124)
FN:2889,(anonymous_125)
FN:2921,(anonymous_126)
FN:2958,(anonymous_127)
FN:2968,(anonymous_128)
FN:2982,(anonymous_129)
FN:2993,(anonymous_130)
FN:3033,(anonymous_131)
FN:3043,(anonymous_132)
FN:3057,(anonymous_133)
FN:3068,(anonymous_134)
FN:3078,(anonymous_135)
FN:3088,(anonymous_136)
FN:3098,(anonymous_137)
FN:3123,(anonymous_138)
FN:3136,(anonymous_139)
FN:3147,(anonymous_140)
FN:3157,(anonymous_141)
FN:3177,(anonymous_142)
FN:3188,(anonymous_143)
FN:3202,(anonymous_144)
FN:3213,(anonymous_145)
FN:3233,(anonymous_146)
FN:3242,(anonymous_147)
FN:3250,(anonymous_148)
FN:3267,(anonymous_149)
FN:3267,(anonymous_150)
FN:3270,(anonymous_151)
FN:3270,(anonymous_152)
FN:3273,(anonymous_153)
FN:3273,(anonymous_154)
FN:3313,(anonymous_155)
FN:3329,(anonymous_156)
FN:3340,(anonymous_157)
FN:3341,(anonymous_158)
FN:3342,(anonymous_159)
FN:3343,(anonymous_160)
FN:3344,(anonymous_161)
FN:3346,(anonymous_162)
FN:3347,(anonymous_163)
FN:3360,(anonymous_164)
FN:3362,(anonymous_165)
FN:3363,(anonymous_166)
FN:3376,(anonymous_167)
FN:3379,(anonymous_168)
FN:3380,(anonymous_169)
FN:3382,(anonymous_170)
FN:3390,(anonymous_171)
FN:3391,(anonymous_172)
FN:3413,(anonymous_173)
FN:3414,(anonymous_174)
FN:3454,(anonymous_175)
FN:3464,(anonymous_176)
FN:3474,(anonymous_177)
FN:3487,(anonymous_178)
FN:3511,(anonymous_179)
FN:3531,(anonymous_180)
FN:3546,(anonymous_181)
FN:3556,(anonymous_182)
FN:3566,(anonymous_183)
FN:3576,(anonymous_184)
FN:3587,(anonymous_185)
FN:3605,(anonymous_186)
FN:3627,(anonymous_187)
FN:3664,(anonymous_188)
FN:3684,(anonymous_189)
FN:3700,(anonymous_190)
FN:3709,(anonymous_191)
FN:3761,(anonymous_192)
FN:3776,(anonymous_193)
FN:3803,(anonymous_194)
FN:3814,(anonymous_195)
FN:3825,(anonymous_196)
FN:3862,(anonymous_197)
FN:3864,(anonymous_198)
FN:3927,(anonymous_199)
FN:3990,(anonymous_200)
FN:4046,(anonymous_201)
FN:4066,(anonymous_202)
FN:4094,(anonymous_203)
FN:4162,(anonymous_204)
FN:4183,(anonymous_205)
FN:4194,(anonymous_206)
FN:4194,(anonymous_207)
FN:4219,(anonymous_208)
FN:4281,(anonymous_209)
FN:4292,(anonymous_210)
FN:4451,(anonymous_211)
FN:4503,(anonymous_212)
FN:4518,(anonymous_213)
FN:4560,(anonymous_214)
FN:4575,(anonymous_215)
FN:4587,(anonymous_216)
FN:4605,(anonymous_217)
FN:4617,(anonymous_218)
FN:4630,(anonymous_219)
FN:4653,(anonymous_220)
FN:4748,(anonymous_221)
FN:4749,(anonymous_222)
FN:4766,(anonymous_223)
FN:4767,(anonymous_224)
FN:4801,(anonymous_225)
FN:4810,(anonymous_226)
FN:4827,(anonymous_227)
FN:4828,(anonymous_228)
FN:4829,(anonymous_229)
FN:4860,(anonymous_230)
FN:4864,(anonymous_231)
FN:4879,initializeDefaultAdmin
FN:4917,seedDatabaseFromConfig
FN:5033,createAdminIfNotExists
FN:5052,autoBackfillSlugs
FN:5059,(anonymous_236)
FN:5069,(anonymous_237)
FNF:238
FNH:25
FNDA:0,broadcastSmsMessage
FNDA:0,(anonymous_1)
FNDA:14,getGHLCredentials
FNDA:0,createGHLContact
FNDA:0,createGHLContactForVerification
FNDA:0,testGHLCredentials
FNDA:6,sendGHLSMS
FNDA:6,getOrCreateGHLContactByPhone
FNDA:0,generateVerificationCode
FNDA:11,normalizePhoneNumber
FNDA:0,hashPassword
FNDA:18,verifyPassword
FNDA:9,requireAdmin
FNDA:0,requireMasterAdmin
FNDA:4,sendAdminNotificationSMS
FNDA:0,sendSellerConfirmationSMS
FNDA:1,sendInquiryConfirmationSMS
FNDA:1,sendTradeInConfirmationSMS
FNDA:8,registerRoutes
FNDA:0,(anonymous_19)
FNDA:0,(anonymous_20)
FNDA:0,(anonymous_21)
FNDA:0,(anonymous_22)
FNDA:0,(anonymous_23)
FNDA:18,(anonymous_24)
FNDA:1,(anonymous_25)
FNDA:1,(anonymous_26)
FNDA:3,(anonymous_27)
FNDA:0,(anonymous_28)
FNDA:0,(anonymous_29)
FNDA:0,(anonymous_30)
FNDA:0,(anonymous_31)
FNDA:0,(anonymous_32)
FNDA:0,(anonymous_33)
FNDA:0,(anonymous_34)
FNDA:0,(anonymous_35)
FNDA:0,(anonymous_36)
FNDA:0,(anonymous_37)
FNDA:0,(anonymous_38)
FNDA:0,(anonymous_39)
FNDA:1,(anonymous_40)
FNDA:0,(anonymous_41)
FNDA:0,(anonymous_42)
FNDA:0,(anonymous_43)
FNDA:0,(anonymous_44)
FNDA:0,(anonymous_45)
FNDA:0,(anonymous_46)
FNDA:0,(anonymous_47)
FNDA:0,(anonymous_48)
FNDA:0,(anonymous_49)
FNDA:0,(anonymous_50)
FNDA:0,(anonymous_51)
FNDA:0,(anonymous_52)
FNDA:0,(anonymous_53)
FNDA:0,(anonymous_54)
FNDA:0,(anonymous_55)
FNDA:0,(anonymous_56)
FNDA:0,(anonymous_57)
FNDA:4,(anonymous_58)
FNDA:0,(anonymous_59)
FNDA:0,(anonymous_60)
FNDA:0,(anonymous_61)
FNDA:0,(anonymous_62)
FNDA:0,(anonymous_63)
FNDA:0,(anonymous_64)
FNDA:0,(anonymous_65)
FNDA:0,(anonymous_66)
FNDA:1,(anonymous_67)
FNDA:0,(anonymous_68)
FNDA:0,(anonymous_69)
FNDA:0,(anonymous_70)
FNDA:0,(anonymous_71)
FNDA:0,(anonymous_72)
FNDA:0,(anonymous_73)
FNDA:0,(anonymous_74)
FNDA:1,(anonymous_75)
FNDA:0,(anonymous_76)
FNDA:0,(anonymous_77)
FNDA:0,(anonymous_78)
FNDA:0,(anonymous_79)
FNDA:0,(anonymous_80)
FNDA:0,(anonymous_81)
FNDA:1,(anonymous_82)
FNDA:0,(anonymous_83)
FNDA:0,(anonymous_84)
FNDA:1,(anonymous_85)
FNDA:0,(anonymous_86)
FNDA:1,(anonymous_87)
FNDA:0,(anonymous_88)
FNDA:0,(anonymous_89)
FNDA:0,(anonymous_90)
FNDA:0,(anonymous_91)
FNDA:0,(anonymous_92)
FNDA:0,(anonymous_93)
FNDA:0,(anonymous_94)
FNDA:0,(anonymous_95)
FNDA:0,(anonymous_96)
FNDA:0,(anonymous_97)
FNDA:0,(anonymous_98)
FNDA:0,(anonymous_99)
FNDA:0,(anonymous_100)
FNDA:0,(anonymous_101)
FNDA:0,(anonymous_102)
FNDA:0,(anonymous_103)
FNDA:0,(anonymous_104)
FNDA:0,(anonymous_105)
FNDA:0,(anonymous_106)
FNDA:2,(anonymous_107)
FNDA:9,(anonymous_108)
FNDA:0,(anonymous_109)
FNDA:0,(anonymous_110)
FNDA:0,(anonymous_111)
FNDA:1,(anonymous_112)
FNDA:1,(anonymous_113)
FNDA:0,(anonymous_114)
FNDA:0,(anonymous_115)
FNDA:0,(anonymous_116)
FNDA:0,(anonymous_117)
FNDA:0,(anonymous_118)
FNDA:0,(anonymous_119)
FNDA:0,(anonymous_120)
FNDA:0,(anonymous_121)
FNDA:0,(anonymous_122)
FNDA:0,(anonymous_123)
FNDA:0,(anonymous_124)
FNDA:0,(anonymous_125)
FNDA:0,(anonymous_126)
FNDA:0,(anonymous_127)
FNDA:0,(anonymous_128)
FNDA:0,(anonymous_129)
FNDA:0,(anonymous_130)
FNDA:0,(anonymous_131)
FNDA:0,(anonymous_132)
FNDA:0,(anonymous_133)
FNDA:0,(anonymous_134)
FNDA:0,(anonymous_135)
FNDA:0,(anonymous_136)
FNDA:0,(anonymous_137)
FNDA:0,(anonymous_138)
FNDA:0,(anonymous_139)
FNDA:0,(anonymous_140)
FNDA:0,(anonymous_141)
FNDA:0,(anonymous_142)
FNDA:0,(anonymous_143)
FNDA:0,(anonymous_144)
FNDA:0,(anonymous_145)
FNDA:0,(anonymous_146)
FNDA:0,(anonymous_147)
FNDA:0,(anonymous_148)
FNDA:0,(anonymous_149)
FNDA:0,(anonymous_150)
FNDA:0,(anonymous_151)
FNDA:0,(anonymous_152)
FNDA:0,(anonymous_153)
FNDA:0,(anonymous_154)
FNDA:0,(anonymous_155)
FNDA:0,(anonymous_156)
FNDA:0,(anonymous_157)
FNDA:0,(anonymous_158)
FNDA:0,(anonymous_159)
FNDA:0,(anonymous_160)
FNDA:0,(anonymous_161)
FNDA:0,(anonymous_162)
FNDA:0,(anonymous_163)
FNDA:0,(anonymous_164)
FNDA:0,(anonymous_165)
FNDA:0,(anonymous_166)
FNDA:0,(anonymous_167)
FNDA:0,(anonymous_168)
FNDA:0,(anonymous_169)
FNDA:0,(anonymous_170)
FNDA:0,(anonymous_171)
FNDA:0,(anonymous_172)
FNDA:0,(anonymous_173)
FNDA:0,(anonymous_174)
FNDA:0,(anonymous_175)
FNDA:0,(anonymous_176)
FNDA:0,(anonymous_177)
FNDA:0,(anonymous_178)
FNDA:0,(anonymous_179)
FNDA:0,(anonymous_180)
FNDA:0,(anonymous_181)
FNDA:0,(anonymous_182)
FNDA:0,(anonymous_183)
FNDA:0,(anonymous_184)
FNDA:0,(anonymous_185)
FNDA:0,(anonymous_186)
FNDA:0,(anonymous_187)
FNDA:0,(anonymous_188)
FNDA:0,(anonymous_189)
FNDA:0,(anonymous_190)
FNDA:0,(anonymous_191)
FNDA:0,(anonymous_192)
FNDA:0,(anonymous_193)
FNDA:0,(anonymous_194)
FNDA:0,(anonymous_195)
FNDA:0,(anonymous_196)
FNDA:0,(anonymous_197)
FNDA:0,(anonymous_198)
FNDA:0,(anonymous_199)
FNDA:0,(anonymous_200)
FNDA:0,(anonymous_201)
FNDA:0,(anonymous_202)
FNDA:0,(anonymous_203)
FNDA:0,(anonymous_204)
FNDA:0,(anonymous_205)
FNDA:0,(anonymous_206)
FNDA:0,(anonymous_207)
FNDA:0,(anonymous_208)
FNDA:0,(anonymous_209)
FNDA:0,(anonymous_210)
FNDA:0,(anonymous_211)
FNDA:0,(anonymous_212)
FNDA:0,(anonymous_213)
FNDA:0,(anonymous_214)
FNDA:0,(anonymous_215)
FNDA:0,(anonymous_216)
FNDA:0,(anonymous_217)
FNDA:0,(anonymous_218)
FNDA:0,(anonymous_219)
FNDA:0,(anonymous_220)
FNDA:0,(anonymous_221)
FNDA:0,(anonymous_222)
FNDA:0,(anonymous_223)
FNDA:0,(anonymous_224)
FNDA:0,(anonymous_225)
FNDA:0,(anonymous_226)
FNDA:0,(anonymous_227)
FNDA:0,(anonymous_228)
FNDA:0,(anonymous_229)
FNDA:0,(anonymous_230)
FNDA:0,(anonymous_231)
FNDA:0,initializeDefaultAdmin
FNDA:0,seedDatabaseFromConfig
FNDA:0,createAdminIfNotExists
FNDA:0,autoBackfillSlugs
FNDA:0,(anonymous_236)
FNDA:0,(anonymous_237)
DA:34,8
DA:37,0
DA:39,0
DA:40,0
DA:41,0
DA:42,0
DA:53,8
DA:57,14
DA:58,14
DA:60,14
DA:61,14
DA:64,0
DA:65,0
DA:66,0
DA:67,14
DA:69,14
DA:70,0
DA:74,0
DA:75,14
DA:76,14
DA:78,0
DA:79,0
DA:88,0
DA:90,0
DA:91,0
DA:92,0
DA:96,0
DA:97,0
DA:98,0
DA:101,0
DA:105,0
DA:106,0
DA:125,0
DA:126,0
DA:127,0
DA:129,0
DA:130,0
DA:133,0
DA:138,0
DA:140,0
DA:141,0
DA:142,0
DA:145,0
DA:146,0
DA:163,0
DA:164,0
DA:165,0
DA:166,0
DA:169,0
DA:170,0
DA:172,0
DA:173,0
DA:181,0
DA:182,0
DA:191,0
DA:192,0
DA:193,0
DA:194,0
DA:197,0
DA:198,0
DA:200,0
DA:201,0
DA:203,0
DA:204,0
DA:206,0
DA:207,0
DA:209,0
DA:211,0
DA:212,0
DA:217,6
DA:219,6
DA:220,0
DA:221,0
DA:224,6
DA:225,6
DA:241,4
DA:242,0
DA:243,0
DA:245,0
DA:246,0
DA:248,0
DA:249,0
DA:251,0
DA:252,0
DA:254,0
DA:257,4
DA:258,4
DA:260,0
DA:261,0
DA:266,6
DA:268,6
DA:269,0
DA:270,0
DA:273,6
DA:274,6
DA:290,6
DA:291,0
DA:292,0
DA:293,0
DA:296,6
DA:297,6
DA:299,0
DA:300,0
DA:305,0
DA:309,11
DA:310,11
DA:311,11
DA:313,0
DA:314,0
DA:316,0
DA:319,8
DA:320,8
DA:321,8
DA:322,8
DA:325,0
DA:326,0
DA:327,0
DA:331,18
DA:332,18
DA:333,18
DA:334,18
DA:338,9
DA:339,4
DA:341,5
DA:345,0
DA:346,0
DA:348,0
DA:352,4
DA:353,4
DA:354,4
DA:356,4
DA:358,4
DA:359,4
DA:360,4
DA:361,4
DA:362,4
DA:363,4
DA:364,4
DA:366,0
DA:371,0
DA:382,0
DA:383,0
DA:384,0
DA:385,0
DA:388,0
DA:389,0
DA:390,0
DA:391,0
DA:392,0
DA:395,0
DA:396,0
DA:398,0
DA:401,0
DA:408,0
DA:414,0
DA:415,0
DA:416,0
DA:417,0
DA:419,0
DA:422,0
DA:425,0
DA:436,1
DA:437,1
DA:438,0
DA:439,0
DA:442,1
DA:443,1
DA:444,1
DA:445,0
DA:446,0
DA:449,1
DA:450,1
DA:452,1
DA:455,1
DA:462,1
DA:468,1
DA:469,1
DA:470,0
DA:471,0
DA:473,0
DA:476,0
DA:479,0
DA:490,1
DA:491,1
DA:492,0
DA:493,0
DA:496,1
DA:497,1
DA:498,1
DA:499,0
DA:500,0
DA:503,1
DA:504,1
DA:506,1
DA:509,1
DA:516,1
DA:522,1
DA:523,1
DA:524,0
DA:525,0
DA:527,0
DA:530,0
DA:533,0
DA:543,8
DA:545,8
DA:546,0
DA:548,0
DA:549,0
DA:552,0
DA:553,0
DA:557,8
DA:559,8
DA:562,8
DA:563,0
DA:571,0
DA:572,0
DA:573,0
DA:575,0
DA:576,0
DA:580,0
DA:581,0
DA:582,0
DA:583,0
DA:584,0
DA:587,0
DA:588,0
DA:591,8
DA:592,18
DA:593,18
DA:595,18
DA:596,18
DA:597,1
DA:600,17
DA:601,0
DA:604,17
DA:605,17
DA:606,18
DA:608,18
DA:610,0
DA:611,0
DA:615,8
DA:616,1
DA:617,1
DA:618,0
DA:620,1
DA:624,8
DA:625,3
DA:626,1
DA:628,2
DA:633,8
DA:634,0
DA:635,0
DA:636,0
DA:643,0
DA:645,0
DA:646,0
DA:650,8
DA:651,0
DA:652,0
DA:653,0
DA:654,0
DA:656,0
DA:657,0
DA:660,0
DA:661,0
DA:662,0
DA:665,0
DA:666,0
DA:673,0
DA:681,0
DA:682,0
DA:686,8
DA:687,0
DA:688,0
DA:690,0
DA:691,0
DA:694,0
DA:695,0
DA:696,0
DA:699,0
DA:700,0
DA:701,0
DA:702,0
DA:706,0
DA:707,0
DA:708,0
DA:710,0
DA:712,0
DA:713,0
DA:717,8
DA:718,0
DA:719,0
DA:720,0
DA:722,0
DA:723,0
DA:726,0
DA:727,0
DA:728,0
DA:731,0
DA:732,0
DA:733,0
DA:734,0
DA:738,0
DA:739,0
DA:740,0
DA:743,0
DA:751,0
DA:752,0
DA:756,8
DA:757,0
DA:758,0
DA:759,0
DA:761,0
DA:762,0
DA:765,0
DA:766,0
DA:767,0
DA:770,0
DA:771,0
DA:772,0
DA:773,0
DA:776,0
DA:778,0
DA:779,0
DA:784,8
DA:785,0
DA:786,0
DA:787,0
DA:789,0
DA:790,0
DA:791,0
DA:792,0
DA:793,0
DA:794,0
DA:795,0
DA:796,0
DA:798,0
DA:799,0
DA:804,0
DA:805,0
DA:807,0
DA:808,0
DA:817,8
DA:818,0
DA:819,0
DA:820,0
DA:822,0
DA:823,0
DA:824,0
DA:825,0
DA:826,0
DA:827,0
DA:829,0
DA:830,0
DA:831,0
DA:836,0
DA:837,0
DA:839,0
DA:840,0
DA:849,8
DA:850,0
DA:851,0
DA:852,0
DA:853,0
DA:856,0
DA:857,0
DA:858,0
DA:860,0
DA:861,0
DA:863,0
DA:864,0
DA:866,0
DA:867,0
DA:870,0
DA:875,0
DA:877,0
DA:879,0
DA:880,0
DA:884,8
DA:885,0
DA:886,0
DA:887,0
DA:889,0
DA:893,8
DA:894,0
DA:895,0
DA:896,0
DA:897,0
DA:900,0
DA:901,0
DA:902,0
DA:903,0
DA:906,0
DA:907,0
DA:909,0
DA:910,0
DA:911,0
DA:914,0
DA:916,0
DA:917,0
DA:921,8
DA:922,0
DA:923,0
DA:924,0
DA:925,0
DA:928,0
DA:929,0
DA:930,0
DA:931,0
DA:934,0
DA:935,0
DA:937,0
DA:938,0
DA:943,8
DA:944,8
DA:945,8
DA:948,8
DA:949,1
DA:950,1
DA:951,1
DA:954,1
DA:955,1
DA:956,1
DA:957,0
DA:958,0
DA:959,0
DA:960,0
DA:964,0
DA:966,0
DA:969,1
DA:973,1
DA:974,1
DA:976,1
DA:979,0
DA:980,0
DA:981,0
DA:984,0
DA:985,0
DA:987,0
DA:988,0
DA:989,0
DA:992,0
DA:994,0
DA:995,0
DA:999,8
DA:1000,0
DA:1001,0
DA:1002,0
DA:1003,0
DA:1004,0
DA:1005,0
DA:1008,0
DA:1011,0
DA:1012,0
DA:1013,0
DA:1014,0
DA:1018,0
DA:1019,0
DA:1021,0
DA:1024,0
DA:1025,0
DA:1029,8
DA:1030,0
DA:1031,0
DA:1033,0
DA:1037,8
DA:1038,0
DA:1039,0
DA:1040,0
DA:1042,0
DA:1046,8
DA:1047,0
DA:1048,0
DA:1049,0
DA:1052,0
DA:1053,0
DA:1055,0
DA:1056,0
DA:1060,8
DA:1061,0
DA:1062,0
DA:1063,0
DA:1066,0
DA:1067,0
DA:1068,0
DA:1071,0
DA:1072,0
DA:1074,0
DA:1075,0
DA:1079,8
DA:1080,0
DA:1081,0
DA:1082,0
DA:1085,0
DA:1086,0
DA:1087,0
DA:1090,0
DA:1091,0
DA:1093,0
DA:1094,0
DA:1098,8
DA:1099,0
DA:1100,0
DA:1101,0
DA:1104,0
DA:1105,0
DA:1106,0
DA:1109,0
DA:1110,0
DA:1112,0
DA:1113,0
DA:1117,8
DA:1118,0
DA:1119,0
DA:1120,0
DA:1123,0
DA:1124,0
DA:1125,0
DA:1128,0
DA:1129,0
DA:1130,0
DA:1133,0
DA:1139,0
DA:1141,0
DA:1142,0
DA:1146,8
DA:1147,0
DA:1148,0
DA:1149,0
DA:1152,0
DA:1153,0
DA:1154,0
DA:1157,0
DA:1158,0
DA:1159,0
DA:1160,0
DA:1162,0
DA:1163,0
DA:1164,0
DA:1166,0
DA:1167,0
DA:1169,0
DA:1170,0
DA:1179,0
DA:1181,0
DA:1183,0
DA:1184,0
DA:1185,0
DA:1187,0
DA:1188,0
DA:1191,0
DA:1205,0
DA:1206,0
DA:1210,8
DA:1211,0
DA:1212,0
DA:1213,0
DA:1214,0
DA:1217,0
DA:1222,0
DA:1224,0
DA:1225,0
DA:1229,8
DA:1230,0
DA:1231,0
DA:1232,0
DA:1234,0
DA:1235,0
DA:1239,8
DA:1240,0
DA:1241,0
DA:1242,0
DA:1244,0
DA:1245,0
DA:1249,8
DA:1250,0
DA:1251,0
DA:1252,0
DA:1253,0
DA:1256,0
DA:1257,0
DA:1258,0
DA:1260,0
DA:1262,0
DA:1263,0
DA:1267,8
DA:1268,0
DA:1274,0
DA:1281,0
DA:1283,0
DA:1284,0
DA:1286,0
DA:1287,0
DA:1289,0
DA:1290,0
DA:1292,0
DA:1293,0
DA:1296,0
DA:1297,0
DA:1298,0
DA:1300,0
DA:1302,0
DA:1303,0
DA:1307,8
DA:1308,4
DA:1309,4
DA:1311,4
DA:1312,4
DA:1313,4
DA:1314,4
DA:1317,0
DA:1318,0
DA:1320,0
DA:1321,0
DA:1323,0
DA:1324,0
DA:1327,0
DA:1333,0
DA:1335,0
DA:1336,0
DA:1340,0
DA:1341,0
DA:1342,0
DA:1346,0
DA:1347,0
DA:1350,0
DA:1352,0
DA:1353,0
DA:1355,0
DA:1356,0
DA:1360,8
DA:1361,0
DA:1362,0
DA:1363,0
DA:1365,0
DA:1366,0
DA:1370,8
DA:1371,0
DA:1372,0
DA:1373,0
DA:1374,0
DA:1376,0
DA:1378,0
DA:1379,0
DA:1383,8
DA:1384,0
DA:1385,0
DA:1386,0
DA:1387,0
DA:1388,0
DA:1391,0
DA:1393,0
DA:1395,0
DA:1396,0
DA:1400,8
DA:1401,0
DA:1402,0
DA:1403,0
DA:1405,0
DA:1406,0
DA:1410,8
DA:1411,0
DA:1412,0
DA:1413,0
DA:1414,0
DA:1416,0
DA:1417,0
DA:1418,0
DA:1420,0
DA:1422,0
DA:1423,0
DA:1427,8
DA:1428,1
DA:1429,1
DA:1431,1
DA:1432,0
DA:1433,0
DA:1436,1
DA:1437,1
DA:1439,1
DA:1440,0
DA:1441,0
DA:1445,0
DA:1447,1
DA:1451,0
DA:1452,0
DA:1456,8
DA:1457,0
DA:1458,0
DA:1459,0
DA:1461,0
DA:1462,0
DA:1466,8
DA:1467,0
DA:1468,0
DA:1469,0
DA:1470,0
DA:1474,0
DA:1475,0
DA:1485,0
DA:1486,0
DA:1487,0
DA:1490,0
DA:1491,0
DA:1493,0
DA:1494,0
DA:1497,0
DA:1499,0
DA:1500,0
DA:1502,0
DA:1503,0
DA:1504,0
DA:1505,0
DA:1508,0
DA:1509,0
DA:1514,0
DA:1515,0
DA:1516,0
DA:1518,0
DA:1519,0
DA:1526,0
DA:1527,0
DA:1534,0
DA:1536,0
DA:1539,0
DA:1540,0
DA:1544,8
DA:1545,0
DA:1546,0
DA:1547,0
DA:1549,0
DA:1550,0
DA:1553,0
DA:1554,0
DA:1556,0
DA:1557,0
DA:1561,8
DA:1562,0
DA:1563,0
DA:1564,0
DA:1565,0
DA:1567,0
DA:1568,0
DA:1571,0
DA:1572,0
DA:1574,0
DA:1575,0
DA:1579,8
DA:1580,1
DA:1581,1
DA:1584,1
DA:1598,1
DA:1600,1
DA:1603,1
DA:1611,1
DA:1617,1
DA:1623,1
DA:1629,1
DA:1635,1
DA:1637,1
DA:1638,1
DA:1640,1
DA:1641,1
DA:1643,1
DA:1644,1
DA:1646,1
DA:1647,1
DA:1649,1
DA:1650,1
DA:1652,1
DA:1653,1
DA:1657,1
DA:1658,0
DA:1662,1
DA:1663,1
DA:1670,0
DA:1673,1
DA:1675,0
DA:1676,0
DA:1678,0
DA:1679,0
DA:1684,8
DA:1685,0
DA:1686,0
DA:1687,0
DA:1689,0
DA:1690,0
DA:1695,8
DA:1696,0
DA:1697,0
DA:1699,0
DA:1701,0
DA:1702,0
DA:1707,8
DA:1708,0
DA:1709,0
DA:1710,0
DA:1711,0
DA:1713,0
DA:1714,0
DA:1715,0
DA:1717,0
DA:1719,0
DA:1720,0
DA:1725,8
DA:1726,1
DA:1727,1
DA:1728,1
DA:1730,1
DA:1732,1
DA:1760,1
DA:1761,0
DA:1763,1
DA:1767,1
DA:1768,1
DA:1769,0
DA:1773,1
DA:1780,0
DA:1784,1
DA:1786,0
DA:1787,0
DA:1789,0
DA:1790,0
DA:1795,8
DA:1796,1
DA:1797,1
DA:1798,1
DA:1801,1
DA:1802,1
DA:1803,0
DA:1804,0
DA:1805,0
DA:1809,1
DA:1815,1
DA:1817,1
DA:1836,1
DA:1837,0
DA:1839,1
DA:1843,1
DA:1844,1
DA:1845,0
DA:1847,1
DA:1848,1
DA:1849,1
DA:1851,1
DA:1853,1
DA:1854,0
DA:1858,1
DA:1860,0
DA:1861,0
DA:1863,0
DA:1864,0
DA:1869,8
DA:1870,1
DA:1871,1
DA:1872,1
DA:1875,1
DA:1876,1
DA:1877,1
DA:1879,1
DA:1881,1
DA:1905,1
DA:1906,0
DA:1908,1
DA:1912,1
DA:1914,1
DA:1915,0
DA:1919,1
DA:1921,0
DA:1922,0
DA:1924,0
DA:1925,0
DA:1929,8
DA:1930,0
DA:1931,0
DA:1932,0
DA:1934,0
DA:1935,0
DA:1939,8
DA:1940,0
DA:1941,0
DA:1942,0
DA:1943,0
DA:1945,0
DA:1947,0
DA:1948,0
DA:1952,8
DA:1953,0
DA:1954,0
DA:1955,0
DA:1956,0
DA:1958,0
DA:1959,0
DA:1960,0
DA:1962,0
DA:1964,0
DA:1965,0
DA:1969,8
DA:1970,0
DA:1971,0
DA:1972,0
DA:1973,0
DA:1974,0
DA:1976,0
DA:1978,0
DA:1979,0
DA:1983,8
DA:1984,0
DA:1985,0
DA:1986,0
DA:1987,0
DA:1988,0
DA:1991,0
DA:1999,0
DA:2001,0
DA:2002,0
DA:2006,8
DA:2007,0
DA:2008,0
DA:2009,0
DA:2011,0
DA:2012,0
DA:2014,0
DA:2015,0
DA:2018,0
DA:2025,0
DA:2033,0
DA:2035,0
DA:2036,0
DA:2040,8
DA:2041,0
DA:2042,0
DA:2043,0
DA:2044,0
DA:2046,0
DA:2047,0
DA:2049,0
DA:2050,0
DA:2054,8
DA:2055,0
DA:2056,0
DA:2057,0
DA:2058,0
DA:2060,0
DA:2061,0
DA:2062,0
DA:2064,0
DA:2066,0
DA:2067,0
DA:2071,8
DA:2072,0
DA:2073,0
DA:2074,0
DA:2076,0
DA:2077,0
DA:2081,8
DA:2082,0
DA:2083,0
DA:2084,0
DA:2085,0
DA:2087,0
DA:2088,0
DA:2090,0
DA:2091,0
DA:2095,8
DA:2096,0
DA:2097,0
DA:2098,0
DA:2099,0
DA:2100,0
DA:2103,0
DA:2104,0
DA:2105,0
DA:2108,0
DA:2109,0
DA:2110,0
DA:2115,0
DA:2118,0
DA:2119,0
DA:2121,0
DA:2122,0
DA:2123,0
DA:2125,0
DA:2126,0
DA:2128,0
DA:2129,0
DA:2131,0
DA:2135,0
DA:2143,0
DA:2145,0
DA:2146,0
DA:2150,8
DA:2151,0
DA:2152,0
DA:2153,0
DA:2154,0
DA:2155,0
DA:2158,0
DA:2166,0
DA:2168,0
DA:2169,0
DA:2173,8
DA:2174,0
DA:2175,0
DA:2176,0
DA:2178,0
DA:2179,0
DA:2180,0
DA:2184,0
DA:2191,0
DA:2193,0
DA:2194,0
DA:2199,8
DA:2200,0
DA:2201,0
DA:2202,0
DA:2203,0
DA:2205,0
DA:2207,0
DA:2208,0
DA:2212,8
DA:2213,2
DA:2214,2
DA:2215,2
DA:2216,1
DA:2218,1
DA:2220,0
DA:2221,0
DA:2225,8
DA:2226,9
DA:2227,9
DA:2230,9
DA:2231,9
DA:2234,9
DA:2244,9
DA:2245,9
DA:2247,9
DA:2249,0
DA:2250,0
DA:2252,0
DA:2253,0
DA:2258,8
DA:2259,0
DA:2260,0
DA:2261,0
DA:2263,0
DA:2264,0
DA:2266,0
DA:2276,0
DA:2277,0
DA:2278,0
DA:2282,0
DA:2284,0
DA:2285,0
DA:2289,8
DA:2290,0
DA:2291,0
DA:2292,0
DA:2293,0
DA:2296,0
DA:2297,0
DA:2298,0
DA:2300,0
DA:2301,0
DA:2302,0
DA:2317,0
DA:2320,0
DA:2328,0
DA:2329,0
DA:2331,0
DA:2335,0
DA:2341,0
DA:2342,0
DA:2346,8
DA:2347,0
DA:2348,0
DA:2349,0
DA:2350,0
DA:2352,0
DA:2353,0
DA:2354,0
DA:2358,0
DA:2359,0
DA:2360,0
DA:2361,0
DA:2362,0
DA:2365,0
DA:2367,0
DA:2368,0
DA:2372,8
DA:2373,1
DA:2374,1
DA:2376,1
DA:2377,0
DA:2380,1
DA:2381,1
DA:2382,0
DA:2384,1
DA:2386,0
DA:2387,0
DA:2391,8
DA:2392,1
DA:2393,1
DA:2394,1
DA:2395,0
DA:2397,1
DA:2399,0
DA:2400,0
DA:2404,8
DA:2405,0
DA:2406,0
DA:2407,0
DA:2408,0
DA:2411,0
DA:2412,0
DA:2413,0
DA:2416,0
DA:2431,0
DA:2432,0
DA:2433,0
DA:2435,0
DA:2437,0
DA:2438,0
DA:2442,8
DA:2443,0
DA:2444,0
DA:2445,0
DA:2446,0
DA:2447,0
DA:2449,0
DA:2450,0
DA:2451,0
DA:2458,0
DA:2494,0
DA:2495,0
DA:2499,8
DA:2500,0
DA:2581,0
DA:2583,0
DA:2585,0
DA:2669,0
DA:2670,0
DA:2673,0
DA:2674,0
DA:2676,0
DA:2677,0
DA:2678,0
DA:2679,0
DA:2685,0
DA:2688,0
DA:2689,0
DA:2690,0
DA:2695,0
DA:2696,0
DA:2701,8
DA:2702,0
DA:2703,0
DA:2706,0
DA:2707,0
DA:2708,0
DA:2710,0
DA:2711,0
DA:2717,0
DA:2719,0
DA:2720,0
DA:2726,0
DA:2731,0
DA:2732,0
DA:2740,8
DA:2741,0
DA:2742,0
DA:2749,0
DA:2755,0
DA:2756,0
DA:2759,0
DA:2763,0
DA:2764,0
DA:2768,0
DA:2769,0
DA:2774,8
DA:2775,0
DA:2776,0
DA:2778,0
DA:2779,0
DA:2787,0
DA:2822,0
DA:2823,0
DA:2825,0
DA:2826,0
DA:2831,8
DA:2832,0
DA:2833,0
DA:2835,0
DA:2836,0
DA:2837,0
DA:2840,0
DA:2841,0
DA:2843,0
DA:2844,0
DA:2845,0
DA:2848,0
DA:2849,0
DA:2850,0
DA:2851,0
DA:2854,0
DA:2861,0
DA:2862,0
DA:2865,0
DA:2866,0
DA:2869,0
DA:2871,0
DA:2872,0
DA:2883,0
DA:2884,0
DA:2889,8
DA:2890,0
DA:2891,0
DA:2892,0
DA:2893,0
DA:2896,0
DA:2897,0
DA:2898,0
DA:2899,0
DA:2901,0
DA:2903,0
DA:2904,0
DA:2915,0
DA:2916,0
DA:2921,8
DA:2922,0
DA:2923,0
DA:2925,0
DA:2927,0
DA:2928,0
DA:2929,0
DA:2932,0
DA:2946,0
DA:2948,0
DA:2950,0
DA:2951,0
DA:2953,0
DA:2954,0
DA:2958,8
DA:2959,0
DA:2960,0
DA:2961,0
DA:2963,0
DA:2964,0
DA:2968,8
DA:2969,0
DA:2970,0
DA:2971,0
DA:2972,0
DA:2973,0
DA:2975,0
DA:2977,0
DA:2978,0
DA:2982,8
DA:2983,0
DA:2984,0
DA:2985,0
DA:2987,0
DA:2988,0
DA:2993,8
DA:2994,0
DA:2995,0
DA:2997,0
DA:2999,0
DA:3000,0
DA:3001,0
DA:3005,0
DA:3006,0
DA:3007,0
DA:3008,0
DA:3011,0
DA:3021,0
DA:3023,0
DA:3025,0
DA:3026,0
DA:3028,0
DA:3029,0
DA:3033,8
DA:3034,0
DA:3035,0
DA:3036,0
DA:3038,0
DA:3039,0
DA:3043,8
DA:3044,0
DA:3045,0
DA:3046,0
DA:3047,0
DA:3049,0
DA:3050,0
DA:3052,0
DA:3053,0
DA:3057,8
DA:3058,0
DA:3059,0
DA:3060,0
DA:3062,0
DA:3063,0
DA:3068,8
DA:3069,0
DA:3070,0
DA:3071,0
DA:3073,0
DA:3074,0
DA:3078,8
DA:3079,0
DA:3080,0
DA:3081,0
DA:3083,0
DA:3084,0
DA:3088,8
DA:3089,0
DA:3090,0
DA:3091,0
DA:3093,0
DA:3094,0
DA:3098,8
DA:3099,0
DA:3100,0
DA:3102,0
DA:3103,0
DA:3106,0
DA:3116,0
DA:3118,0
DA:3119,0
DA:3123,8
DA:3124,0
DA:3125,0
DA:3126,0
DA:3127,0
DA:3129,0
DA:3131,0
DA:3132,0
DA:3136,8
DA:3137,0
DA:3138,0
DA:3139,0
DA:3141,0
DA:3142,0
DA:3147,8
DA:3148,0
DA:3149,0
DA:3150,0
DA:3152,0
DA:3153,0
DA:3157,8
DA:3158,0
DA:3159,0
DA:3160,0
DA:3162,0
DA:3170,0
DA:3172,0
DA:3173,0
DA:3177,8
DA:3178,0
DA:3179,0
DA:3180,0
DA:3182,0
DA:3183,0
DA:3188,8
DA:3189,0
DA:3190,0
DA:3191,0
DA:3192,0
DA:3194,0
DA:3195,0
DA:3197,0
DA:3198,0
DA:3202,8
DA:3203,0
DA:3204,0
DA:3205,0
DA:3207,0
DA:3208,0
DA:3213,8
DA:3214,0
DA:3215,0
DA:3217,0
DA:3218,0
DA:3220,0
DA:3224,0
DA:3225,0
DA:3227,0
DA:3228,0
DA:3233,8
DA:3234,0
DA:3235,0
DA:3236,0
DA:3237,0
DA:3241,0
DA:3242,0
DA:3244,0
DA:3245,0
DA:3250,8
DA:3251,0
DA:3252,0
DA:3254,0
DA:3255,0
DA:3258,0
DA:3259,0
DA:3260,0
DA:3263,0
DA:3265,0
DA:3266,0
DA:3267,0
DA:3268,0
DA:3269,0
DA:3270,0
DA:3271,0
DA:3272,0
DA:3273,0
DA:3275,0
DA:3278,0
DA:3280,0
DA:3281,0
DA:3284,0
DA:3285,0
DA:3287,0
DA:3288,0
DA:3289,0
DA:3304,0
DA:3305,0
DA:3307,0
DA:3310,0
DA:3313,0
DA:3316,0
DA:3323,0
DA:3324,0
DA:3329,8
DA:3330,0
DA:3331,0
DA:3332,0
DA:3333,0
DA:3334,0
DA:3335,0
DA:3336,0
DA:3337,0
DA:3338,0
DA:3340,0
DA:3341,0
DA:3342,0
DA:3343,0
DA:3344,0
DA:3346,0
DA:3347,0
DA:3348,0
DA:3360,0
DA:3362,0
DA:3363,0
DA:3364,0
DA:3376,0
DA:3379,0
DA:3380,0
DA:3382,0
DA:3383,0
DA:3390,0
DA:3391,0
DA:3392,0
DA:3393,0
DA:3396,0
DA:3399,0
DA:3413,0
DA:3414,0
DA:3417,0
DA:3447,0
DA:3448,0
DA:3454,8
DA:3455,0
DA:3456,0
DA:3457,0
DA:3459,0
DA:3460,0
DA:3464,8
DA:3465,0
DA:3466,0
DA:3467,0
DA:3469,0
DA:3470,0
DA:3474,8
DA:3475,0
DA:3476,0
DA:3477,0
DA:3478,0
DA:3480,0
DA:3482,0
DA:3483,0
DA:3487,8
DA:3488,0
DA:3489,0
DA:3490,0
DA:3491,0
DA:3504,0
DA:3506,0
DA:3507,0
DA:3511,8
DA:3512,0
DA:3513,0
DA:3514,0
DA:3515,0
DA:3516,0
DA:3517,0
DA:3518,0
DA:3520,0
DA:3521,0
DA:3522,0
DA:3524,0
DA:3526,0
DA:3527,0
DA:3531,8
DA:3532,0
DA:3533,0
DA:3534,0
DA:3535,0
DA:3537,0
DA:3539,0
DA:3540,0
DA:3546,8
DA:3547,0
DA:3548,0
DA:3549,0
DA:3551,0
DA:3552,0
DA:3556,8
DA:3557,0
DA:3558,0
DA:3559,0
DA:3561,0
DA:3562,0
DA:3566,8
DA:3567,0
DA:3568,0
DA:3569,0
DA:3571,0
DA:3572,0
DA:3576,8
DA:3577,0
DA:3578,0
DA:3579,0
DA:3580,0
DA:3582,0
DA:3583,0
DA:3587,8
DA:3588,0
DA:3589,0
DA:3590,0
DA:3598,0
DA:3600,0
DA:3601,0
DA:3605,8
DA:3606,0
DA:3607,0
DA:3608,0
DA:3609,0
DA:3610,0
DA:3612,0
DA:3613,0
DA:3615,0
DA:3616,0
DA:3617,0
DA:3619,0
DA:3621,0
DA:3622,0
DA:3627,8
DA:3628,0
DA:3629,0
DA:3630,0
DA:3632,0
DA:3633,0
DA:3634,0
DA:3635,0
DA:3636,0
DA:3637,0
DA:3638,0
DA:3640,0
DA:3652,0
DA:3658,0
DA:3659,0
DA:3664,8
DA:3665,0
DA:3666,0
DA:3667,0
DA:3669,0
DA:3683,0
DA:3684,0
DA:3685,0
DA:3686,0
DA:3687,0
DA:3689,0
DA:3692,0
DA:3693,0
DA:3700,8
DA:3701,0
DA:3702,0
DA:3703,0
DA:3705,0
DA:3709,8
DA:3710,0
DA:3711,0
DA:3713,0
DA:3719,0
DA:3720,0
DA:3725,0
DA:3729,0
DA:3730,0
DA:3731,0
DA:3732,0
DA:3738,0
DA:3741,0
DA:3752,0
DA:3753,0
DA:3755,0
DA:3756,0
DA:3761,8
DA:3762,0
DA:3763,0
DA:3764,0
DA:3765,0
DA:3767,0
DA:3768,0
DA:3770,0
DA:3771,0
DA:3776,8
DA:3777,0
DA:3778,0
DA:3779,0
DA:3782,0
DA:3790,0
DA:3797,0
DA:3798,0
DA:3803,8
DA:3804,0
DA:3805,0
DA:3806,0
DA:3808,0
DA:3809,0
DA:3814,8
DA:3815,0
DA:3816,0
DA:3817,0
DA:3819,0
DA:3820,0
DA:3825,8
DA:3826,0
DA:3827,0
DA:3829,0
DA:3831,0
DA:3832,0
DA:3836,0
DA:3838,0
DA:3839,0
DA:3841,0
DA:3843,0
DA:3844,0
DA:3845,0
DA:3848,0
DA:3849,0
DA:3856,0
DA:3857,0
DA:3858,0
DA:3861,0
DA:3862,0
DA:3863,0
DA:3864,0
DA:3869,0
DA:3881,0
DA:3889,0
DA:3890,0
DA:3892,0
DA:3893,0
DA:3894,0
DA:3898,0
DA:3900,0
DA:3901,0
DA:3903,0
DA:3904,0
DA:3906,0
DA:3910,0
DA:3912,0
DA:3914,0
DA:3921,0
DA:3922,0
DA:3927,8
DA:3928,0
DA:3929,0
DA:3931,0
DA:3933,0
DA:3934,0
DA:3938,0
DA:3939,0
DA:3940,0
DA:3944,0
DA:3946,0
DA:3947,0
DA:3949,0
DA:3950,0
DA:3953,0
DA:3954,0
DA:3960,0
DA:3967,0
DA:3968,0
DA:3973,0
DA:3974,0
DA:3976,0
DA:3977,0
DA:3978,0
DA:3979,0
DA:3981,0
DA:3984,0
DA:3985,0
DA:3990,8
DA:3991,0
DA:3992,0
DA:4018,0
DA:4019,0
DA:4020,0
DA:4021,0
DA:4023,0
DA:4026,0
DA:4027,0
DA:4028,0
DA:4029,0
DA:4030,0
DA:4031,0
DA:4032,0
DA:4040,0
DA:4044,0
DA:4045,0
DA:4046,0
DA:4053,0
DA:4056,0
DA:4058,0
DA:4059,0
DA:4066,8
DA:4067,0
DA:4068,0
DA:4069,0
DA:4071,0
DA:4086,0
DA:4088,0
DA:4089,0
DA:4094,8
DA:4095,0
DA:4096,0
DA:4097,0
DA:4098,0
DA:4100,0
DA:4103,0
DA:4110,0
DA:4117,0
DA:4124,0
DA:4132,0
DA:4133,0
DA:4134,0
DA:4142,0
DA:4151,0
DA:4152,0
DA:4153,0
DA:4162,0
DA:4163,0
DA:4165,0
DA:4173,0
DA:4183,0
DA:4184,0
DA:4185,0
DA:4186,0
DA:4194,0
DA:4195,0
DA:4196,0
DA:4197,0
DA:4206,0
DA:4211,0
DA:4213,0
DA:4214,0
DA:4219,8
DA:4220,0
DA:4221,0
DA:4222,0
DA:4223,0
DA:4226,0
DA:4227,0
DA:4228,0
DA:4232,0
DA:4233,0
DA:4234,0
DA:4236,0
DA:4237,0
DA:4238,0
DA:4239,0
DA:4241,0
DA:4244,0
DA:4249,0
DA:4250,0
DA:4254,0
DA:4255,0
DA:4256,0
DA:4266,0
DA:4273,0
DA:4274,0
DA:4281,8
DA:4282,0
DA:4283,0
DA:4284,0
DA:4286,0
DA:4287,0
DA:4292,8
DA:4293,0
DA:4294,0
DA:4296,0
DA:4297,0
DA:4301,0
DA:4303,0
DA:4304,0
DA:4308,0
DA:4309,0
DA:4311,0
DA:4317,0
DA:4319,0
DA:4321,0
DA:4322,0
DA:4333,0
DA:4334,0
DA:4335,0
DA:4336,0
DA:4337,0
DA:4338,0
DA:4343,0
DA:4347,0
DA:4348,0
DA:4349,0
DA:4350,0
DA:4369,0
DA:4370,0
DA:4371,0
DA:4372,0
DA:4373,0
DA:4375,0
DA:4376,0
DA:4381,0
DA:4382,0
DA:4383,0
DA:4384,0
DA:4385,0
DA:4386,0
DA:4388,0
DA:4393,0
DA:4394,0
DA:4398,0
DA:4399,0
DA:4403,0
DA:4420,0
DA:4421,0
DA:4422,0
DA:4423,0
DA:4426,0
DA:4429,0
DA:4441,0
DA:4443,0
DA:4445,0
DA:4446,0
DA:4451,8
DA:4452,0
DA:4454,0
DA:4455,0
DA:4457,0
DA:4458,0
DA:4459,0
DA:4462,0
DA:4463,0
DA:4464,0
DA:4467,0
DA:4469,0
DA:4472,0
DA:4473,0
DA:4474,0
DA:4475,0
DA:4476,0
DA:4477,0
DA:4480,0
DA:4481,0
DA:4482,0
DA:4483,0
DA:4484,0
DA:4485,0
DA:4486,0
DA:4494,0
DA:4495,0
DA:4496,0
DA:4499,0
DA:4502,0
DA:4503,0
DA:4504,0
DA:4508,0
DA:4509,0
DA:4511,0
DA:4512,0
DA:4516,0
DA:4517,0
DA:4518,0
DA:4519,0
DA:4521,0
DA:4522,0
DA:4527,0
DA:4530,0
DA:4543,0
DA:4546,0
DA:4550,0
DA:4552,0
DA:4554,0
DA:4555,0
DA:4560,8
DA:4561,0
DA:4562,0
DA:4563,0
DA:4564,0
DA:4566,0
DA:4567,0
DA:4569,0
DA:4570,0
DA:4575,8
DA:4576,0
DA:4577,0
DA:4578,0
DA:4579,0
DA:4581,0
DA:4582,0
DA:4587,8
DA:4588,0
DA:4589,0
DA:4590,0
DA:4592,0
DA:4593,0
DA:4596,0
DA:4597,0
DA:4599,0
DA:4600,0
DA:4605,8
DA:4606,0
DA:4607,0
DA:4608,0
DA:4609,0
DA:4611,0
DA:4612,0
DA:4617,8
DA:4618,0
DA:4619,0
DA:4620,0
DA:4621,0
DA:4623,0
DA:4624,0
DA:4630,8
DA:4631,0
DA:4634,0
DA:4635,0
DA:4636,0
DA:4642,0
DA:4650,0
DA:4651,0
DA:4652,0
DA:4653,0
DA:4655,0
DA:4656,0
DA:4662,0
DA:4670,0
DA:4678,0
DA:4679,0
DA:4680,0
DA:4681,0
DA:4687,0
DA:4696,0
DA:4697,0
DA:4698,0
DA:4699,0
DA:4700,0
DA:4701,0
DA:4707,0
DA:4714,0
DA:4721,0
DA:4729,0
DA:4730,0
DA:4731,0
DA:4737,0
DA:4745,0
DA:4746,0
DA:4747,0
DA:4748,0
DA:4749,0
DA:4750,0
DA:4756,0
DA:4764,0
DA:4765,0
DA:4766,0
DA:4767,0
DA:4768,0
DA:4774,0
DA:4782,0
DA:4783,0
DA:4784,0
DA:4790,0
DA:4798,0
DA:4799,0
DA:4800,0
DA:4801,0
DA:4803,0
DA:4804,0
DA:4810,0
DA:4811,0
DA:4819,0
DA:4827,0
DA:4828,0
DA:4829,0
DA:4830,0
DA:4831,0
DA:4834,0
DA:4835,0
DA:4843,0
DA:4846,0
DA:4860,8
DA:4861,0
DA:4862,0
DA:4863,0
DA:4864,0
DA:4872,0
DA:4876,8
DA:4880,0
DA:4881,0
DA:4882,0
DA:4883,0
DA:4884,0
DA:4886,0
DA:4887,0
DA:4888,0
DA:4889,0
DA:4890,0
DA:4892,0
DA:4895,0
DA:4898,0
DA:4899,0
DA:4900,0
DA:4903,0
DA:4904,0
DA:4910,0
DA:4913,0
DA:4918,0
DA:4919,0
DA:4920,0
DA:4922,0
DA:4923,0
DA:4925,0
DA:4926,0
DA:4928,0
DA:4929,0
DA:4930,0
DA:4931,0
DA:4932,0
DA:4938,0
DA:4941,0
DA:4947,0
DA:4981,0
DA:4983,0
DA:4987,0
DA:4988,0
DA:4989,0
DA:4991,0
DA:5023,0
DA:5024,0
DA:5026,0
DA:5029,0
DA:5034,0
DA:5035,0
DA:5036,0
DA:5037,0
DA:5039,0
DA:5040,0
DA:5045,0
DA:5047,0
DA:5048,0
DA:5053,0
DA:5054,0
DA:5055,0
DA:5056,0
DA:5059,0
DA:5061,0
DA:5062,0
DA:5063,0
DA:5066,0
DA:5069,0
DA:5071,0
DA:5072,0
DA:5082,0
DA:5083,0
DA:5086,0
DA:5087,0
DA:5090,0
DA:5092,0
LF:2098
LH:348
BRDA:37,0,0,0
BRDA:37,0,1,0
BRDA:41,1,0,0
BRDA:41,1,1,0
BRDA:57,2,0,14
BRDA:57,2,1,0
BRDA:58,3,0,14
BRDA:58,3,1,0
BRDA:60,4,0,14
BRDA:60,4,1,0
BRDA:60,5,0,14
BRDA:60,5,1,14
BRDA:66,6,0,0
BRDA:66,6,1,0
BRDA:67,7,0,14
BRDA:67,7,1,0
BRDA:69,8,0,0
BRDA:69,8,1,14
BRDA:69,9,0,14
BRDA:69,9,1,0
BRDA:74,10,0,0
BRDA:74,10,1,0
BRDA:74,10,2,0
BRDA:75,11,0,14
BRDA:75,11,1,0
BRDA:75,11,2,0
BRDA:76,12,0,0
BRDA:76,12,1,0
BRDA:76,13,0,14
BRDA:76,13,1,0
BRDA:82,14,0,0
BRDA:82,14,1,0
BRDA:82,15,0,0
BRDA:82,15,1,0
BRDA:90,16,0,0
BRDA:90,16,1,0
BRDA:90,17,0,0
BRDA:90,17,1,0
BRDA:96,18,0,0
BRDA:96,18,1,0
BRDA:96,19,0,0
BRDA:96,19,1,0
BRDA:101,20,0,0
BRDA:101,20,1,0
BRDA:101,21,0,0
BRDA:101,21,1,0
BRDA:101,21,2,0
BRDA:116,22,0,0
BRDA:116,22,1,0
BRDA:117,23,0,0
BRDA:117,23,1,0
BRDA:125,24,0,0
BRDA:125,24,1,0
BRDA:130,25,0,0
BRDA:130,25,1,0
BRDA:140,26,0,0
BRDA:140,26,1,0
BRDA:140,27,0,0
BRDA:140,27,1,0
BRDA:155,28,0,0
BRDA:155,28,1,0
BRDA:163,29,0,0
BRDA:163,29,1,0
BRDA:170,30,0,0
BRDA:170,30,1,0
BRDA:191,31,0,0
BRDA:191,31,1,0
BRDA:193,32,0,0
BRDA:193,32,1,0
BRDA:200,33,0,0
BRDA:200,33,1,0
BRDA:203,34,0,0
BRDA:203,34,1,0
BRDA:206,35,0,0
BRDA:206,35,1,0
BRDA:219,36,0,0
BRDA:219,36,1,6
BRDA:219,37,0,6
BRDA:219,37,1,6
BRDA:241,38,0,0
BRDA:241,38,1,4
BRDA:245,39,0,0
BRDA:245,39,1,0
BRDA:248,40,0,0
BRDA:248,40,1,0
BRDA:251,41,0,0
BRDA:251,41,1,0
BRDA:265,42,0,6
BRDA:268,43,0,0
BRDA:268,43,1,6
BRDA:268,44,0,6
BRDA:268,44,1,6
BRDA:290,45,0,0
BRDA:290,45,1,6
BRDA:297,46,0,6
BRDA:297,46,1,0
BRDA:310,47,0,11
BRDA:310,47,1,0
BRDA:313,48,0,0
BRDA:313,48,1,0
BRDA:313,49,0,0
BRDA:313,49,1,0
BRDA:332,50,0,0
BRDA:332,50,1,18
BRDA:332,51,0,18
BRDA:332,51,1,18
BRDA:338,52,0,4
BRDA:338,52,1,5
BRDA:345,53,0,0
BRDA:345,53,1,0
BRDA:345,54,0,0
BRDA:345,54,1,0
BRDA:354,55,0,0
BRDA:354,55,1,4
BRDA:361,56,0,4
BRDA:361,56,1,0
BRDA:363,57,0,4
BRDA:363,57,1,0
BRDA:383,58,0,0
BRDA:383,58,1,0
BRDA:390,59,0,0
BRDA:390,59,1,0
BRDA:390,60,0,0
BRDA:390,60,1,0
BRDA:390,60,2,0
BRDA:396,61,0,0
BRDA:396,61,1,0
BRDA:398,62,0,0
BRDA:398,62,1,0
BRDA:405,63,0,0
BRDA:405,63,1,0
BRDA:414,64,0,0
BRDA:414,64,1,0
BRDA:416,65,0,0
BRDA:416,65,1,0
BRDA:437,66,0,0
BRDA:437,66,1,1
BRDA:444,67,0,0
BRDA:444,67,1,1
BRDA:444,68,0,1
BRDA:444,68,1,1
BRDA:444,68,2,1
BRDA:450,69,0,0
BRDA:450,69,1,1
BRDA:452,70,0,1
BRDA:452,70,1,0
BRDA:459,71,0,1
BRDA:459,71,1,0
BRDA:468,72,0,1
BRDA:468,72,1,0
BRDA:470,73,0,0
BRDA:470,73,1,0
BRDA:491,74,0,0
BRDA:491,74,1,1
BRDA:498,75,0,0
BRDA:498,75,1,1
BRDA:498,76,0,1
BRDA:498,76,1,1
BRDA:498,76,2,1
BRDA:504,77,0,0
BRDA:504,77,1,1
BRDA:506,78,0,1
BRDA:506,78,1,0
BRDA:513,79,0,1
BRDA:513,79,1,0
BRDA:522,80,0,1
BRDA:522,80,1,0
BRDA:524,81,0,0
BRDA:524,81,1,0
BRDA:582,82,0,0
BRDA:582,82,1,0
BRDA:587,83,0,0
BRDA:587,83,1,0
BRDA:587,84,0,0
BRDA:587,84,1,0
BRDA:596,85,0,1
BRDA:596,85,1,17
BRDA:596,86,0,18
BRDA:596,86,1,18
BRDA:600,87,0,0
BRDA:600,87,1,17
BRDA:605,88,0,17
BRDA:605,88,1,0
BRDA:606,89,0,18
BRDA:606,89,1,0
BRDA:608,90,0,18
BRDA:608,90,1,0
BRDA:617,91,0,0
BRDA:617,91,1,1
BRDA:625,92,0,1
BRDA:625,92,1,2
BRDA:625,93,0,3
BRDA:625,93,1,1
BRDA:626,94,0,1
BRDA:626,94,1,0
BRDA:639,95,0,0
BRDA:639,95,1,0
BRDA:653,96,0,0
BRDA:653,96,1,0
BRDA:653,97,0,0
BRDA:653,97,1,0
BRDA:656,98,0,0
BRDA:656,98,1,0
BRDA:656,99,0,0
BRDA:656,99,1,0
BRDA:661,100,0,0
BRDA:661,100,1,0
BRDA:670,101,0,0
BRDA:670,101,1,0
BRDA:676,102,0,0
BRDA:676,102,1,0
BRDA:690,103,0,0
BRDA:690,103,1,0
BRDA:695,104,0,0
BRDA:695,104,1,0
BRDA:699,105,0,0
BRDA:699,105,1,0
BRDA:701,106,0,0
BRDA:701,106,1,0
BRDA:707,107,0,0
BRDA:707,107,1,0
BRDA:722,108,0,0
BRDA:722,108,1,0
BRDA:722,109,0,0
BRDA:722,109,1,0
BRDA:727,110,0,0
BRDA:727,110,1,0
BRDA:731,111,0,0
BRDA:731,111,1,0
BRDA:731,112,0,0
BRDA:731,112,1,0
BRDA:733,113,0,0
BRDA:733,113,1,0
BRDA:739,114,0,0
BRDA:739,114,1,0
BRDA:746,115,0,0
BRDA:746,115,1,0
BRDA:761,116,0,0
BRDA:761,116,1,0
BRDA:761,117,0,0
BRDA:761,117,1,0
BRDA:766,118,0,0
BRDA:766,118,1,0
BRDA:772,119,0,0
BRDA:772,119,1,0
BRDA:785,120,0,0
BRDA:785,120,1,0
BRDA:786,121,0,0
BRDA:786,121,1,0
BRDA:793,122,0,0
BRDA:793,122,1,0
BRDA:811,123,0,0
BRDA:811,123,1,0
BRDA:819,124,0,0
BRDA:819,124,1,0
BRDA:825,125,0,0
BRDA:825,125,1,0
BRDA:843,126,0,0
BRDA:843,126,1,0
BRDA:852,127,0,0
BRDA:852,127,1,0
BRDA:857,128,0,0
BRDA:857,128,1,0
BRDA:857,129,0,0
BRDA:857,129,1,0
BRDA:860,130,0,0
BRDA:860,130,1,0
BRDA:863,131,0,0
BRDA:863,131,1,0
BRDA:866,132,0,0
BRDA:866,132,1,0
BRDA:896,133,0,0
BRDA:896,133,1,0
BRDA:896,134,0,0
BRDA:896,134,1,0
BRDA:901,135,0,0
BRDA:901,135,1,0
BRDA:902,136,0,0
BRDA:902,136,1,0
BRDA:910,137,0,0
BRDA:910,137,1,0
BRDA:911,138,0,0
BRDA:911,138,1,0
BRDA:924,139,0,0
BRDA:924,139,1,0
BRDA:924,140,0,0
BRDA:924,140,1,0
BRDA:930,141,0,0
BRDA:930,141,1,0
BRDA:956,142,0,0
BRDA:956,142,1,1
BRDA:957,143,0,0
BRDA:957,143,1,0
BRDA:958,144,0,0
BRDA:958,144,1,0
BRDA:961,145,0,0
BRDA:961,145,1,0
BRDA:974,146,0,1
BRDA:974,146,1,0
BRDA:980,147,0,0
BRDA:980,147,1,0
BRDA:988,148,0,0
BRDA:988,148,1,0
BRDA:989,149,0,0
BRDA:989,149,1,0
BRDA:1004,150,0,0
BRDA:1004,150,1,0
BRDA:1012,151,0,0
BRDA:1012,151,1,0
BRDA:1030,152,0,0
BRDA:1030,152,1,0
BRDA:1030,153,0,0
BRDA:1030,153,1,0
BRDA:1039,154,0,0
BRDA:1039,154,1,0
BRDA:1048,155,0,0
BRDA:1048,155,1,0
BRDA:1048,156,0,0
BRDA:1048,156,1,0
BRDA:1062,157,0,0
BRDA:1062,157,1,0
BRDA:1062,158,0,0
BRDA:1062,158,1,0
BRDA:1067,159,0,0
BRDA:1067,159,1,0
BRDA:1067,160,0,0
BRDA:1067,160,1,0
BRDA:1081,161,0,0
BRDA:1081,161,1,0
BRDA:1081,162,0,0
BRDA:1081,162,1,0
BRDA:1086,163,0,0
BRDA:1086,163,1,0
BRDA:1086,164,0,0
BRDA:1086,164,1,0
BRDA:1100,165,0,0
BRDA:1100,165,1,0
BRDA:1100,166,0,0
BRDA:1100,166,1,0
BRDA:1105,167,0,0
BRDA:1105,167,1,0
BRDA:1105,168,0,0
BRDA:1105,168,1,0
BRDA:1119,169,0,0
BRDA:1119,169,1,0
BRDA:1119,170,0,0
BRDA:1119,170,1,0
BRDA:1124,171,0,0
BRDA:1124,171,1,0
BRDA:1124,172,0,0
BRDA:1124,172,1,0
BRDA:1129,173,0,0
BRDA:1129,173,1,0
BRDA:1129,174,0,0
BRDA:1129,174,1,0
BRDA:1129,174,2,0
BRDA:1148,175,0,0
BRDA:1148,175,1,0
BRDA:1148,176,0,0
BRDA:1148,176,1,0
BRDA:1153,177,0,0
BRDA:1153,177,1,0
BRDA:1153,178,0,0
BRDA:1153,178,1,0
BRDA:1158,179,0,0
BRDA:1158,179,1,0
BRDA:1159,180,0,0
BRDA:1159,180,1,0
BRDA:1160,181,0,0
BRDA:1160,181,1,0
BRDA:1162,182,0,0
BRDA:1162,182,1,0
BRDA:1163,183,0,0
BRDA:1163,183,1,0
BRDA:1164,184,0,0
BRDA:1164,184,1,0
BRDA:1169,185,0,0
BRDA:1169,185,1,0
BRDA:1183,186,0,0
BRDA:1183,186,1,0
BRDA:1183,187,0,0
BRDA:1183,187,1,0
BRDA:1200,188,0,0
BRDA:1200,188,1,0
BRDA:1200,188,2,0
BRDA:1213,189,0,0
BRDA:1213,189,1,0
BRDA:1220,190,0,0
BRDA:1220,190,1,0
BRDA:1252,191,0,0
BRDA:1252,191,1,0
BRDA:1252,192,0,0
BRDA:1252,192,1,0
BRDA:1257,193,0,0
BRDA:1257,193,1,0
BRDA:1283,194,0,0
BRDA:1283,194,1,0
BRDA:1284,195,0,0
BRDA:1284,195,1,0
BRDA:1286,196,0,0
BRDA:1286,196,1,0
BRDA:1287,197,0,0
BRDA:1287,197,1,0
BRDA:1289,198,0,0
BRDA:1289,198,1,0
BRDA:1290,199,0,0
BRDA:1290,199,1,0
BRDA:1292,200,0,0
BRDA:1292,200,1,0
BRDA:1293,201,0,0
BRDA:1293,201,1,0
BRDA:1297,202,0,0
BRDA:1297,202,1,0
BRDA:1313,203,0,4
BRDA:1313,203,1,0
BRDA:1317,204,0,0
BRDA:1317,204,1,0
BRDA:1320,205,0,0
BRDA:1320,205,1,0
BRDA:1323,206,0,0
BRDA:1323,206,1,0
BRDA:1352,207,0,0
BRDA:1352,207,1,0
BRDA:1373,208,0,0
BRDA:1373,208,1,0
BRDA:1387,209,0,0
BRDA:1387,209,1,0
BRDA:1413,210,0,0
BRDA:1413,210,1,0
BRDA:1417,211,0,0
BRDA:1417,211,1,0
BRDA:1431,212,0,0
BRDA:1431,212,1,1
BRDA:1437,213,0,0
BRDA:1437,213,1,0
BRDA:1439,214,0,0
BRDA:1439,214,1,1
BRDA:1443,215,0,0
BRDA:1443,215,1,0
BRDA:1469,216,0,0
BRDA:1469,216,1,0
BRDA:1469,217,0,0
BRDA:1469,217,1,0
BRDA:1474,218,0,0
BRDA:1474,218,1,0
BRDA:1486,219,0,0
BRDA:1486,219,1,0
BRDA:1493,220,0,0
BRDA:1493,220,1,0
BRDA:1499,221,0,0
BRDA:1499,221,1,0
BRDA:1499,222,0,0
BRDA:1499,222,1,0
BRDA:1502,223,0,0
BRDA:1502,223,1,0
BRDA:1505,224,0,0
BRDA:1505,224,1,0
BRDA:1505,224,2,0
BRDA:1508,225,0,0
BRDA:1508,225,1,0
BRDA:1509,226,0,0
BRDA:1509,226,1,0
BRDA:1509,226,2,0
BRDA:1509,226,3,0
BRDA:1514,227,0,0
BRDA:1514,227,1,0
BRDA:1515,228,0,0
BRDA:1515,228,1,0
BRDA:1516,229,0,0
BRDA:1516,229,1,0
BRDA:1518,230,0,0
BRDA:1518,230,1,0
BRDA:1518,231,0,0
BRDA:1518,231,1,0
BRDA:1518,231,2,0
BRDA:1522,232,0,0
BRDA:1522,232,1,0
BRDA:1526,233,0,0
BRDA:1526,233,1,0
BRDA:1549,234,0,0
BRDA:1549,234,1,0
BRDA:1554,235,0,0
BRDA:1554,235,1,0
BRDA:1567,236,0,0
BRDA:1567,236,1,0
BRDA:1572,237,0,0
BRDA:1572,237,1,0
BRDA:1589,238,0,1
BRDA:1589,238,1,0
BRDA:1591,239,0,1
BRDA:1591,239,1,0
BRDA:1592,240,0,1
BRDA:1592,240,1,0
BRDA:1593,241,0,1
BRDA:1593,241,1,0
BRDA:1594,242,0,1
BRDA:1594,242,1,0
BRDA:1595,243,0,1
BRDA:1595,243,1,0
BRDA:1635,244,0,1
BRDA:1635,244,1,1
BRDA:1637,245,0,1
BRDA:1637,245,1,0
BRDA:1638,246,0,1
BRDA:1638,246,1,1
BRDA:1640,247,0,1
BRDA:1640,247,1,0
BRDA:1641,248,0,0
BRDA:1641,248,1,1
BRDA:1643,249,0,1
BRDA:1643,249,1,0
BRDA:1644,250,0,1
BRDA:1644,250,1,0
BRDA:1646,251,0,1
BRDA:1646,251,1,0
BRDA:1647,252,0,1
BRDA:1647,252,1,1
BRDA:1649,253,0,1
BRDA:1649,253,1,0
BRDA:1650,254,0,1
BRDA:1650,254,1,0
BRDA:1652,255,0,1
BRDA:1652,255,1,0
BRDA:1675,256,0,0
BRDA:1675,256,1,0
BRDA:1710,257,0,0
BRDA:1710,257,1,0
BRDA:1710,258,0,0
BRDA:1710,258,1,0
BRDA:1714,259,0,0
BRDA:1714,259,1,0
BRDA:1730,260,0,1
BRDA:1730,260,1,0
BRDA:1730,261,0,1
BRDA:1730,261,1,1
BRDA:1754,262,0,1
BRDA:1754,262,1,0
BRDA:1755,263,0,1
BRDA:1755,263,1,0
BRDA:1760,264,0,0
BRDA:1760,264,1,1
BRDA:1786,265,0,0
BRDA:1786,265,1,0
BRDA:1802,266,0,0
BRDA:1802,266,1,1
BRDA:1804,267,0,0
BRDA:1804,267,1,0
BRDA:1809,268,0,1
BRDA:1809,268,1,0
BRDA:1811,269,0,0
BRDA:1811,269,1,0
BRDA:1815,270,0,1
BRDA:1815,270,1,0
BRDA:1815,271,0,1
BRDA:1815,271,1,1
BRDA:1836,272,0,0
BRDA:1836,272,1,1
BRDA:1844,273,0,0
BRDA:1844,273,1,1
BRDA:1848,274,0,1
BRDA:1848,274,1,0
BRDA:1848,275,0,1
BRDA:1848,275,1,1
BRDA:1860,276,0,0
BRDA:1860,276,1,0
BRDA:1876,277,0,1
BRDA:1876,277,1,0
BRDA:1877,278,0,1
BRDA:1877,278,1,0
BRDA:1879,279,0,1
BRDA:1879,279,1,0
BRDA:1879,280,0,1
BRDA:1879,280,1,1
BRDA:1905,281,0,0
BRDA:1905,281,1,1
BRDA:1921,282,0,0
BRDA:1921,282,1,0
BRDA:1942,283,0,0
BRDA:1942,283,1,0
BRDA:1955,284,0,0
BRDA:1955,284,1,0
BRDA:1955,285,0,0
BRDA:1955,285,1,0
BRDA:1959,286,0,0
BRDA:1959,286,1,0
BRDA:1972,287,0,0
BRDA:1972,287,1,0
BRDA:1973,288,0,0
BRDA:1973,288,1,0
BRDA:1986,289,0,0
BRDA:1986,289,1,0
BRDA:1987,290,0,0
BRDA:1987,290,1,0
BRDA:1995,291,0,0
BRDA:1995,291,1,0
BRDA:2011,292,0,0
BRDA:2011,292,1,0
BRDA:2014,293,0,0
BRDA:2014,293,1,0
BRDA:2029,294,0,0
BRDA:2029,294,1,0
BRDA:2043,295,0,0
BRDA:2043,295,1,0
BRDA:2057,296,0,0
BRDA:2057,296,1,0
BRDA:2061,297,0,0
BRDA:2061,297,1,0
BRDA:2084,298,0,0
BRDA:2084,298,1,0
BRDA:2099,299,0,0
BRDA:2099,299,1,0
BRDA:2099,300,0,0
BRDA:2099,300,1,0
BRDA:2104,301,0,0
BRDA:2104,301,1,0
BRDA:2109,302,0,0
BRDA:2109,302,1,0
BRDA:2122,303,0,0
BRDA:2122,303,1,0
BRDA:2123,304,0,0
BRDA:2123,304,1,0
BRDA:2126,305,0,0
BRDA:2126,305,1,0
BRDA:2129,306,0,0
BRDA:2129,306,1,0
BRDA:2153,307,0,0
BRDA:2153,307,1,0
BRDA:2154,308,0,0
BRDA:2154,308,1,0
BRDA:2162,309,0,0
BRDA:2162,309,1,0
BRDA:2180,310,0,0
BRDA:2180,310,1,0
BRDA:2202,311,0,0
BRDA:2202,311,1,0
BRDA:2215,312,0,1
BRDA:2215,312,1,1
BRDA:2238,313,0,9
BRDA:2238,313,1,0
BRDA:2238,314,0,9
BRDA:2238,314,1,0
BRDA:2240,315,0,0
BRDA:2240,315,1,9
BRDA:2240,316,0,0
BRDA:2240,316,1,0
BRDA:2249,317,0,0
BRDA:2249,317,1,0
BRDA:2270,318,0,0
BRDA:2270,318,1,0
BRDA:2270,319,0,0
BRDA:2270,319,1,0
BRDA:2272,320,0,0
BRDA:2272,320,1,0
BRDA:2272,321,0,0
BRDA:2272,321,1,0
BRDA:2276,322,0,0
BRDA:2276,322,1,0
BRDA:2292,323,0,0
BRDA:2292,323,1,0
BRDA:2292,324,0,0
BRDA:2292,324,1,0
BRDA:2307,325,0,0
BRDA:2307,325,1,0
BRDA:2312,326,0,0
BRDA:2312,326,1,0
BRDA:2324,327,0,0
BRDA:2324,327,1,0
BRDA:2324,328,0,0
BRDA:2324,328,1,0
BRDA:2326,329,0,0
BRDA:2326,329,1,0
BRDA:2326,330,0,0
BRDA:2326,330,1,0
BRDA:2331,331,0,0
BRDA:2331,331,1,0
BRDA:2338,332,0,0
BRDA:2338,332,1,0
BRDA:2349,333,0,0
BRDA:2349,333,1,0
BRDA:2349,334,0,0
BRDA:2349,334,1,0
BRDA:2353,335,0,0
BRDA:2353,335,1,0
BRDA:2358,336,0,0
BRDA:2358,336,1,0
BRDA:2358,337,0,0
BRDA:2358,337,1,0
BRDA:2361,338,0,0
BRDA:2361,338,1,0
BRDA:2361,339,0,0
BRDA:2361,339,1,0
BRDA:2376,340,0,0
BRDA:2376,340,1,1
BRDA:2381,341,0,0
BRDA:2381,341,1,1
BRDA:2394,342,0,0
BRDA:2394,342,1,1
BRDA:2407,343,0,0
BRDA:2407,343,1,0
BRDA:2407,344,0,0
BRDA:2407,344,1,0
BRDA:2412,345,0,0
BRDA:2412,345,1,0
BRDA:2425,346,0,0
BRDA:2425,346,1,0
BRDA:2426,347,0,0
BRDA:2426,347,1,0
BRDA:2446,348,0,0
BRDA:2446,348,1,0
BRDA:2449,349,0,0
BRDA:2449,349,1,0
BRDA:2455,350,0,0
BRDA:2455,350,1,0
BRDA:2455,350,2,0
BRDA:2490,351,0,0
BRDA:2490,351,1,0
BRDA:2670,352,0,0
BRDA:2670,352,1,0
BRDA:2670,353,0,0
BRDA:2670,353,1,0
BRDA:2673,354,0,0
BRDA:2673,354,1,0
BRDA:2674,355,0,0
BRDA:2674,355,1,0
BRDA:2676,356,0,0
BRDA:2676,356,1,0
BRDA:2678,357,0,0
BRDA:2678,357,1,0
BRDA:2692,358,0,0
BRDA:2692,358,1,0
BRDA:2707,359,0,0
BRDA:2707,359,1,0
BRDA:2708,360,0,0
BRDA:2708,360,1,0
BRDA:2710,361,0,0
BRDA:2710,361,1,0
BRDA:2710,362,0,0
BRDA:2710,362,1,0
BRDA:2719,363,0,0
BRDA:2719,363,1,0
BRDA:2722,364,0,0
BRDA:2722,364,1,0
BRDA:2726,365,0,0
BRDA:2726,365,1,0
BRDA:2779,366,0,0
BRDA:2779,366,1,0
BRDA:2836,367,0,0
BRDA:2836,367,1,0
BRDA:2849,368,0,0
BRDA:2849,368,1,0
BRDA:2851,369,0,0
BRDA:2851,369,1,0
BRDA:2892,370,0,0
BRDA:2892,370,1,0
BRDA:2927,371,0,0
BRDA:2927,371,1,0
BRDA:2927,372,0,0
BRDA:2927,372,1,0
BRDA:2935,373,0,0
BRDA:2935,373,1,0
BRDA:2936,374,0,0
BRDA:2936,374,1,0
BRDA:2937,375,0,0
BRDA:2937,375,1,0
BRDA:2938,376,0,0
BRDA:2938,376,1,0
BRDA:2939,377,0,0
BRDA:2939,377,1,0
BRDA:2940,378,0,0
BRDA:2940,378,1,0
BRDA:2941,379,0,0
BRDA:2941,379,1,0
BRDA:2943,380,0,0
BRDA:2943,380,1,0
BRDA:2972,381,0,0
BRDA:2972,381,1,0
BRDA:2999,382,0,0
BRDA:2999,382,1,0
BRDA:2999,383,0,0
BRDA:2999,383,1,0
BRDA:2999,383,2,0
BRDA:3006,384,0,0
BRDA:3006,384,1,0
BRDA:3014,385,0,0
BRDA:3014,385,1,0
BRDA:3015,386,0,0
BRDA:3015,386,1,0
BRDA:3018,387,0,0
BRDA:3018,387,1,0
BRDA:3046,388,0,0
BRDA:3046,388,1,0
BRDA:3046,389,0,0
BRDA:3046,389,1,0
BRDA:3102,390,0,0
BRDA:3102,390,1,0
BRDA:3102,391,0,0
BRDA:3102,391,1,0
BRDA:3108,392,0,0
BRDA:3108,392,1,0
BRDA:3109,393,0,0
BRDA:3109,393,1,0
BRDA:3110,394,0,0
BRDA:3110,394,1,0
BRDA:3112,395,0,0
BRDA:3112,395,1,0
BRDA:3113,396,0,0
BRDA:3113,396,1,0
BRDA:3126,397,0,0
BRDA:3126,397,1,0
BRDA:3167,398,0,0
BRDA:3167,398,1,0
BRDA:3168,399,0,0
BRDA:3168,399,1,0
BRDA:3191,400,0,0
BRDA:3191,400,1,0
BRDA:3192,401,0,0
BRDA:3192,401,1,0
BRDA:3218,402,0,0
BRDA:3218,402,1,0
BRDA:3220,403,0,0
BRDA:3220,403,1,0
BRDA:3221,404,0,0
BRDA:3221,404,1,0
BRDA:3236,405,0,0
BRDA:3236,405,1,0
BRDA:3237,406,0,0
BRDA:3237,406,1,0
BRDA:3238,407,0,0
BRDA:3238,407,1,0
BRDA:3254,408,0,0
BRDA:3254,408,1,0
BRDA:3259,409,0,0
BRDA:3259,409,1,0
BRDA:3259,410,0,0
BRDA:3259,410,1,0
BRDA:3265,411,0,0
BRDA:3265,411,1,0
BRDA:3268,412,0,0
BRDA:3268,412,1,0
BRDA:3271,413,0,0
BRDA:3271,413,1,0
BRDA:3273,414,0,0
BRDA:3273,414,1,0
BRDA:3280,415,0,0
BRDA:3280,415,1,0
BRDA:3304,416,0,0
BRDA:3304,416,1,0
BRDA:3350,417,0,0
BRDA:3350,417,1,0
BRDA:3357,418,0,0
BRDA:3357,418,1,0
BRDA:3366,419,0,0
BRDA:3366,419,1,0
BRDA:3373,420,0,0
BRDA:3373,420,1,0
BRDA:3383,421,0,0
BRDA:3383,421,1,0
BRDA:3393,422,0,0
BRDA:3393,422,1,0
BRDA:3396,423,0,0
BRDA:3396,423,1,0
BRDA:3396,424,0,0
BRDA:3396,424,1,0
BRDA:3398,425,0,0
BRDA:3398,425,1,0
BRDA:3406,426,0,0
BRDA:3406,426,1,0
BRDA:3477,427,0,0
BRDA:3477,427,1,0
BRDA:3499,428,0,0
BRDA:3499,428,1,0
BRDA:3500,429,0,0
BRDA:3500,429,1,0
BRDA:3501,430,0,0
BRDA:3501,430,1,0
BRDA:3502,431,0,0
BRDA:3502,431,1,0
BRDA:3515,432,0,0
BRDA:3515,432,1,0
BRDA:3515,433,0,0
BRDA:3515,433,1,0
BRDA:3521,434,0,0
BRDA:3521,434,1,0
BRDA:3534,435,0,0
BRDA:3534,435,1,0
BRDA:3593,436,0,0
BRDA:3593,436,1,0
BRDA:3596,437,0,0
BRDA:3596,437,1,0
BRDA:3609,438,0,0
BRDA:3609,438,1,0
BRDA:3609,439,0,0
BRDA:3609,439,1,0
BRDA:3612,440,0,0
BRDA:3612,440,1,0
BRDA:3612,441,0,0
BRDA:3612,441,1,0
BRDA:3616,442,0,0
BRDA:3616,442,1,0
BRDA:3632,443,0,0
BRDA:3632,443,1,0
BRDA:3633,444,0,0
BRDA:3633,444,1,0
BRDA:3634,445,0,0
BRDA:3634,445,1,0
BRDA:3635,446,0,0
BRDA:3635,446,1,0
BRDA:3636,447,0,0
BRDA:3636,447,1,0
BRDA:3637,448,0,0
BRDA:3637,448,1,0
BRDA:3638,449,0,0
BRDA:3638,449,1,0
BRDA:3641,450,0,0
BRDA:3641,450,1,0
BRDA:3642,451,0,0
BRDA:3642,451,1,0
BRDA:3643,452,0,0
BRDA:3643,452,1,0
BRDA:3644,453,0,0
BRDA:3644,453,1,0
BRDA:3645,454,0,0
BRDA:3645,454,1,0
BRDA:3646,455,0,0
BRDA:3646,455,1,0
BRDA:3647,456,0,0
BRDA:3647,456,1,0
BRDA:3648,457,0,0
BRDA:3648,457,1,0
BRDA:3649,458,0,0
BRDA:3649,458,1,0
BRDA:3667,459,0,0
BRDA:3667,459,1,0
BRDA:3670,460,0,0
BRDA:3670,460,1,0
BRDA:3671,461,0,0
BRDA:3671,461,1,0
BRDA:3672,462,0,0
BRDA:3672,462,1,0
BRDA:3673,463,0,0
BRDA:3673,463,1,0
BRDA:3675,464,0,0
BRDA:3675,464,1,0
BRDA:3676,465,0,0
BRDA:3676,465,1,0
BRDA:3677,466,0,0
BRDA:3677,466,1,0
BRDA:3678,467,0,0
BRDA:3678,467,1,0
BRDA:3679,468,0,0
BRDA:3679,468,1,0
BRDA:3683,469,0,0
BRDA:3683,469,1,0
BRDA:3702,470,0,0
BRDA:3702,470,1,0
BRDA:3719,471,0,0
BRDA:3719,471,1,0
BRDA:3719,472,0,0
BRDA:3719,472,1,0
BRDA:3719,472,2,0
BRDA:3730,473,0,0
BRDA:3730,473,1,0
BRDA:3733,474,0,0
BRDA:3733,474,1,0
BRDA:3734,475,0,0
BRDA:3734,475,1,0
BRDA:3735,476,0,0
BRDA:3735,476,1,0
BRDA:3736,477,0,0
BRDA:3736,477,1,0
BRDA:3745,478,0,0
BRDA:3745,478,1,0
BRDA:3746,479,0,0
BRDA:3746,479,1,0
BRDA:3747,480,0,0
BRDA:3747,480,1,0
BRDA:3748,481,0,0
BRDA:3748,481,1,0
BRDA:3749,482,0,0
BRDA:3749,482,1,0
BRDA:3764,483,0,0
BRDA:3764,483,1,0
BRDA:3794,484,0,0
BRDA:3794,484,1,0
BRDA:3831,485,0,0
BRDA:3831,485,1,0
BRDA:3831,486,0,0
BRDA:3831,486,1,0
BRDA:3843,487,0,0
BRDA:3843,487,1,0
BRDA:3843,488,0,0
BRDA:3843,488,1,0
BRDA:3850,489,0,0
BRDA:3850,489,1,0
BRDA:3856,490,0,0
BRDA:3856,490,1,0
BRDA:3861,491,0,0
BRDA:3861,491,1,0
BRDA:3861,492,0,0
BRDA:3861,492,1,0
BRDA:3863,493,0,0
BRDA:3863,493,1,0
BRDA:3863,493,2,0
BRDA:3874,494,0,0
BRDA:3874,494,1,0
BRDA:3876,495,0,0
BRDA:3876,495,1,0
BRDA:3884,496,0,0
BRDA:3884,496,1,0
BRDA:3901,497,0,0
BRDA:3901,497,1,0
BRDA:3933,498,0,0
BRDA:3933,498,1,0
BRDA:3939,499,0,0
BRDA:3939,499,1,0
BRDA:3949,500,0,0
BRDA:3949,500,1,0
BRDA:3949,501,0,0
BRDA:3949,501,1,0
BRDA:3955,502,0,0
BRDA:3955,502,1,0
BRDA:3977,503,0,0
BRDA:3977,503,1,0
BRDA:3994,504,0,0
BRDA:3994,504,1,0
BRDA:3998,505,0,0
BRDA:3998,505,1,0
BRDA:4030,506,0,0
BRDA:4030,506,1,0
BRDA:4069,507,0,0
BRDA:4069,507,1,0
BRDA:4097,508,0,0
BRDA:4097,508,1,0
BRDA:4151,509,0,0
BRDA:4151,509,1,0
BRDA:4151,510,0,0
BRDA:4151,510,1,0
BRDA:4151,510,2,0
BRDA:4162,511,0,0
BRDA:4162,511,1,0
BRDA:4165,512,0,0
BRDA:4165,512,1,0
BRDA:4169,513,0,0
BRDA:4169,513,1,0
BRDA:4169,514,0,0
BRDA:4169,514,1,0
BRDA:4171,515,0,0
BRDA:4171,515,1,0
BRDA:4171,516,0,0
BRDA:4171,516,1,0
BRDA:4176,517,0,0
BRDA:4176,517,1,0
BRDA:4223,518,0,0
BRDA:4223,518,1,0
BRDA:4227,519,0,0
BRDA:4227,519,1,0
BRDA:4232,520,0,0
BRDA:4232,520,1,0
BRDA:4234,521,0,0
BRDA:4234,521,1,0
BRDA:4236,522,0,0
BRDA:4236,522,1,0
BRDA:4239,523,0,0
BRDA:4239,523,1,0
BRDA:4249,524,0,0
BRDA:4249,524,1,0
BRDA:4255,525,0,0
BRDA:4255,525,1,0
BRDA:4260,526,0,0
BRDA:4260,526,1,0
BRDA:4260,527,0,0
BRDA:4260,527,1,0
BRDA:4262,528,0,0
BRDA:4262,528,1,0
BRDA:4262,529,0,0
BRDA:4262,529,1,0
BRDA:4296,530,0,0
BRDA:4296,530,1,0
BRDA:4296,531,0,0
BRDA:4296,531,1,0
BRDA:4303,532,0,0
BRDA:4303,532,1,0
BRDA:4303,533,0,0
BRDA:4303,533,1,0
BRDA:4333,534,0,0
BRDA:4333,534,1,0
BRDA:4335,535,0,0
BRDA:4335,535,1,0
BRDA:4335,536,0,0
BRDA:4335,536,1,0
BRDA:4347,537,0,0
BRDA:4347,537,1,0
BRDA:4369,538,0,0
BRDA:4369,538,1,0
BRDA:4372,539,0,0
BRDA:4372,539,1,0
BRDA:4386,540,0,0
BRDA:4386,540,1,0
BRDA:4386,540,2,0
BRDA:4388,541,0,0
BRDA:4388,541,1,0
BRDA:4398,542,0,0
BRDA:4398,542,1,0
BRDA:4420,543,0,0
BRDA:4420,543,1,0
BRDA:4430,544,0,0
BRDA:4430,544,1,0
BRDA:4454,545,0,0
BRDA:4454,545,1,0
BRDA:4457,546,0,0
BRDA:4457,546,1,0
BRDA:4462,547,0,0
BRDA:4462,547,1,0
BRDA:4472,548,0,0
BRDA:4472,548,1,0
BRDA:4473,549,0,0
BRDA:4473,549,1,0
BRDA:4473,549,2,0
BRDA:4474,550,0,0
BRDA:4474,550,1,0
BRDA:4474,550,2,0
BRDA:4475,551,0,0
BRDA:4475,551,1,0
BRDA:4476,552,0,0
BRDA:4476,552,1,0
BRDA:4477,553,0,0
BRDA:4477,553,1,0
BRDA:4477,553,2,0
BRDA:4480,554,0,0
BRDA:4480,554,1,0
BRDA:4480,555,0,0
BRDA:4480,555,1,0
BRDA:4482,556,0,0
BRDA:4482,556,1,0
BRDA:4484,557,0,0
BRDA:4484,557,1,0
BRDA:4494,558,0,0
BRDA:4494,558,1,0
BRDA:4494,559,0,0
BRDA:4494,559,1,0
BRDA:4509,560,0,0
BRDA:4509,560,1,0
BRDA:4511,561,0,0
BRDA:4511,561,1,0
BRDA:4516,562,0,0
BRDA:4516,562,1,0
BRDA:4521,563,0,0
BRDA:4521,563,1,0
BRDA:4527,564,0,0
BRDA:4527,564,1,0
BRDA:4531,565,0,0
BRDA:4531,565,1,0
BRDA:4548,566,0,0
BRDA:4548,566,1,0
BRDA:4563,567,0,0
BRDA:4563,567,1,0
BRDA:4577,568,0,0
BRDA:4577,568,1,0
BRDA:4592,569,0,0
BRDA:4592,569,1,0
BRDA:4592,570,0,0
BRDA:4592,570,1,0
BRDA:4621,571,0,0
BRDA:4621,571,1,0
BRDA:4655,572,0,0
BRDA:4655,572,1,0
BRDA:4680,573,0,0
BRDA:4680,573,1,0
BRDA:4680,574,0,0
BRDA:4680,574,1,0
BRDA:4698,575,0,0
BRDA:4698,575,1,0
BRDA:4698,576,0,0
BRDA:4698,576,1,0
BRDA:4700,577,0,0
BRDA:4700,577,1,0
BRDA:4704,578,0,0
BRDA:4704,578,1,0
BRDA:4730,579,0,0
BRDA:4730,579,1,0
BRDA:4752,580,0,0
BRDA:4752,580,1,0
BRDA:4770,581,0,0
BRDA:4770,581,1,0
BRDA:4803,582,0,0
BRDA:4803,582,1,0
BRDA:4830,583,0,0
BRDA:4830,583,1,0
BRDA:4830,584,0,0
BRDA:4830,584,1,0
BRDA:4831,585,0,0
BRDA:4831,585,1,0
BRDA:4831,586,0,0
BRDA:4831,586,1,0
BRDA:4862,587,0,0
BRDA:4862,587,1,0
BRDA:4883,588,0,0
BRDA:4883,588,1,0
BRDA:4886,589,0,0
BRDA:4886,589,1,0
BRDA:4889,590,0,0
BRDA:4889,590,1,0
BRDA:4898,591,0,0
BRDA:4898,591,1,0
BRDA:4923,592,0,0
BRDA:4923,592,1,0
BRDA:4923,592,2,0
BRDA:4925,593,0,0
BRDA:4925,593,1,0
BRDA:4929,594,0,0
BRDA:4929,594,1,0
BRDA:4941,595,0,0
BRDA:4941,595,1,0
BRDA:4988,596,0,0
BRDA:4988,596,1,0
BRDA:5036,597,0,0
BRDA:5036,597,1,0
BRDA:5061,598,0,0
BRDA:5061,598,1,0
BRDA:5076,599,0,0
BRDA:5076,599,1,0
BRDA:5076,600,0,0
BRDA:5076,600,1,0
BRDA:5078,601,0,0
BRDA:5078,601,1,0
BRDA:5078,602,0,0
BRDA:5078,602,1,0
BRDA:5082,603,0,0
BRDA:5082,603,1,0
BRF:1229
BRH:117
end_of_record
TN:
SF:server/storage.ts
FN:262,(anonymous_0)
FN:267,(anonymous_1)
FN:272,(anonymous_2)
FN:277,(anonymous_3)
FN:286,(anonymous_4)
FN:295,(anonymous_5)
FN:304,(anonymous_6)
FN:308,(anonymous_7)
FN:313,(anonymous_8)
FN:318,(anonymous_9)
FN:323,(anonymous_10)
FN:328,(anonymous_11)
FN:332,(anonymous_12)
FN:341,(anonymous_13)
FN:350,(anonymous_14)
FN:355,(anonymous_15)
FN:360,(anonymous_16)
FN:365,(anonymous_17)
FN:368,(anonymous_18)
FN:371,(anonymous_19)
FN:376,(anonymous_20)
FN:378,(anonymous_21)
FN:378,(anonymous_22)
FN:381,(anonymous_23)
FN:385,(anonymous_24)
FN:389,(anonymous_25)
FN:393,(anonymous_26)
FN:397,(anonymous_27)
FN:406,(anonymous_28)
FN:415,(anonymous_29)
FN:428,(anonymous_30)
FN:433,(anonymous_31)
FN:460,(anonymous_32)
FN:469,(anonymous_33)
FN:484,(anonymous_34)
FN:491,(anonymous_35)
FN:505,(anonymous_36)
FN:513,(anonymous_37)
FN:521,(anonymous_38)
FN:529,(anonymous_39)
FN:543,(anonymous_40)
FN:548,(anonymous_41)
FN:556,(anonymous_42)
FN:561,(anonymous_43)
FN:569,(anonymous_44)
FN:578,(anonymous_45)
FN:583,(anonymous_46)
FN:587,(anonymous_47)
FN:592,(anonymous_48)
FN:601,(anonymous_49)
FN:609,(anonymous_50)
FN:618,(anonymous_51)
FN:623,(anonymous_52)
FN:627,(anonymous_53)
FN:631,(anonymous_54)
FN:640,(anonymous_55)
FN:645,(anonymous_56)
FN:650,(anonymous_57)
FN:654,(anonymous_58)
FN:658,(anonymous_59)
FN:666,(anonymous_60)
FN:675,(anonymous_61)
FN:680,(anonymous_62)
FN:689,(anonymous_63)
FN:694,(anonymous_64)
FN:703,(anonymous_65)
FN:710,(anonymous_66)
FN:711,(anonymous_67)
FN:715,(anonymous_68)
FN:720,(anonymous_69)
FN:725,(anonymous_70)
FN:731,(anonymous_71)
FN:736,(anonymous_72)
FN:741,(anonymous_73)
FN:745,(anonymous_74)
FN:750,(anonymous_75)
FN:759,(anonymous_76)
FN:768,(anonymous_77)
FN:773,(anonymous_78)
FN:779,(anonymous_79)
FN:788,(anonymous_80)
FN:793,(anonymous_81)
FN:798,(anonymous_82)
FN:804,(anonymous_83)
FN:813,(anonymous_84)
FN:822,(anonymous_85)
FN:831,(anonymous_86)
FN:842,(anonymous_87)
FN:847,(anonymous_88)
FN:858,(anonymous_89)
FN:863,(anonymous_90)
FN:868,(anonymous_91)
FN:872,(anonymous_92)
FN:876,(anonymous_93)
FN:880,(anonymous_94)
FN:889,(anonymous_95)
FN:894,(anonymous_96)
FN:899,(anonymous_97)
FN:904,(anonymous_98)
FN:909,(anonymous_99)
FN:914,(anonymous_100)
FN:918,(anonymous_101)
FN:922,(anonymous_102)
FN:931,(anonymous_103)
FN:936,(anonymous_104)
FN:940,(anonymous_105)
FN:944,(anonymous_106)
FN:948,(anonymous_107)
FN:953,(anonymous_108)
FN:958,(anonymous_109)
FN:962,(anonymous_110)
FN:971,(anonymous_111)
FN:974,(anonymous_112)
FN:975,(anonymous_113)
FN:976,(anonymous_114)
FN:980,(anonymous_115)
FN:985,(anonymous_116)
FN:990,(anonymous_117)
FN:994,(anonymous_118)
FN:996,(anonymous_119)
FN:1001,(anonymous_120)
FN:1005,(anonymous_121)
FN:1016,(anonymous_122)
FN:1021,(anonymous_123)
FN:1026,(anonymous_124)
FN:1031,(anonymous_125)
FN:1036,(anonymous_126)
FN:1041,(anonymous_127)
FN:1046,(anonymous_128)
FN:1050,(anonymous_129)
FN:1055,(anonymous_130)
FN:1060,(anonymous_131)
FN:1064,(anonymous_132)
FN:1068,(anonymous_133)
FN:1092,(anonymous_134)
FN:1098,(anonymous_135)
FN:1102,(anonymous_136)
FN:1103,(anonymous_137)
FN:1138,(anonymous_138)
FN:1147,(anonymous_139)
FN:1152,(anonymous_140)
FN:1168,(anonymous_141)
FN:1180,(anonymous_142)
FN:1192,(anonymous_143)
FN:1204,(anonymous_144)
FN:1212,(anonymous_145)
FN:1225,(anonymous_146)
FN:1229,(anonymous_147)
FN:1234,(anonymous_148)
FN:1239,(anonymous_149)
FN:1248,(anonymous_150)
FN:1249,(anonymous_151)
FN:1254,(anonymous_152)
FN:1259,(anonymous_153)
FN:1264,(anonymous_154)
FNF:155
FNH:11
FNDA:0,(anonymous_0)
FNDA:18,(anonymous_1)
FNDA:0,(anonymous_2)
FNDA:0,(anonymous_3)
FNDA:0,(anonymous_4)
FNDA:0,(anonymous_5)
FNDA:0,(anonymous_6)
FNDA:0,(anonymous_7)
FNDA:0,(anonymous_8)
FNDA:0,(anonymous_9)
FNDA:0,(anonymous_10)
FNDA:0,(anonymous_11)
FNDA:0,(anonymous_12)
FNDA:0,(anonymous_13)
FNDA:9,(anonymous_14)
FNDA:11,(anonymous_15)
FNDA:0,(anonymous_16)
FNDA:0,(anonymous_17)
FNDA:0,(anonymous_18)
FNDA:0,(anonymous_19)
FNDA:0,(anonymous_20)
FNDA:0,(anonymous_21)
FNDA:0,(anonymous_22)
FNDA:1,(anonymous_23)
FNDA:0,(anonymous_24)
FNDA:0,(anonymous_25)
FNDA:0,(anonymous_26)
FNDA:0,(anonymous_27)
FNDA:10,(anonymous_28)
FNDA:1,(anonymous_29)
FNDA:17,(anonymous_30)
FNDA:0,(anonymous_31)
FNDA:0,(anonymous_32)
FNDA:0,(anonymous_33)
FNDA:0,(anonymous_34)
FNDA:4,(anonymous_35)
FNDA:1,(anonymous_36)
FNDA:0,(anonymous_37)
FNDA:0,(anonymous_38)
FNDA:0,(anonymous_39)
FNDA:0,(anonymous_40)
FNDA:0,(anonymous_41)
FNDA:0,(anonymous_42)
FNDA:0,(anonymous_43)
FNDA:0,(anonymous_44)
FNDA:1,(anonymous_45)
FNDA:0,(anonymous_46)
FNDA:0,(anonymous_47)
FNDA:0,(anonymous_48)
FNDA:0,(anonymous_49)
FNDA:0,(anonymous_50)
FNDA:0,(anonymous_51)
FNDA:0,(anonymous_52)
FNDA:0,(anonymous_53)
FNDA:0,(anonymous_54)
FNDA:0,(anonymous_55)
FNDA:0,(anonymous_56)
FNDA:0,(anonymous_57)
FNDA:0,(anonymous_58)
FNDA:0,(anonymous_59)
FNDA:0,(anonymous_60)
FNDA:0,(anonymous_61)
FNDA:0,(anonymous_62)
FNDA:0,(anonymous_63)
FNDA:0,(anonymous_64)
FNDA:0,(anonymous_65)
FNDA:0,(anonymous_66)
FNDA:0,(anonymous_67)
FNDA:0,(anonymous_68)
FNDA:0,(anonymous_69)
FNDA:0,(anonymous_70)
FNDA:0,(anonymous_71)
FNDA:1,(anonymous_72)
FNDA:0,(anonymous_73)
FNDA:0,(anonymous_74)
FNDA:0,(anonymous_75)
FNDA:0,(anonymous_76)
FNDA:0,(anonymous_77)
FNDA:0,(anonymous_78)
FNDA:0,(anonymous_79)
FNDA:0,(anonymous_80)
FNDA:0,(anonymous_81)
FNDA:0,(anonymous_82)
FNDA:0,(anonymous_83)
FNDA:0,(anonymous_84)
FNDA:0,(anonymous_85)
FNDA:0,(anonymous_86)
FNDA:0,(anonymous_87)
FNDA:0,(anonymous_88)
FNDA:0,(anonymous_89)
FNDA:0,(anonymous_90)
FNDA:0,(anonymous_91)
FNDA:0,(anonymous_92)
FNDA:0,(anonymous_93)
FNDA:0,(anonymous_94)
FNDA:0,(anonymous_95)
FNDA:0,(anonymous_96)
FNDA:0,(anonymous_97)
FNDA:0,(anonymous_98)
FNDA:0,(anonymous_99)
FNDA:0,(anonymous_100)
FNDA:0,(anonymous_101)
FNDA:0,(anonymous_102)
FNDA:0,(anonymous_103)
FNDA:0,(anonymous_104)
FNDA:0,(anonymous_105)
FNDA:0,(anonymous_106)
FNDA:0,(anonymous_107)
FNDA:0,(anonymous_108)
FNDA:0,(anonymous_109)
FNDA:0,(anonymous_110)
FNDA:0,(anonymous_111)
FNDA:0,(anonymous_112)
FNDA:0,(anonymous_113)
FNDA:0,(anonymous_114)
FNDA:0,(anonymous_115)
FNDA:0,(anonymous_116)
FNDA:0,(anonymous_117)
FNDA:0,(anonymous_118)
FNDA:0,(anonymous_119)
FNDA:0,(anonymous_120)
FNDA:0,(anonymous_121)
FNDA:0,(anonymous_122)
FNDA:0,(anonymous_123)
FNDA:0,(anonymous_124)
FNDA:0,(anonymous_125)
FNDA:0,(anonymous_126)
FNDA:0,(anonymous_127)
FNDA:0,(anonymous_128)
FNDA:0,(anonymous_129)
FNDA:0,(anonymous_130)
FNDA:0,(anonymous_131)
FNDA:0,(anonymous_132)
FNDA:0,(anonymous_133)
FNDA:0,(anonymous_134)
FNDA:0,(anonymous_135)
FNDA:0,(anonymous_136)
FNDA:0,(anonymous_137)
FNDA:0,(anonymous_138)
FNDA:0,(anonymous_139)
FNDA:0,(anonymous_140)
FNDA:0,(anonymous_141)
FNDA:0,(anonymous_142)
FNDA:0,(anonymous_143)
FNDA:0,(anonymous_144)
FNDA:0,(anonymous_145)
FNDA:0,(anonymous_146)
FNDA:0,(anonymous_147)
FNDA:0,(anonymous_148)
FNDA:0,(anonymous_149)
FNDA:0,(anonymous_150)
FNDA:0,(anonymous_151)
FNDA:0,(anonymous_152)
FNDA:0,(anonymous_153)
FNDA:0,(anonymous_154)
DA:263,0
DA:264,0
DA:268,18
DA:269,18
DA:273,0
DA:274,0
DA:278,0
DA:283,0
DA:287,0
DA:292,0
DA:296,0
DA:301,0
DA:305,0
DA:309,0
DA:310,0
DA:314,0
DA:315,0
DA:319,0
DA:320,0
DA:324,0
DA:325,0
DA:329,0
DA:333,0
DA:338,0
DA:342,0
DA:347,0
DA:351,9
DA:352,9
DA:356,11
DA:357,11
DA:361,0
DA:362,0
DA:367,0
DA:368,0
DA:372,0
DA:373,0
DA:377,0
DA:378,0
DA:382,1
DA:386,0
DA:390,0
DA:394,0
DA:398,0
DA:403,0
DA:407,10
DA:412,10
DA:417,1
DA:418,1
DA:419,1
DA:420,1
DA:421,1
DA:424,1
DA:425,1
DA:429,17
DA:430,17
DA:434,0
DA:437,0
DA:438,0
DA:439,0
DA:440,0
DA:444,0
DA:445,0
DA:450,0
DA:452,0
DA:456,0
DA:461,0
DA:462,0
DA:466,0
DA:470,0
DA:481,0
DA:485,0
DA:492,4
DA:502,4
DA:506,1
DA:514,0
DA:518,0
DA:522,0
DA:535,0
DA:540,0
DA:544,0
DA:545,0
DA:549,0
DA:557,0
DA:558,0
DA:562,0
DA:570,0
DA:575,0
DA:579,1
DA:580,1
DA:584,0
DA:588,0
DA:589,0
DA:593,0
DA:598,0
DA:602,0
DA:610,0
DA:611,0
DA:612,0
DA:613,0
DA:615,0
DA:619,0
DA:620,0
DA:624,0
DA:628,0
DA:632,0
DA:637,0
DA:641,0
DA:642,0
DA:646,0
DA:647,0
DA:651,0
DA:655,0
DA:659,0
DA:667,0
DA:672,0
DA:676,0
DA:677,0
DA:681,0
DA:686,0
DA:690,0
DA:691,0
DA:695,0
DA:704,0
DA:705,0
DA:706,0
DA:707,0
DA:709,0
DA:710,0
DA:711,0
DA:716,0
DA:717,0
DA:721,0
DA:722,0
DA:726,0
DA:732,0
DA:733,0
DA:737,1
DA:738,1
DA:742,0
DA:746,0
DA:747,0
DA:751,0
DA:756,0
DA:760,0
DA:765,0
DA:769,0
DA:770,0
DA:774,0
DA:780,0
DA:785,0
DA:789,0
DA:790,0
DA:794,0
DA:795,0
DA:799,0
DA:805,0
DA:810,0
DA:814,0
DA:819,0
DA:823,0
DA:828,0
DA:832,0
DA:833,0
DA:834,0
DA:835,0
DA:836,0
DA:838,0
DA:839,0
DA:843,0
DA:844,0
DA:848,0
DA:849,0
DA:850,0
DA:851,0
DA:852,0
DA:854,0
DA:855,0
DA:859,0
DA:860,0
DA:864,0
DA:865,0
DA:869,0
DA:873,0
DA:877,0
DA:881,0
DA:886,0
DA:890,0
DA:891,0
DA:895,0
DA:896,0
DA:900,0
DA:901,0
DA:905,0
DA:906,0
DA:910,0
DA:911,0
DA:915,0
DA:919,0
DA:923,0
DA:928,0
DA:932,0
DA:933,0
DA:937,0
DA:941,0
DA:945,0
DA:949,0
DA:950,0
DA:954,0
DA:955,0
DA:959,0
DA:963,0
DA:968,0
DA:972,0
DA:973,0
DA:974,0
DA:975,0
DA:976,0
DA:981,0
DA:982,0
DA:986,0
DA:987,0
DA:991,0
DA:995,0
DA:996,0
DA:997,0
DA:1002,0
DA:1003,0
DA:1005,0
DA:1006,0
DA:1007,0
DA:1008,0
DA:1009,0
DA:1010,0
DA:1011,0
DA:1017,0
DA:1018,0
DA:1022,0
DA:1023,0
DA:1027,0
DA:1028,0
DA:1032,0
DA:1033,0
DA:1037,0
DA:1038,0
DA:1042,0
DA:1043,0
DA:1047,0
DA:1051,0
DA:1056,0
DA:1057,0
DA:1061,0
DA:1065,0
DA:1069,0
DA:1071,0
DA:1073,0
DA:1074,0
DA:1075,0
DA:1076,0
DA:1083,0
DA:1084,0
DA:1085,0
DA:1089,0
DA:1093,0
DA:1099,0
DA:1100,0
DA:1102,0
DA:1103,0
DA:1105,0
DA:1114,0
DA:1115,0
DA:1116,0
DA:1117,0
DA:1118,0
DA:1128,0
DA:1129,0
DA:1130,0
DA:1131,0
DA:1136,0
DA:1137,0
DA:1138,0
DA:1139,0
DA:1143,0
DA:1148,0
DA:1149,0
DA:1153,0
DA:1154,0
DA:1155,0
DA:1159,0
DA:1161,0
DA:1164,0
DA:1169,0
DA:1170,0
DA:1171,0
DA:1175,0
DA:1181,0
DA:1182,0
DA:1183,0
DA:1187,0
DA:1193,0
DA:1194,0
DA:1195,0
DA:1199,0
DA:1205,0
DA:1213,0
DA:1216,0
DA:1217,0
DA:1218,0
DA:1220,0
DA:1221,0
DA:1226,0
DA:1230,0
DA:1231,0
DA:1235,0
DA:1236,0
DA:1240,0
DA:1241,0
DA:1243,0
DA:1244,0
DA:1247,0
DA:1248,0
DA:1249,0
DA:1255,0
DA:1256,0
DA:1260,0
DA:1261,0
DA:1265,0
DA:1269,8
LF:327
LH:26
BRDA:264,0,0,0
BRDA:264,0,1,0
BRDA:269,1,0,18
BRDA:269,1,1,0
BRDA:283,2,0,0
BRDA:283,2,1,0
BRDA:292,3,0,0
BRDA:292,3,1,0
BRDA:301,4,0,0
BRDA:301,4,1,0
BRDA:325,5,0,0
BRDA:325,5,1,0
BRDA:338,6,0,0
BRDA:338,6,1,0
BRDA:347,7,0,0
BRDA:347,7,1,0
BRDA:357,8,0,11
BRDA:357,8,1,1
BRDA:362,9,0,0
BRDA:362,9,1,0
BRDA:368,10,0,0
BRDA:368,10,1,0
BRDA:373,11,0,0
BRDA:373,11,1,0
BRDA:403,12,0,0
BRDA:403,12,1,0
BRDA:412,13,0,10
BRDA:412,13,1,0
BRDA:425,14,0,1
BRDA:425,14,1,0
BRDA:430,15,0,17
BRDA:430,15,1,0
BRDA:439,16,0,0
BRDA:439,16,1,0
BRDA:444,17,0,0
BRDA:444,17,1,0
BRDA:481,18,0,0
BRDA:481,18,1,0
BRDA:540,19,0,0
BRDA:540,19,1,0
BRDA:575,20,0,0
BRDA:575,20,1,0
BRDA:589,21,0,0
BRDA:589,21,1,0
BRDA:598,22,0,0
BRDA:598,22,1,0
BRDA:613,23,0,0
BRDA:613,23,1,0
BRDA:637,24,0,0
BRDA:637,24,1,0
BRDA:672,25,0,0
BRDA:672,25,1,0
BRDA:683,26,0,0
BRDA:683,26,1,0
BRDA:684,27,0,0
BRDA:684,27,1,0
BRDA:703,28,0,0
BRDA:707,29,0,0
BRDA:707,29,1,0
BRDA:747,30,0,0
BRDA:747,30,1,0
BRDA:756,31,0,0
BRDA:756,31,1,0
BRDA:765,32,0,0
BRDA:765,32,1,0
BRDA:785,33,0,0
BRDA:785,33,1,0
BRDA:810,34,0,0
BRDA:810,34,1,0
BRDA:819,35,0,0
BRDA:819,35,1,0
BRDA:828,36,0,0
BRDA:828,36,1,0
BRDA:886,37,0,0
BRDA:886,37,1,0
BRDA:906,38,0,0
BRDA:906,38,1,0
BRDA:911,39,0,0
BRDA:911,39,1,0
BRDA:928,40,0,0
BRDA:928,40,1,0
BRDA:968,41,0,0
BRDA:968,41,1,0
BRDA:987,42,0,0
BRDA:987,42,1,0
BRDA:997,43,0,0
BRDA:997,43,1,0
BRDA:997,43,2,0
BRDA:1003,44,0,0
BRDA:1003,44,1,0
BRDA:1006,45,0,0
BRDA:1006,45,1,0
BRDA:1006,45,2,0
BRDA:1006,45,3,0
BRDA:1006,45,4,0
BRDA:1023,46,0,0
BRDA:1023,46,1,0
BRDA:1043,47,0,0
BRDA:1043,47,1,0
BRDA:1075,48,0,0
BRDA:1075,48,1,0
BRDA:1077,49,0,0
BRDA:1077,49,1,0
BRDA:1080,50,0,0
BRDA:1080,50,1,0
BRDA:1083,51,0,0
BRDA:1083,51,1,0
BRDA:1083,52,0,0
BRDA:1083,52,1,0
BRDA:1116,53,0,0
BRDA:1116,53,1,0
BRDA:1117,54,0,0
BRDA:1117,54,1,0
BRDA:1119,55,0,0
BRDA:1119,55,1,0
BRDA:1120,56,0,0
BRDA:1120,56,1,0
BRDA:1122,57,0,0
BRDA:1122,57,1,0
BRDA:1130,58,0,0
BRDA:1130,58,1,0
BRDA:1130,59,0,0
BRDA:1130,59,1,0
BRDA:1139,60,0,0
BRDA:1139,60,1,0
BRDA:1139,61,0,0
BRDA:1139,61,1,0
BRDA:1149,62,0,0
BRDA:1149,62,1,0
BRDA:1154,63,0,0
BRDA:1154,63,1,0
BRDA:1170,64,0,0
BRDA:1170,64,1,0
BRDA:1182,65,0,0
BRDA:1182,65,1,0
BRDA:1194,66,0,0
BRDA:1194,66,1,0
BRDA:1204,67,0,0
BRDA:1216,68,0,0
BRDA:1216,68,1,0
BRDA:1239,69,0,0
BRDA:1244,70,0,0
BRDA:1244,70,1,0
BRDA:1261,71,0,0
BRDA:1261,71,1,0
BRDA:1264,72,0,0
BRF:146
BRH:6
end_of_record
TN:
SF:server/middleware/requestId.ts
FN:12,requestIdMiddleware
FN:19,logRequest
FN:22,(anonymous_2)
FN:44,structuredLog
FNF:4
FNH:1
FNDA:83,requestIdMiddleware
FNDA:0,logRequest
FNDA:0,(anonymous_2)
FNDA:0,structuredLog
DA:13,83
DA:14,83
DA:15,83
DA:16,83
DA:20,0
DA:22,0
DA:23,0
DA:24,0
DA:34,0
DA:35,0
DA:36,0
DA:37,0
DA:41,0
DA:49,0
DA:56,0
DA:58,0
DA:59,0
DA:61,0
DA:62,0
DA:64,0
LF:20
LH:4
BRDA:13,0,0,83
BRDA:13,0,1,83
BRDA:31,1,0,0
BRDA:31,1,1,0
BRDA:34,2,0,0
BRDA:34,2,1,0
BRDA:36,3,0,0
BRDA:36,3,1,0
BRDA:56,4,0,0
BRDA:56,4,1,0
BRDA:56,4,2,0
BRF:11
BRH:2
end_of_record
TN:
SF:server/middleware/validate.ts
FN:5,validateBody
FN:6,(anonymous_1)
FN:22,validateParams
FN:23,(anonymous_3)
FN:39,validateQuery
FN:40,(anonymous_5)
FNF:6
FNH:4
FNDA:88,validateBody
FNDA:70,(anonymous_1)
FNDA:32,validateParams
FNDA:5,(anonymous_3)
FNDA:0,validateQuery
FNDA:0,(anonymous_5)
DA:6,88
DA:7,70
DA:8,70
DA:9,33
DA:17,37
DA:18,37
DA:23,32
DA:24,5
DA:25,5
DA:26,0
DA:34,5
DA:35,5
DA:40,0
DA:41,0
DA:42,0
DA:43,0
DA:51,0
DA:52,0
LF:18
LH:11
BRDA:8,0,0,33
BRDA:8,0,1,37
BRDA:25,1,0,0
BRDA:25,1,1,5
BRDA:42,2,0,0
BRDA:42,2,1,0
BRF:6
BRH:3
end_of_record
TN:
SF:server/replit_integrations/object_storage/index.ts
FNF:0
FNH:0
LF:0
LH:0
BRF:0
BRH:0
end_of_record
TN:
SF:server/replit_integrations/object_storage/objectAcl.ts
FN:15,(anonymous_0)
FN:38,(anonymous_1)
FN:59,isPermissionAllowed
FN:76,(anonymous_3)
FN:85,createObjectAccessGroup
FN:106,setObjectAclPolicy
FN:123,getObjectAclPolicy
FN:135,canAccessObject
FNF:8
FNH:2
FNDA:8,(anonymous_0)
FNDA:8,(anonymous_1)
FNDA:0,isPermissionAllowed
FNDA:0,(anonymous_3)
FNDA:0,createObjectAccessGroup
FNDA:0,setObjectAclPolicy
FNDA:0,getObjectAclPolicy
FNDA:0,canAccessObject
DA:3,8
DA:15,8
DA:38,8
DA:39,8
DA:40,8
DA:64,0
DA:65,0
DA:69,0
DA:77,0
DA:78,0
DA:88,0
DA:101,0
DA:110,0
DA:111,0
DA:112,0
DA:115,0
DA:126,0
DA:127,0
DA:128,0
DA:129,0
DA:131,0
DA:145,0
DA:146,0
DA:147,0
DA:151,0
DA:155,0
DA:159,0
DA:160,0
DA:164,0
DA:165,0
DA:169,0
DA:170,0
DA:171,0
DA:175,0
DA:179,0
LF:35
LH:5
BRDA:15,0,0,8
BRDA:15,0,1,8
BRDA:38,1,0,8
BRDA:38,1,1,8
BRDA:64,2,0,0
BRDA:64,2,1,0
BRDA:88,3,0,0
BRDA:111,4,0,0
BRDA:111,4,1,0
BRDA:128,5,0,0
BRDA:128,5,1,0
BRDA:146,6,0,0
BRDA:146,6,1,0
BRDA:151,7,0,0
BRDA:151,7,1,0
BRDA:152,8,0,0
BRDA:152,8,1,0
BRDA:159,9,0,0
BRDA:159,9,1,0
BRDA:164,10,0,0
BRDA:164,10,1,0
BRDA:169,11,0,0
BRDA:169,11,1,0
BRDA:171,12,0,0
BRDA:171,12,1,0
BRDA:172,13,0,0
BRDA:172,13,1,0
BRF:27
BRH:4
end_of_record
TN:
SF:server/replit_integrations/object_storage/objectStorage.ts
FN:34,(anonymous_0)
FN:43,(anonymous_1)
FN:46,(anonymous_2)
FN:52,(anonymous_3)
FN:53,(anonymous_4)
FN:66,(anonymous_5)
FN:78,(anonymous_6)
FN:103,(anonymous_7)
FN:122,(anonymous_8)
FN:139,(anonymous_9)
FN:168,(anonymous_10)
FN:203,(anonymous_11)
FN:229,(anonymous_12)
FN:244,(anonymous_13)
FN:261,parseObjectPath
FN:282,signObjectURL
FNF:16
FNH:1
FNDA:0,(anonymous_0)
FNDA:8,(anonymous_1)
FNDA:0,(anonymous_2)
FNDA:0,(anonymous_3)
FNDA:0,(anonymous_4)
FNDA:0,(anonymous_5)
FNDA:0,(anonymous_6)
FNDA:0,(anonymous_7)
FNDA:0,(anonymous_8)
FNDA:0,(anonymous_9)
FNDA:0,(anonymous_10)
FNDA:0,(anonymous_11)
FNDA:0,(anonymous_12)
FNDA:0,(anonymous_13)
FNDA:0,parseObjectPath
FNDA:0,signObjectURL
DA:12,8
DA:15,8
DA:35,0
DA:36,0
DA:37,0
DA:47,0
DA:48,0
DA:52,0
DA:53,0
DA:56,0
DA:57,0
DA:62,0
DA:67,0
DA:68,0
DA:69,0
DA:74,0
DA:79,0
DA:80,0
DA:82,0
DA:84,0
DA:85,0
DA:86,0
DA:89,0
DA:90,0
DA:91,0
DA:94,0
DA:95,0
DA:99,0
DA:104,0
DA:106,0
DA:108,0
DA:109,0
DA:111,0
DA:120,0
DA:122,0
DA:123,0
DA:124,0
DA:125,0
DA:129,0
DA:131,0
DA:132,0
DA:133,0
DA:140,0
DA:141,0
DA:142,0
DA:148,0
DA:149,0
DA:151,0
DA:152,0
DA:155,0
DA:162,0
DA:163,0
DA:169,0
DA:170,0
DA:173,0
DA:174,0
DA:175,0
DA:178,0
DA:179,0
DA:180,0
DA:181,0
DA:183,0
DA:185,0
DA:186,0
DA:187,0
DA:188,0
DA:189,0
DA:190,0
DA:191,0
DA:193,0
DA:195,0
DA:196,0
DA:198,0
DA:199,0
DA:206,0
DA:207,0
DA:211,0
DA:212,0
DA:214,0
DA:215,0
DA:216,0
DA:219,0
DA:220,0
DA:224,0
DA:225,0
DA:233,0
DA:234,0
DA:235,0
DA:238,0
DA:239,0
DA:240,0
DA:253,0
DA:265,0
DA:266,0
DA:268,0
DA:269,0
DA:270,0
DA:273,0
DA:274,0
DA:276,0
DA:293,0
DA:299,0
DA:309,0
DA:310,0
DA:316,0
DA:317,0
LF:106
LH:2
BRDA:47,0,0,0
BRDA:47,0,1,0
BRDA:56,1,0,0
BRDA:56,1,1,0
BRDA:67,2,0,0
BRDA:67,2,1,0
BRDA:68,3,0,0
BRDA:68,3,1,0
BRDA:90,4,0,0
BRDA:90,4,1,0
BRDA:103,5,0,0
BRDA:112,6,0,0
BRDA:112,6,1,0
BRDA:115,7,0,0
BRDA:115,7,1,0
BRDA:124,8,0,0
BRDA:124,8,1,0
BRDA:132,9,0,0
BRDA:132,9,1,0
BRDA:141,10,0,0
BRDA:141,10,1,0
BRDA:169,11,0,0
BRDA:169,11,1,0
BRDA:174,12,0,0
BRDA:174,12,1,0
BRDA:180,13,0,0
BRDA:180,13,1,0
BRDA:190,14,0,0
BRDA:190,14,1,0
BRDA:195,15,0,0
BRDA:195,15,1,0
BRDA:206,16,0,0
BRDA:206,16,1,0
BRDA:215,17,0,0
BRDA:215,17,1,0
BRDA:219,18,0,0
BRDA:219,18,1,0
BRDA:234,19,0,0
BRDA:234,19,1,0
BRDA:256,20,0,0
BRDA:256,20,1,0
BRDA:265,21,0,0
BRDA:265,21,1,0
BRDA:269,22,0,0
BRDA:269,22,1,0
BRDA:309,23,0,0
BRDA:309,23,1,0
BRF:47
BRH:0
end_of_record
TN:
SF:server/replit_integrations/object_storage/routes.ts
FN:16,registerObjectStorageRoutes
FN:38,(anonymous_1)
FN:73,(anonymous_2)
FNF:3
FNH:1
FNDA:8,registerObjectStorageRoutes
FNDA:0,(anonymous_1)
FNDA:0,(anonymous_2)
DA:17,8
DA:38,8
DA:39,0
DA:40,0
DA:42,0
DA:43,0
DA:48,0
DA:51,0
DA:53,0
DA:60,0
DA:61,0
DA:73,8
DA:74,0
DA:75,0
DA:76,0
DA:78,0
DA:79,0
DA:80,0
DA:82,0
LF:19
LH:3
BRDA:42,0,0,0
BRDA:42,0,1,0
BRDA:79,1,0,0
BRDA:79,1,1,0
BRF:4
BRH:0
end_of_record
TN:
SF:shared/schema.ts
FN:103,(anonymous_0)
FN:119,slugify
FN:130,matchSlug
FN:134,generateVehicleSlug
FN:149,(anonymous_4)
FN:152,getCanonicalVehicleUrl
FN:156,generateVehicleSlugLegacy
FN:173,extractIdFromSlug
FN:190,extractStockFromSlug
FN:332,(anonymous_9)
FN:342,(anonymous_10)
FN:344,(anonymous_11)
FN:358,(anonymous_12)
FN:378,(anonymous_13)
FN:396,(anonymous_14)
FN:475,(anonymous_15)
FN:485,(anonymous_16)
FN:509,(anonymous_17)
FN:514,(anonymous_18)
FN:568,(anonymous_19)
FN:589,(anonymous_20)
FN:608,(anonymous_21)
FN:669,(anonymous_22)
FN:753,(anonymous_23)
FN:791,(anonymous_24)
FNF:25
FNH:3
FNDA:0,(anonymous_0)
FNDA:45,slugify
FNDA:0,matchSlug
FNDA:9,generateVehicleSlug
FNDA:45,(anonymous_4)
FNDA:0,getCanonicalVehicleUrl
FNDA:0,generateVehicleSlugLegacy
FNDA:0,extractIdFromSlug
FNDA:0,extractStockFromSlug
FNDA:0,(anonymous_9)
FNDA:0,(anonymous_10)
FNDA:0,(anonymous_11)
FNDA:0,(anonymous_12)
FNDA:0,(anonymous_13)
FNDA:0,(anonymous_14)
FNDA:0,(anonymous_15)
FNDA:0,(anonymous_16)
FNDA:0,(anonymous_17)
FNDA:0,(anonymous_18)
FNDA:0,(anonymous_19)
FNDA:0,(anonymous_20)
FNDA:0,(anonymous_21)
FNDA:0,(anonymous_22)
FNDA:0,(anonymous_23)
FNDA:0,(anonymous_24)
DA:6,8
DA:15,8
DA:26,8
DA:67,8
DA:80,8
DA:103,0
DA:120,45
DA:131,0
DA:135,9
DA:137,9
DA:139,9
DA:140,9
DA:142,9
DA:143,0
DA:145,9
DA:146,9
DA:149,45
DA:153,0
DA:157,0
DA:162,0
DA:163,0
DA:166,0
DA:167,0
DA:168,0
DA:170,0
DA:175,0
DA:176,0
DA:177,0
DA:180,0
DA:181,0
DA:182,0
DA:185,0
DA:186,0
DA:187,0
DA:191,0
DA:192,0
DA:193,0
DA:196,8
DA:209,8
DA:310,8
DA:318,8
DA:330,8
DA:332,0
DA:340,8
DA:342,0
DA:344,0
DA:348,8
DA:356,8
DA:358,0
DA:366,8
DA:375,8
DA:378,0
DA:396,0
DA:403,8
DA:413,8
DA:435,8
DA:444,8
DA:463,8
DA:473,8
DA:475,0
DA:483,8
DA:485,0
DA:497,8
DA:507,8
DA:509,0
DA:514,0
DA:518,8
DA:526,8
DA:568,0
DA:573,8
DA:584,8
DA:589,0
DA:593,8
DA:601,8
DA:608,0
DA:612,8
DA:620,8
DA:623,8
DA:639,8
DA:647,8
DA:659,8
DA:667,8
DA:669,0
DA:679,8
DA:687,8
DA:690,8
DA:693,8
DA:696,8
DA:713,8
DA:716,8
DA:725,8
DA:740,8
DA:751,8
DA:753,0
DA:765,8
DA:774,8
DA:783,8
DA:789,8
DA:791,0
DA:796,8
DA:805,8
DA:814,8
DA:834,8
DA:841,8
DA:846,8
DA:853,8
DA:870,8
DA:886,8
DA:908,8
DA:915,8
DA:921,8
LF:111
LH:72
BRDA:140,0,0,9
BRDA:140,0,1,0
BRDA:142,1,0,0
BRDA:142,1,1,9
BRDA:145,2,0,9
BRDA:145,2,1,0
BRDA:156,3,0,0
BRDA:162,4,0,0
BRDA:162,4,1,0
BRDA:177,5,0,0
BRDA:177,5,1,0
BRDA:182,6,0,0
BRDA:182,6,1,0
BRDA:187,7,0,0
BRDA:187,7,1,0
BRDA:193,8,0,0
BRDA:193,8,1,0
BRF:17
BRH:3
end_of_record
TN:
SF:shared/schemas/appointment.ts
FNF:0
FNH:0
DA:3,8
LF:1
LH:1
BRF:0
BRH:0
end_of_record
TN:
SF:shared/schemas/auth.ts
FNF:0
FNH:0
DA:3,8
LF:1
LH:1
BRF:0
BRH:0
end_of_record
TN:
SF:shared/schemas/consignment.ts
FNF:0
FNH:0
DA:3,8
DA:28,8
LF:2
LH:2
BRF:0
BRH:0
end_of_record
TN:
SF:shared/schemas/creditapp.ts
FNF:0
FNH:0
DA:3,8
LF:1
LH:1
BRF:0
BRH:0
end_of_record
TN:
SF:shared/schemas/index.ts
FNF:0
FNH:0
LF:0
LH:0
BRF:0
BRH:0
end_of_record
TN:
SF:shared/schemas/inquiry.ts
FNF:0
FNH:0
DA:3,8
LF:1
LH:1
BRF:0
BRH:0
end_of_record
TN:
SF:shared/schemas/inventory.ts
FNF:0
FNH:0
DA:3,8
DA:23,8
LF:2
LH:2
BRF:0
BRH:0
end_of_record
TN:
SF:shared/schemas/params.ts
FNF:0
FNH:0
DA:3,8
LF:1
LH:1
BRF:0
BRH:0
end_of_record
TN:
SF:shared/schemas/seller.ts
FNF:0
FNH:0
DA:3,8
DA:7,8
LF:2
LH:2
BRF:0
BRH:0
end_of_record
TN:
SF:shared/schemas/tradein.ts
FNF:0
FNH:0
DA:3,8
LF:1
LH:1
BRF:0
BRH:0
end_of_record
TN:
SF:shared/utils/formatZodError.ts
FN:8,formatZodError
FN:9,(anonymous_1)
FNF:2
FNH:2
FNDA:33,formatZodError
FNDA:85,(anonymous_1)
DA:9,85
LF:1
LH:1
BRDA:10,0,0,85
BRDA:10,0,1,10
BRF:2
BRH:2
end_of_record
